iter.000045/01.model_devi/task.049.000185 860
iter.000045/01.model_devi/task.049.000185 830
iter.000045/01.model_devi/task.049.000373 270
iter.000045/01.model_devi/task.049.000322 930
iter.000045/01.model_devi/task.049.000322 800
iter.000045/01.model_devi/task.049.000185 690
iter.000045/01.model_devi/task.049.000183 760
iter.000045/01.model_devi/task.049.000314 320
iter.000045/01.model_devi/task.049.000322 1000
iter.000045/01.model_devi/task.049.000322 980
iter.000045/01.model_devi/task.049.000322 950
iter.000045/01.model_devi/task.049.000322 830
iter.000045/01.model_devi/task.049.000322 850
iter.000045/01.model_devi/task.049.000339 360
iter.000045/01.model_devi/task.049.000094 180
iter.000045/01.model_devi/task.049.000245 710
iter.000045/01.model_devi/task.049.000322 810
iter.000045/01.model_devi/task.049.000185 880
iter.000045/01.model_devi/task.049.000124 330
iter.000045/01.model_devi/task.049.000377 850
iter.000045/01.model_devi/task.049.000256 890
iter.000045/01.model_devi/task.049.000246 990
iter.000045/01.model_devi/task.049.000048 710
iter.000045/01.model_devi/task.049.000185 840
iter.000045/01.model_devi/task.049.000021 90
iter.000045/01.model_devi/task.049.000359 620
iter.000045/01.model_devi/task.049.000185 710
iter.000045/01.model_devi/task.049.000185 700
iter.000045/01.model_devi/task.049.000322 940
iter.000045/01.model_devi/task.049.000322 820
iter.000045/01.model_devi/task.049.000185 850
iter.000045/01.model_devi/task.049.000322 970
iter.000045/01.model_devi/task.049.000185 720
iter.000045/01.model_devi/task.049.000322 860
iter.000045/01.model_devi/task.049.000364 770
iter.000045/01.model_devi/task.049.000322 840
iter.000045/01.model_devi/task.049.000322 990
iter.000045/01.model_devi/task.049.000322 890
iter.000045/01.model_devi/task.049.000322 900
iter.000045/01.model_devi/task.049.000185 870
iter.000045/01.model_devi/task.049.000304 300
