iter.000045/01.model_devi/task.057.000096 860
iter.000045/01.model_devi/task.057.000319 510
iter.000045/01.model_devi/task.057.000013 790
iter.000045/01.model_devi/task.057.000307 540
iter.000045/01.model_devi/task.057.000257 940
iter.000045/01.model_devi/task.057.000189 420
iter.000045/01.model_devi/task.057.000124 320
iter.000045/01.model_devi/task.057.000006 170
iter.000045/01.model_devi/task.057.000303 760
iter.000045/01.model_devi/task.057.000156 990
iter.000045/01.model_devi/task.057.000193 930
iter.000045/01.model_devi/task.057.000358 920
iter.000045/01.model_devi/task.057.000354 460
iter.000045/01.model_devi/task.057.000064 560
iter.000045/01.model_devi/task.057.000382 150
iter.000045/01.model_devi/task.057.000022 810
iter.000045/01.model_devi/task.057.000155 360
iter.000045/01.model_devi/task.057.000303 770
iter.000045/01.model_devi/task.057.000133 520
iter.000045/01.model_devi/task.057.000239 840
iter.000045/01.model_devi/task.057.000126 310
iter.000045/01.model_devi/task.057.000297 390
iter.000045/01.model_devi/task.057.000177 840
