iter.000045/01.model_devi/task.033.000364 270
iter.000045/01.model_devi/task.033.000374 600
iter.000045/01.model_devi/task.033.000045 350
iter.000045/01.model_devi/task.033.000383 410
iter.000045/01.model_devi/task.033.000281 770
iter.000045/01.model_devi/task.033.000378 160
iter.000045/01.model_devi/task.033.000194 670
iter.000045/01.model_devi/task.033.000383 430
iter.000045/01.model_devi/task.033.000323 140
iter.000045/01.model_devi/task.033.000375 610
iter.000045/01.model_devi/task.033.000375 590
iter.000045/01.model_devi/task.033.000318 250
iter.000045/01.model_devi/task.033.000383 480
iter.000045/01.model_devi/task.033.000077 140
iter.000045/01.model_devi/task.033.000313 340
iter.000045/01.model_devi/task.033.000383 420
iter.000045/01.model_devi/task.033.000224 950
iter.000045/01.model_devi/task.033.000193 270
iter.000045/01.model_devi/task.033.000324 550
iter.000045/01.model_devi/task.033.000383 590
iter.000045/01.model_devi/task.033.000254 980
iter.000045/01.model_devi/task.033.000375 600
iter.000045/01.model_devi/task.033.000061 500
iter.000045/01.model_devi/task.033.000383 400
iter.000045/01.model_devi/task.033.000297 760
iter.000045/01.model_devi/task.033.000375 580
iter.000045/01.model_devi/task.033.000001 270
iter.000045/01.model_devi/task.033.000303 430
iter.000045/01.model_devi/task.033.000315 90
