iter.000045/01.model_devi/task.041.000324 380
iter.000045/01.model_devi/task.041.000191 930
iter.000045/01.model_devi/task.041.000281 650
iter.000045/01.model_devi/task.041.000170 560
iter.000045/01.model_devi/task.041.000194 430
iter.000045/01.model_devi/task.041.000323 400
iter.000045/01.model_devi/task.041.000354 1000
iter.000045/01.model_devi/task.041.000224 290
iter.000045/01.model_devi/task.041.000095 100
iter.000045/01.model_devi/task.041.000337 660
iter.000045/01.model_devi/task.041.000389 290
iter.000045/01.model_devi/task.041.000223 940
iter.000045/01.model_devi/task.041.000183 290
iter.000045/01.model_devi/task.041.000258 910
iter.000045/01.model_devi/task.041.000040 310
iter.000045/01.model_devi/task.041.000378 900
iter.000045/01.model_devi/task.041.000313 400
iter.000045/01.model_devi/task.041.000378 910
iter.000045/01.model_devi/task.041.000180 950
iter.000045/01.model_devi/task.041.000180 940
iter.000045/01.model_devi/task.041.000347 950
iter.000045/01.model_devi/task.041.000378 800
iter.000045/01.model_devi/task.041.000004 210
iter.000045/01.model_devi/task.041.000003 680
iter.000045/01.model_devi/task.041.000337 620
iter.000045/01.model_devi/task.041.000295 370
iter.000045/01.model_devi/task.041.000323 970
iter.000045/01.model_devi/task.041.000357 330
iter.000045/01.model_devi/task.041.000378 880
iter.000045/01.model_devi/task.041.000384 960
iter.000045/01.model_devi/task.041.000384 630
iter.000045/01.model_devi/task.041.000378 920
iter.000045/01.model_devi/task.041.000344 410
