iter.000045/01.model_devi/task.065.000389 480
iter.000045/01.model_devi/task.065.000127 980
iter.000045/01.model_devi/task.065.000249 540
iter.000045/01.model_devi/task.065.000053 880
iter.000045/01.model_devi/task.065.000043 920
iter.000045/01.model_devi/task.065.000254 1000
iter.000045/01.model_devi/task.065.000149 200
iter.000045/01.model_devi/task.065.000374 910
iter.000045/01.model_devi/task.065.000389 470
iter.000045/01.model_devi/task.065.000137 870
iter.000045/01.model_devi/task.065.000042 640
iter.000045/01.model_devi/task.065.000184 50
iter.000045/01.model_devi/task.065.000374 840
iter.000045/01.model_devi/task.065.000039 10
iter.000045/01.model_devi/task.065.000374 880
iter.000045/01.model_devi/task.065.000182 630
iter.000045/01.model_devi/task.065.000369 870
iter.000045/01.model_devi/task.065.000389 460
iter.000045/01.model_devi/task.065.000389 500
iter.000045/01.model_devi/task.065.000374 860
iter.000045/01.model_devi/task.065.000184 830
iter.000045/01.model_devi/task.065.000062 320
iter.000045/01.model_devi/task.065.000053 790
iter.000045/01.model_devi/task.065.000374 920
iter.000045/01.model_devi/task.065.000389 430
iter.000045/01.model_devi/task.065.000323 670
iter.000045/01.model_devi/task.065.000310 370
iter.000045/01.model_devi/task.065.000161 180
iter.000045/01.model_devi/task.065.000374 870
iter.000045/01.model_devi/task.065.000389 510
iter.000045/01.model_devi/task.065.000389 450
iter.000045/01.model_devi/task.065.000384 510
iter.000045/01.model_devi/task.065.000194 940
iter.000045/01.model_devi/task.065.000000 550
iter.000045/01.model_devi/task.065.000279 290
iter.000045/01.model_devi/task.065.000389 440
iter.000045/01.model_devi/task.065.000374 900
iter.000045/01.model_devi/task.065.000228 720
iter.000045/01.model_devi/task.065.000034 110
iter.000045/01.model_devi/task.065.000054 10
iter.000045/01.model_devi/task.065.000389 490
iter.000045/01.model_devi/task.065.000129 430
iter.000045/01.model_devi/task.065.000374 890
