iter.000037/01.model_devi/task.057.000354 670
iter.000037/01.model_devi/task.057.000259 1000
iter.000037/01.model_devi/task.057.000119 980
iter.000037/01.model_devi/task.057.000129 290
iter.000037/01.model_devi/task.057.000053 770
iter.000037/01.model_devi/task.057.000354 380
iter.000037/01.model_devi/task.057.000129 840
iter.000037/01.model_devi/task.057.000179 540
iter.000037/01.model_devi/task.057.000122 990
iter.000037/01.model_devi/task.057.000194 900
iter.000037/01.model_devi/task.057.000053 760
iter.000037/01.model_devi/task.057.000188 790
iter.000037/01.model_devi/task.057.000119 970
iter.000037/01.model_devi/task.057.000128 650
iter.000037/01.model_devi/task.057.000179 530
iter.000037/01.model_devi/task.057.000243 300
iter.000037/01.model_devi/task.057.000183 580
iter.000037/01.model_devi/task.057.000383 360
iter.000037/01.model_devi/task.057.000309 780
iter.000037/01.model_devi/task.057.000244 780
iter.000037/01.model_devi/task.057.000234 370
iter.000037/01.model_devi/task.057.000234 360
iter.000037/01.model_devi/task.057.000259 970
iter.000037/01.model_devi/task.057.000053 780
iter.000037/01.model_devi/task.057.000194 930
iter.000037/01.model_devi/task.057.000229 480
iter.000037/01.model_devi/task.057.000229 220
iter.000037/01.model_devi/task.057.000173 570
iter.000037/01.model_devi/task.057.000176 760
