iter.000037/01.model_devi/task.065.000223 830
iter.000037/01.model_devi/task.065.000357 560
iter.000037/01.model_devi/task.065.000348 150
iter.000037/01.model_devi/task.065.000379 350
iter.000037/01.model_devi/task.065.000323 880
iter.000037/01.model_devi/task.065.000289 600
iter.000037/01.model_devi/task.065.000221 470
iter.000037/01.model_devi/task.065.000227 790
iter.000037/01.model_devi/task.065.000182 240
iter.000037/01.model_devi/task.065.000289 580
iter.000037/01.model_devi/task.065.000376 610
iter.000037/01.model_devi/task.065.000359 690
iter.000037/01.model_devi/task.065.000341 910
iter.000037/01.model_devi/task.065.000338 160
iter.000037/01.model_devi/task.065.000374 380
iter.000037/01.model_devi/task.065.000227 810
iter.000037/01.model_devi/task.065.000259 800
iter.000037/01.model_devi/task.065.000167 620
iter.000037/01.model_devi/task.065.000287 70
iter.000037/01.model_devi/task.065.000338 110
iter.000037/01.model_devi/task.065.000357 570
iter.000037/01.model_devi/task.065.000232 390
iter.000037/01.model_devi/task.065.000232 380
iter.000037/01.model_devi/task.065.000373 280
iter.000037/01.model_devi/task.065.000249 320
iter.000037/01.model_devi/task.065.000378 820
iter.000037/01.model_devi/task.065.000129 920
iter.000037/01.model_devi/task.065.000163 620
iter.000037/01.model_devi/task.065.000374 480
iter.000037/01.model_devi/task.065.000227 690
iter.000037/01.model_devi/task.065.000280 790
iter.000037/01.model_devi/task.065.000374 440
iter.000037/01.model_devi/task.065.000224 360
iter.000037/01.model_devi/task.065.000288 220
iter.000037/01.model_devi/task.065.000234 620
iter.000037/01.model_devi/task.065.000244 260
iter.000037/01.model_devi/task.065.000387 900
iter.000037/01.model_devi/task.065.000221 480
iter.000037/01.model_devi/task.065.000224 370
iter.000037/01.model_devi/task.065.000287 280
iter.000037/01.model_devi/task.065.000374 490
iter.000037/01.model_devi/task.065.000378 810
iter.000037/01.model_devi/task.065.000304 380
iter.000037/01.model_devi/task.065.000348 590
iter.000037/01.model_devi/task.065.000294 410
iter.000037/01.model_devi/task.065.000309 850
iter.000037/01.model_devi/task.065.000179 570
iter.000037/01.model_devi/task.065.000352 810
iter.000037/01.model_devi/task.065.000369 90
iter.000037/01.model_devi/task.065.000339 180
iter.000037/01.model_devi/task.065.000179 580
iter.000037/01.model_devi/task.065.000288 210
iter.000037/01.model_devi/task.065.000109 980
iter.000037/01.model_devi/task.065.000259 810
iter.000037/01.model_devi/task.065.000224 1000
iter.000037/01.model_devi/task.065.000289 700
iter.000037/01.model_devi/task.065.000109 510
iter.000037/01.model_devi/task.065.000317 860
iter.000037/01.model_devi/task.065.000323 200
iter.000037/01.model_devi/task.065.000374 510
iter.000037/01.model_devi/task.065.000324 210
iter.000037/01.model_devi/task.065.000243 420
iter.000037/01.model_devi/task.065.000109 990
iter.000037/01.model_devi/task.065.000373 260
iter.000037/01.model_devi/task.065.000374 520
iter.000037/01.model_devi/task.065.000109 520
iter.000037/01.model_devi/task.065.000289 690
iter.000037/01.model_devi/task.065.000374 170
iter.000037/01.model_devi/task.065.000307 110
iter.000037/01.model_devi/task.065.000318 800
iter.000037/01.model_devi/task.065.000374 100
iter.000037/01.model_devi/task.065.000114 360
iter.000037/01.model_devi/task.065.000118 530
iter.000037/01.model_devi/task.065.000103 280
iter.000037/01.model_devi/task.065.000323 900
iter.000037/01.model_devi/task.065.000232 400
iter.000037/01.model_devi/task.065.000324 920
iter.000037/01.model_devi/task.065.000308 990
iter.000037/01.model_devi/task.065.000114 550
iter.000037/01.model_devi/task.065.000109 500
iter.000037/01.model_devi/task.065.000304 170
iter.000037/01.model_devi/task.065.000323 170
iter.000037/01.model_devi/task.065.000341 920
iter.000037/01.model_devi/task.065.000289 70
iter.000037/01.model_devi/task.065.000308 410
iter.000037/01.model_devi/task.065.000224 990
iter.000037/01.model_devi/task.065.000308 420
iter.000037/01.model_devi/task.065.000227 800
iter.000037/01.model_devi/task.065.000128 350
iter.000037/01.model_devi/task.065.000253 460
iter.000037/01.model_devi/task.065.000129 930
iter.000037/01.model_devi/task.065.000381 880
iter.000037/01.model_devi/task.065.000288 250
iter.000037/01.model_devi/task.065.000280 800
iter.000037/01.model_devi/task.065.000259 850
iter.000037/01.model_devi/task.065.000109 1000
iter.000037/01.model_devi/task.065.000289 340
iter.000037/01.model_devi/task.065.000114 540
iter.000037/01.model_devi/task.065.000374 230
iter.000037/01.model_devi/task.065.000324 930
iter.000037/01.model_devi/task.065.000224 970
iter.000037/01.model_devi/task.065.000353 340
iter.000037/01.model_devi/task.065.000179 590
iter.000037/01.model_devi/task.065.000289 330
iter.000037/01.model_devi/task.065.000338 170
iter.000037/01.model_devi/task.065.000288 240
iter.000037/01.model_devi/task.065.000103 290
iter.000037/01.model_devi/task.065.000232 300
iter.000037/01.model_devi/task.065.000163 560
iter.000037/01.model_devi/task.065.000288 230
iter.000037/01.model_devi/task.065.000289 80
iter.000037/01.model_devi/task.065.000389 80
iter.000037/01.model_devi/task.065.000324 970
iter.000037/01.model_devi/task.065.000324 980
iter.000037/01.model_devi/task.065.000348 580
iter.000037/01.model_devi/task.065.000373 170
iter.000037/01.model_devi/task.065.000324 960
iter.000037/01.model_devi/task.065.000324 240
iter.000037/01.model_devi/task.065.000373 100
iter.000037/01.model_devi/task.065.000324 940
iter.000037/01.model_devi/task.065.000374 430
iter.000037/01.model_devi/task.065.000179 650
iter.000037/01.model_devi/task.065.000373 180
iter.000037/01.model_devi/task.065.000163 550
iter.000037/01.model_devi/task.065.000374 420
iter.000037/01.model_devi/task.065.000373 250
iter.000037/01.model_devi/task.065.000299 410
iter.000037/01.model_devi/task.065.000373 290
iter.000037/01.model_devi/task.065.000289 590
iter.000037/01.model_devi/task.065.000324 950
iter.000037/01.model_devi/task.065.000384 850
iter.000037/01.model_devi/task.065.000224 960
iter.000037/01.model_devi/task.065.000223 680
iter.000037/01.model_devi/task.065.000323 920
iter.000037/01.model_devi/task.065.000128 290
iter.000037/01.model_devi/task.065.000289 90
iter.000037/01.model_devi/task.065.000349 120
iter.000037/01.model_devi/task.065.000339 190
iter.000037/01.model_devi/task.065.000374 500
iter.000037/01.model_devi/task.065.000224 980
iter.000037/01.model_devi/task.065.000348 130
iter.000037/01.model_devi/task.065.000374 370
iter.000037/01.model_devi/task.065.000289 320
iter.000037/01.model_devi/task.065.000317 830
iter.000037/01.model_devi/task.065.000374 470
iter.000037/01.model_devi/task.065.000243 540
