iter.000037/01.model_devi/task.033.000129 80
iter.000037/01.model_devi/task.033.000060 540
iter.000037/01.model_devi/task.033.000179 610
iter.000037/01.model_devi/task.033.000319 320
iter.000037/01.model_devi/task.033.000384 100
iter.000037/01.model_devi/task.033.000343 130
iter.000037/01.model_devi/task.033.000112 270
iter.000037/01.model_devi/task.033.000164 440
iter.000037/01.model_devi/task.033.000379 650
iter.000037/01.model_devi/task.033.000174 250
iter.000037/01.model_devi/task.033.000374 870
iter.000037/01.model_devi/task.033.000373 410
iter.000037/01.model_devi/task.033.000050 810
iter.000037/01.model_devi/task.033.000129 560
iter.000037/01.model_devi/task.033.000129 410
iter.000037/01.model_devi/task.033.000174 780
iter.000037/01.model_devi/task.033.000239 570
iter.000037/01.model_devi/task.033.000314 740
iter.000037/01.model_devi/task.033.000254 640
iter.000037/01.model_devi/task.033.000060 920
iter.000037/01.model_devi/task.033.000194 260
iter.000037/01.model_devi/task.033.000379 600
iter.000037/01.model_devi/task.033.000289 640
iter.000037/01.model_devi/task.033.000383 470
iter.000037/01.model_devi/task.033.000164 430
iter.000037/01.model_devi/task.033.000314 750
iter.000037/01.model_devi/task.033.000238 270
iter.000037/01.model_devi/task.033.000374 30
iter.000037/01.model_devi/task.033.000314 790
iter.000037/01.model_devi/task.033.000254 630
iter.000037/01.model_devi/task.033.000062 890
iter.000037/01.model_devi/task.033.000129 840
iter.000037/01.model_devi/task.033.000057 320
iter.000037/01.model_devi/task.033.000057 330
iter.000037/01.model_devi/task.033.000379 640
iter.000037/01.model_devi/task.033.000064 740
iter.000037/01.model_devi/task.033.000314 780
iter.000037/01.model_devi/task.033.000373 400
iter.000037/01.model_devi/task.033.000194 270
