iter.000037/01.model_devi/task.041.000228 610
iter.000037/01.model_devi/task.041.000347 970
iter.000037/01.model_devi/task.041.000163 890
iter.000037/01.model_devi/task.041.000352 90
iter.000037/01.model_devi/task.041.000249 970
iter.000037/01.model_devi/task.041.000359 840
iter.000037/01.model_devi/task.041.000319 230
iter.000037/01.model_devi/task.041.000300 120
iter.000037/01.model_devi/task.041.000249 490
iter.000037/01.model_devi/task.041.000300 110
iter.000037/01.model_devi/task.041.000228 600
iter.000037/01.model_devi/task.041.000304 540
iter.000037/01.model_devi/task.041.000374 740
iter.000037/01.model_devi/task.041.000319 220
iter.000037/01.model_devi/task.041.000349 330
iter.000037/01.model_devi/task.041.000369 780
iter.000037/01.model_devi/task.041.000287 710
iter.000037/01.model_devi/task.041.000389 530
iter.000037/01.model_devi/task.041.000389 450
iter.000037/01.model_devi/task.041.000297 730
iter.000037/01.model_devi/task.041.000349 150
iter.000037/01.model_devi/task.041.000289 280
iter.000037/01.model_devi/task.041.000381 890
iter.000037/01.model_devi/task.041.000369 720
iter.000037/01.model_devi/task.041.000304 230
iter.000037/01.model_devi/task.041.000349 820
iter.000037/01.model_devi/task.041.000369 910
iter.000037/01.model_devi/task.041.000369 790
iter.000037/01.model_devi/task.041.000339 850
iter.000037/01.model_devi/task.041.000319 190
iter.000037/01.model_devi/task.041.000228 650
iter.000037/01.model_devi/task.041.000388 540
iter.000037/01.model_devi/task.041.000183 780
iter.000037/01.model_devi/task.041.000228 630
iter.000037/01.model_devi/task.041.000339 180
iter.000037/01.model_devi/task.041.000064 560
iter.000037/01.model_devi/task.041.000211 990
iter.000037/01.model_devi/task.041.000287 700
iter.000037/01.model_devi/task.041.000349 340
iter.000037/01.model_devi/task.041.000348 350
iter.000037/01.model_devi/task.041.000249 320
iter.000037/01.model_devi/task.041.000337 360
iter.000037/01.model_devi/task.041.000382 90
iter.000037/01.model_devi/task.041.000348 340
iter.000037/01.model_devi/task.041.000319 180
iter.000037/01.model_devi/task.041.000369 820
iter.000037/01.model_devi/task.041.000349 810
iter.000037/01.model_devi/task.041.000339 710
iter.000037/01.model_devi/task.041.000249 500
iter.000037/01.model_devi/task.041.000193 220
iter.000037/01.model_devi/task.041.000287 960
iter.000037/01.model_devi/task.041.000293 90
iter.000037/01.model_devi/task.041.000347 820
iter.000037/01.model_devi/task.041.000249 520
iter.000037/01.model_devi/task.041.000289 380
iter.000037/01.model_devi/task.041.000347 90
iter.000037/01.model_devi/task.041.000367 160
iter.000037/01.model_devi/task.041.000369 840
iter.000037/01.model_devi/task.041.000389 140
iter.000037/01.model_devi/task.041.000341 100
iter.000037/01.model_devi/task.041.000304 550
iter.000037/01.model_devi/task.041.000304 190
iter.000037/01.model_devi/task.041.000369 800
iter.000037/01.model_devi/task.041.000348 360
iter.000037/01.model_devi/task.041.000337 340
iter.000037/01.model_devi/task.041.000286 90
iter.000037/01.model_devi/task.041.000249 370
iter.000037/01.model_devi/task.041.000289 90
iter.000037/01.model_devi/task.041.000284 870
iter.000037/01.model_devi/task.041.000224 620
iter.000037/01.model_devi/task.041.000348 680
iter.000037/01.model_devi/task.041.000389 150
iter.000037/01.model_devi/task.041.000377 120
iter.000037/01.model_devi/task.041.000366 130
iter.000037/01.model_devi/task.041.000369 740
iter.000037/01.model_devi/task.041.000042 190
iter.000037/01.model_devi/task.041.000359 830
iter.000037/01.model_devi/task.041.000304 280
iter.000037/01.model_devi/task.041.000339 840
iter.000037/01.model_devi/task.041.000338 70
iter.000037/01.model_devi/task.041.000293 560
iter.000037/01.model_devi/task.041.000228 640
iter.000037/01.model_devi/task.041.000179 730
iter.000037/01.model_devi/task.041.000389 480
iter.000037/01.model_devi/task.041.000249 510
iter.000037/01.model_devi/task.041.000382 410
iter.000037/01.model_devi/task.041.000369 750
iter.000037/01.model_devi/task.041.000374 730
iter.000037/01.model_devi/task.041.000388 90
iter.000037/01.model_devi/task.041.000369 810
iter.000037/01.model_devi/task.041.000374 790
iter.000037/01.model_devi/task.041.000337 350
iter.000037/01.model_devi/task.041.000249 380
iter.000037/01.model_devi/task.041.000283 840
iter.000037/01.model_devi/task.041.000163 900
iter.000037/01.model_devi/task.041.000339 820
iter.000037/01.model_devi/task.041.000339 860
iter.000037/01.model_devi/task.041.000286 80
iter.000037/01.model_devi/task.041.000249 980
iter.000037/01.model_devi/task.041.000369 230
iter.000037/01.model_devi/task.041.000369 710
iter.000037/01.model_devi/task.041.000224 340
iter.000037/01.model_devi/task.041.000249 360
iter.000037/01.model_devi/task.041.000364 890
iter.000037/01.model_devi/task.041.000249 400
iter.000037/01.model_devi/task.041.000064 530
iter.000037/01.model_devi/task.041.000364 810
iter.000037/01.model_devi/task.041.000339 830
iter.000037/01.model_devi/task.041.000284 860
iter.000037/01.model_devi/task.041.000369 830
iter.000037/01.model_devi/task.041.000287 950
iter.000037/01.model_devi/task.041.000284 360
iter.000037/01.model_devi/task.041.000173 1000
iter.000037/01.model_devi/task.041.000163 910
iter.000037/01.model_devi/task.041.000163 870
iter.000037/01.model_devi/task.041.000259 890
iter.000037/01.model_devi/task.041.000314 210
iter.000037/01.model_devi/task.041.000211 1000
iter.000037/01.model_devi/task.041.000249 390
iter.000037/01.model_devi/task.041.000228 620
iter.000037/01.model_devi/task.041.000364 800
iter.000037/01.model_devi/task.041.000343 160
iter.000037/01.model_devi/task.041.000054 400
iter.000037/01.model_devi/task.041.000338 80
iter.000037/01.model_devi/task.041.000293 770
iter.000037/01.model_devi/task.041.000289 500
iter.000037/01.model_devi/task.041.000249 330
iter.000037/01.model_devi/task.041.000289 270
iter.000037/01.model_devi/task.041.000304 180
iter.000037/01.model_devi/task.041.000163 880
iter.000037/01.model_devi/task.041.000249 350
iter.000037/01.model_devi/task.041.000374 700
iter.000037/01.model_devi/task.041.000059 310
iter.000037/01.model_devi/task.041.000348 690
iter.000037/01.model_devi/task.041.000064 570
iter.000037/01.model_devi/task.041.000381 900
iter.000037/01.model_devi/task.041.000117 690
iter.000037/01.model_devi/task.041.000359 320
iter.000037/01.model_devi/task.041.000374 780
iter.000037/01.model_devi/task.041.000249 480
