iter.000037/01.model_devi/task.049.000047 570
iter.000037/01.model_devi/task.049.000343 110
iter.000037/01.model_devi/task.049.000373 590
iter.000037/01.model_devi/task.049.000234 640
iter.000037/01.model_devi/task.049.000316 110
iter.000037/01.model_devi/task.049.000244 600
iter.000037/01.model_devi/task.049.000362 730
iter.000037/01.model_devi/task.049.000373 420
iter.000037/01.model_devi/task.049.000383 560
iter.000037/01.model_devi/task.049.000129 560
iter.000037/01.model_devi/task.049.000121 950
iter.000037/01.model_devi/task.049.000259 930
iter.000037/01.model_devi/task.049.000388 160
iter.000037/01.model_devi/task.049.000373 480
iter.000037/01.model_devi/task.049.000373 530
iter.000037/01.model_devi/task.049.000194 900
iter.000037/01.model_devi/task.049.000114 550
iter.000037/01.model_devi/task.049.000047 500
iter.000037/01.model_devi/task.049.000168 580
iter.000037/01.model_devi/task.049.000369 710
iter.000037/01.model_devi/task.049.000179 300
iter.000037/01.model_devi/task.049.000373 540
iter.000037/01.model_devi/task.049.000356 620
iter.000037/01.model_devi/task.049.000179 310
