iter.000033/01.model_devi/task.049.000012 0
iter.000033/01.model_devi/task.049.000038 10
iter.000033/01.model_devi/task.049.000014 0
iter.000033/01.model_devi/task.049.000034 10
iter.000033/01.model_devi/task.049.000020 0
iter.000033/01.model_devi/task.049.000039 10
iter.000033/01.model_devi/task.049.000034 0
iter.000033/01.model_devi/task.049.000010 0
iter.000033/01.model_devi/task.049.000023 0
iter.000033/01.model_devi/task.049.000011 20
iter.000033/01.model_devi/task.049.000033 20
iter.000033/01.model_devi/task.049.000014 20
iter.000033/01.model_devi/task.049.000012 20
iter.000033/01.model_devi/task.049.000010 10
iter.000033/01.model_devi/task.049.000024 0
iter.000033/01.model_devi/task.049.000023 10
iter.000033/01.model_devi/task.049.000021 10
iter.000033/01.model_devi/task.049.000037 10
iter.000033/01.model_devi/task.049.000033 0
iter.000033/01.model_devi/task.049.000012 30
iter.000033/01.model_devi/task.049.000022 10
iter.000033/01.model_devi/task.049.000014 10
iter.000033/01.model_devi/task.049.000013 0
iter.000033/01.model_devi/task.049.000022 0
iter.000033/01.model_devi/task.049.000031 20
iter.000033/01.model_devi/task.049.000024 30
iter.000033/01.model_devi/task.049.000024 20
iter.000033/01.model_devi/task.049.000010 20
iter.000033/01.model_devi/task.049.000032 0
iter.000033/01.model_devi/task.049.000031 0
iter.000033/01.model_devi/task.049.000013 10
iter.000033/01.model_devi/task.049.000033 30
iter.000033/01.model_devi/task.049.000030 20
iter.000033/01.model_devi/task.049.000030 10
iter.000033/01.model_devi/task.049.000011 0
iter.000033/01.model_devi/task.049.000031 10
iter.000033/01.model_devi/task.049.000011 10
iter.000033/01.model_devi/task.049.000030 0
iter.000033/01.model_devi/task.049.000034 20
iter.000033/01.model_devi/task.049.000033 10
iter.000033/01.model_devi/task.049.000024 10
iter.000033/01.model_devi/task.049.000021 0
iter.000033/01.model_devi/task.049.000020 10
iter.000033/01.model_devi/task.049.000012 10
iter.000033/01.model_devi/task.049.000032 10
iter.000033/01.model_devi/task.049.000013 20
