iter.000033/01.model_devi/task.025.000016 10
iter.000033/01.model_devi/task.025.000015 20
iter.000033/01.model_devi/task.025.000021 10
iter.000033/01.model_devi/task.025.000006 10
iter.000033/01.model_devi/task.025.000022 10
iter.000033/01.model_devi/task.025.000022 20
iter.000033/01.model_devi/task.025.000017 0
iter.000033/01.model_devi/task.025.000024 0
iter.000033/01.model_devi/task.025.000016 20
iter.000033/01.model_devi/task.025.000018 0
iter.000033/01.model_devi/task.025.000020 0
iter.000033/01.model_devi/task.025.000017 10
iter.000033/01.model_devi/task.025.000024 20
iter.000033/01.model_devi/task.025.000018 10
iter.000033/01.model_devi/task.025.000015 0
iter.000033/01.model_devi/task.025.000019 10
iter.000033/01.model_devi/task.025.000019 0
iter.000033/01.model_devi/task.025.000023 10
iter.000033/01.model_devi/task.025.000023 0
iter.000033/01.model_devi/task.025.000024 10
iter.000033/01.model_devi/task.025.000015 10
iter.000033/01.model_devi/task.025.000022 0
iter.000033/01.model_devi/task.025.000016 0
iter.000033/01.model_devi/task.025.000017 20
iter.000033/01.model_devi/task.025.000023 20
iter.000033/01.model_devi/task.025.000020 10
iter.000033/01.model_devi/task.025.000008 10
iter.000033/01.model_devi/task.025.000021 0
iter.000033/01.model_devi/task.025.000018 20
