iter.000033/01.model_devi/task.033.000019 30
iter.000033/01.model_devi/task.033.000017 30
iter.000033/01.model_devi/task.033.000017 20
iter.000033/01.model_devi/task.033.000015 20
iter.000033/01.model_devi/task.033.000019 40
iter.000033/01.model_devi/task.033.000002 60
iter.000033/01.model_devi/task.033.000016 0
iter.000033/01.model_devi/task.033.000018 0
iter.000033/01.model_devi/task.033.000019 0
iter.000033/01.model_devi/task.033.000002 20
iter.000033/01.model_devi/task.033.000019 10
iter.000033/01.model_devi/task.033.000016 10
iter.000033/01.model_devi/task.033.000015 0
iter.000033/01.model_devi/task.033.000019 20
iter.000033/01.model_devi/task.033.000017 10
iter.000033/01.model_devi/task.033.000016 20
iter.000033/01.model_devi/task.033.000017 0
iter.000033/01.model_devi/task.033.000051 20
iter.000033/01.model_devi/task.033.000054 10
iter.000033/01.model_devi/task.033.000018 30
iter.000033/01.model_devi/task.033.000054 20
iter.000033/01.model_devi/task.033.000015 10
iter.000033/01.model_devi/task.033.000051 10
iter.000033/01.model_devi/task.033.000000 10
iter.000033/01.model_devi/task.033.000004 10
iter.000033/01.model_devi/task.033.000002 10
iter.000033/01.model_devi/task.033.000015 30
iter.000033/01.model_devi/task.033.000054 30
iter.000033/01.model_devi/task.033.000018 10
iter.000033/01.model_devi/task.033.000018 20
