iter.000033/01.model_devi/task.065.000042 20
iter.000033/01.model_devi/task.065.000055 0
iter.000033/01.model_devi/task.065.000058 10
iter.000033/01.model_devi/task.065.000059 30
iter.000033/01.model_devi/task.065.000042 0
iter.000033/01.model_devi/task.065.000039 10
iter.000033/01.model_devi/task.065.000018 0
iter.000033/01.model_devi/task.065.000050 0
iter.000033/01.model_devi/task.065.000054 0
iter.000033/01.model_devi/task.065.000053 20
iter.000033/01.model_devi/task.065.000044 0
iter.000033/01.model_devi/task.065.000043 10
iter.000033/01.model_devi/task.065.000054 20
iter.000033/01.model_devi/task.065.000040 0
iter.000033/01.model_devi/task.065.000040 10
iter.000033/01.model_devi/task.065.000036 20
iter.000033/01.model_devi/task.065.000050 10
iter.000033/01.model_devi/task.065.000059 0
iter.000033/01.model_devi/task.065.000041 0
iter.000033/01.model_devi/task.065.000035 0
iter.000033/01.model_devi/task.065.000017 0
iter.000033/01.model_devi/task.065.000058 20
iter.000033/01.model_devi/task.065.000040 30
iter.000033/01.model_devi/task.065.000043 0
iter.000033/01.model_devi/task.065.000043 20
iter.000033/01.model_devi/task.065.000036 10
iter.000033/01.model_devi/task.065.000051 10
iter.000033/01.model_devi/task.065.000018 10
iter.000033/01.model_devi/task.065.000053 10
iter.000033/01.model_devi/task.065.000038 10
iter.000033/01.model_devi/task.065.000041 20
iter.000033/01.model_devi/task.065.000041 30
iter.000033/01.model_devi/task.065.000054 10
iter.000033/01.model_devi/task.065.000041 10
iter.000033/01.model_devi/task.065.000056 0
iter.000033/01.model_devi/task.065.000035 20
iter.000033/01.model_devi/task.065.000014 10
iter.000033/01.model_devi/task.065.000042 30
iter.000033/01.model_devi/task.065.000016 0
iter.000033/01.model_devi/task.065.000055 10
iter.000033/01.model_devi/task.065.000059 10
iter.000033/01.model_devi/task.065.000039 0
iter.000033/01.model_devi/task.065.000056 30
iter.000033/01.model_devi/task.065.000053 0
iter.000033/01.model_devi/task.065.000044 30
iter.000033/01.model_devi/task.065.000036 0
iter.000033/01.model_devi/task.065.000050 20
iter.000033/01.model_devi/task.065.000019 10
iter.000033/01.model_devi/task.065.000037 0
iter.000033/01.model_devi/task.065.000019 0
iter.000033/01.model_devi/task.065.000015 0
iter.000033/01.model_devi/task.065.000052 20
iter.000033/01.model_devi/task.065.000056 20
iter.000033/01.model_devi/task.065.000039 20
iter.000033/01.model_devi/task.065.000044 20
iter.000033/01.model_devi/task.065.000051 0
iter.000033/01.model_devi/task.065.000037 10
iter.000033/01.model_devi/task.065.000042 10
iter.000033/01.model_devi/task.065.000044 10
iter.000033/01.model_devi/task.065.000037 20
iter.000033/01.model_devi/task.065.000055 20
iter.000033/01.model_devi/task.065.000057 10
iter.000033/01.model_devi/task.065.000052 10
iter.000033/01.model_devi/task.065.000056 10
iter.000033/01.model_devi/task.065.000035 10
iter.000033/01.model_devi/task.065.000038 0
iter.000033/01.model_devi/task.065.000057 20
iter.000033/01.model_devi/task.065.000057 0
iter.000033/01.model_devi/task.065.000055 30
iter.000033/01.model_devi/task.065.000052 0
iter.000033/01.model_devi/task.065.000244 650
iter.000033/01.model_devi/task.065.000040 20
iter.000033/01.model_devi/task.065.000059 20
iter.000033/01.model_devi/task.065.000058 0
