iter.000033/01.model_devi/task.057.000042 10
iter.000033/01.model_devi/task.057.000042 30
iter.000033/01.model_devi/task.057.000014 0
iter.000033/01.model_devi/task.057.000023 30
iter.000033/01.model_devi/task.057.000043 20
iter.000033/01.model_devi/task.057.000011 10
iter.000033/01.model_devi/task.057.000060 10
iter.000033/01.model_devi/task.057.000022 0
iter.000033/01.model_devi/task.057.000010 10
iter.000033/01.model_devi/task.057.000012 20
iter.000033/01.model_devi/task.057.000044 10
iter.000033/01.model_devi/task.057.000064 10
iter.000033/01.model_devi/task.057.000023 20
iter.000033/01.model_devi/task.057.000020 10
iter.000033/01.model_devi/task.057.000022 10
iter.000033/01.model_devi/task.057.000010 20
iter.000033/01.model_devi/task.057.000064 0
iter.000033/01.model_devi/task.057.000063 20
iter.000033/01.model_devi/task.057.000043 0
iter.000033/01.model_devi/task.057.000012 0
iter.000033/01.model_devi/task.057.000013 20
iter.000033/01.model_devi/task.057.000061 20
iter.000033/01.model_devi/task.057.000062 0
iter.000033/01.model_devi/task.057.000014 10
iter.000033/01.model_devi/task.057.000022 30
iter.000033/01.model_devi/task.057.000014 20
iter.000033/01.model_devi/task.057.000063 30
iter.000033/01.model_devi/task.057.000020 30
iter.000033/01.model_devi/task.057.000040 0
iter.000033/01.model_devi/task.057.000024 10
iter.000033/01.model_devi/task.057.000010 0
iter.000033/01.model_devi/task.057.000043 30
iter.000033/01.model_devi/task.057.000042 20
iter.000033/01.model_devi/task.057.000012 10
iter.000033/01.model_devi/task.057.000024 0
iter.000033/01.model_devi/task.057.000061 10
iter.000033/01.model_devi/task.057.000020 20
iter.000033/01.model_devi/task.057.000063 10
iter.000033/01.model_devi/task.057.000022 20
iter.000033/01.model_devi/task.057.000040 10
iter.000033/01.model_devi/task.057.000021 10
iter.000033/01.model_devi/task.057.000011 0
iter.000033/01.model_devi/task.057.000010 30
iter.000033/01.model_devi/task.057.000044 0
iter.000033/01.model_devi/task.057.000013 10
iter.000033/01.model_devi/task.057.000024 20
iter.000033/01.model_devi/task.057.000013 30
iter.000033/01.model_devi/task.057.000023 0
iter.000033/01.model_devi/task.057.000020 0
iter.000033/01.model_devi/task.057.000060 0
iter.000033/01.model_devi/task.057.000023 10
iter.000033/01.model_devi/task.057.000013 0
iter.000033/01.model_devi/task.057.000044 20
iter.000033/01.model_devi/task.057.000021 20
iter.000033/01.model_devi/task.057.000042 0
iter.000033/01.model_devi/task.057.000064 20
iter.000033/01.model_devi/task.057.000062 10
iter.000033/01.model_devi/task.057.000021 0
iter.000033/01.model_devi/task.057.000062 20
iter.000033/01.model_devi/task.057.000043 10
iter.000033/01.model_devi/task.057.000044 30
iter.000033/01.model_devi/task.057.000063 0
iter.000033/01.model_devi/task.057.000061 0
iter.000033/01.model_devi/task.057.000024 30
iter.000033/01.model_devi/task.057.000011 20
iter.000033/01.model_devi/task.057.000041 10
iter.000033/01.model_devi/task.057.000041 0
