iter.000033/01.model_devi/task.041.000047 10
iter.000033/01.model_devi/task.041.000004 670
iter.000033/01.model_devi/task.041.000000 0
iter.000033/01.model_devi/task.041.000004 190
iter.000033/01.model_devi/task.041.000034 20
iter.000033/01.model_devi/task.041.000004 1000
iter.000033/01.model_devi/task.041.000003 630
iter.000033/01.model_devi/task.041.000004 570
iter.000033/01.model_devi/task.041.000048 10
iter.000033/01.model_devi/task.041.000032 0
iter.000033/01.model_devi/task.041.000031 0
iter.000033/01.model_devi/task.041.000053 10
iter.000033/01.model_devi/task.041.000054 280
iter.000033/01.model_devi/task.041.000004 0
iter.000033/01.model_devi/task.041.000003 580
iter.000033/01.model_devi/task.041.000054 300
iter.000033/01.model_devi/task.041.000003 100
iter.000033/01.model_devi/task.041.000046 20
iter.000033/01.model_devi/task.041.000004 340
iter.000033/01.model_devi/task.041.000004 390
iter.000033/01.model_devi/task.041.000003 190
iter.000033/01.model_devi/task.041.000054 290
iter.000033/01.model_devi/task.041.000004 290
iter.000033/01.model_devi/task.041.000034 0
iter.000033/01.model_devi/task.041.000004 810
iter.000033/01.model_devi/task.041.000004 530
iter.000033/01.model_devi/task.041.000053 290
iter.000033/01.model_devi/task.041.000046 10
iter.000033/01.model_devi/task.041.000050 30
iter.000033/01.model_devi/task.041.000045 20
iter.000033/01.model_devi/task.041.000004 620
iter.000033/01.model_devi/task.041.000003 780
iter.000033/01.model_devi/task.041.000003 680
iter.000033/01.model_devi/task.041.000004 870
iter.000033/01.model_devi/task.041.000054 0
iter.000033/01.model_devi/task.041.000003 920
iter.000033/01.model_devi/task.041.000004 10
iter.000033/01.model_devi/task.041.000003 390
iter.000033/01.model_devi/task.041.000002 0
iter.000033/01.model_devi/task.041.000003 530
iter.000033/01.model_devi/task.041.000002 680
iter.000033/01.model_devi/task.041.000003 730
iter.000033/01.model_devi/task.041.000002 340
iter.000033/01.model_devi/task.041.000004 200
iter.000033/01.model_devi/task.041.000004 920
iter.000033/01.model_devi/task.041.000004 680
iter.000033/01.model_devi/task.041.000004 820
iter.000033/01.model_devi/task.041.000004 430
iter.000033/01.model_devi/task.041.000031 10
iter.000033/01.model_devi/task.041.000047 20
iter.000033/01.model_devi/task.041.000034 10
iter.000033/01.model_devi/task.041.000003 870
iter.000033/01.model_devi/task.041.000004 710
iter.000033/01.model_devi/task.041.000004 480
iter.000033/01.model_devi/task.041.000004 720
iter.000033/01.model_devi/task.041.000002 100
iter.000033/01.model_devi/task.041.000004 860
iter.000033/01.model_devi/task.041.000053 30
iter.000033/01.model_devi/task.041.000049 0
iter.000033/01.model_devi/task.041.000030 10
iter.000033/01.model_devi/task.041.000004 300
iter.000033/01.model_devi/task.041.000050 0
iter.000033/01.model_devi/task.041.000052 10
iter.000033/01.model_devi/task.041.000003 0
iter.000033/01.model_devi/task.041.000003 340
iter.000033/01.model_devi/task.041.000052 270
iter.000033/01.model_devi/task.041.000003 970
iter.000033/01.model_devi/task.041.000051 30
iter.000033/01.model_devi/task.041.000033 0
iter.000033/01.model_devi/task.041.000052 0
iter.000033/01.model_devi/task.041.000004 970
iter.000033/01.model_devi/task.041.000004 660
iter.000033/01.model_devi/task.041.000047 0
iter.000033/01.model_devi/task.041.000051 0
iter.000033/01.model_devi/task.041.000053 310
iter.000033/01.model_devi/task.041.000003 570
iter.000033/01.model_devi/task.041.000052 280
iter.000033/01.model_devi/task.041.000003 10
iter.000033/01.model_devi/task.041.000053 20
iter.000033/01.model_devi/task.041.000032 10
iter.000033/01.model_devi/task.041.000045 0
iter.000033/01.model_devi/task.041.000004 240
iter.000033/01.model_devi/task.041.000054 310
iter.000033/01.model_devi/task.041.000045 10
iter.000033/01.model_devi/task.041.000003 820
iter.000033/01.model_devi/task.041.000051 20
iter.000033/01.model_devi/task.041.000004 330
iter.000033/01.model_devi/task.041.000050 20
iter.000033/01.model_devi/task.041.000002 10
iter.000033/01.model_devi/task.041.000053 280
iter.000033/01.model_devi/task.041.000049 270
iter.000033/01.model_devi/task.041.000004 490
iter.000033/01.model_devi/task.041.000004 910
iter.000033/01.model_devi/task.041.000054 20
iter.000033/01.model_devi/task.041.000054 600
iter.000033/01.model_devi/task.041.000050 10
iter.000033/01.model_devi/task.041.000004 960
iter.000033/01.model_devi/task.041.000054 10
iter.000033/01.model_devi/task.041.000048 20
iter.000033/01.model_devi/task.041.000054 30
iter.000033/01.model_devi/task.041.000033 20
iter.000033/01.model_devi/task.041.000004 90
iter.000033/01.model_devi/task.041.000033 10
iter.000033/01.model_devi/task.041.000031 20
iter.000033/01.model_devi/task.041.000003 50
iter.000033/01.model_devi/task.041.000053 300
iter.000033/01.model_devi/task.041.000004 730
iter.000033/01.model_devi/task.041.000004 100
iter.000033/01.model_devi/task.041.000046 0
iter.000033/01.model_devi/task.041.000003 540
iter.000033/01.model_devi/task.041.000030 20
iter.000033/01.model_devi/task.041.000003 300
iter.000033/01.model_devi/task.041.000004 770
iter.000033/01.model_devi/task.041.000004 50
iter.000033/01.model_devi/task.041.000030 0
iter.000033/01.model_devi/task.041.000049 280
iter.000033/01.model_devi/task.041.000001 0
iter.000033/01.model_devi/task.041.000053 0
iter.000033/01.model_devi/task.041.000004 930
iter.000033/01.model_devi/task.041.000003 200
iter.000033/01.model_devi/task.041.000001 10
iter.000033/01.model_devi/task.041.000052 20
iter.000033/01.model_devi/task.041.000049 10
iter.000033/01.model_devi/task.041.000004 380
iter.000033/01.model_devi/task.041.000003 290
iter.000033/01.model_devi/task.041.000051 10
iter.000033/01.model_devi/task.041.000004 630
iter.000033/01.model_devi/task.041.000048 0
