iter.000046/01.model_devi/task.066.000124 1670
iter.000046/01.model_devi/task.066.000012 2050
iter.000046/01.model_devi/task.066.000034 210
iter.000046/01.model_devi/task.066.000044 2690
iter.000046/01.model_devi/task.066.000369 2780
iter.000046/01.model_devi/task.066.000034 860
iter.000046/01.model_devi/task.066.000120 1960
iter.000046/01.model_devi/task.066.000024 1460
iter.000046/01.model_devi/task.066.000703 2150
iter.000046/01.model_devi/task.066.000140 1200
iter.000046/01.model_devi/task.066.000089 1080
iter.000046/01.model_devi/task.066.000700 2660
iter.000046/01.model_devi/task.066.000323 1980
iter.000046/01.model_devi/task.066.000019 2240
iter.000046/01.model_devi/task.066.000129 2270
iter.000046/01.model_devi/task.066.000029 120
iter.000046/01.model_devi/task.066.000753 1660
iter.000046/01.model_devi/task.066.000013 890
iter.000046/01.model_devi/task.066.000378 1620
iter.000046/01.model_devi/task.066.000369 2790
iter.000046/01.model_devi/task.066.000029 440
iter.000046/01.model_devi/task.066.000614 2930
iter.000046/01.model_devi/task.066.000769 1430
iter.000046/01.model_devi/task.066.000524 2610
iter.000046/01.model_devi/task.066.000099 2150
iter.000046/01.model_devi/task.066.000008 620
iter.000046/01.model_devi/task.066.000771 1850
iter.000046/01.model_devi/task.066.000249 230
iter.000046/01.model_devi/task.066.000009 2610
iter.000046/01.model_devi/task.066.000562 2200
iter.000046/01.model_devi/task.066.000709 1300
iter.000046/01.model_devi/task.066.000594 2220
iter.000046/01.model_devi/task.066.000278 240
iter.000046/01.model_devi/task.066.000614 2960
iter.000046/01.model_devi/task.066.000579 2080
iter.000046/01.model_devi/task.066.000363 2380
iter.000046/01.model_devi/task.066.000134 2260
iter.000046/01.model_devi/task.066.000008 2090
iter.000046/01.model_devi/task.066.000008 860
iter.000046/01.model_devi/task.066.000139 1390
iter.000046/01.model_devi/task.066.000644 2210
iter.000046/01.model_devi/task.066.000389 1820
iter.000046/01.model_devi/task.066.000014 140
iter.000046/01.model_devi/task.066.000197 490
iter.000046/01.model_devi/task.066.000039 2450
iter.000046/01.model_devi/task.066.000253 1250
iter.000046/01.model_devi/task.066.000003 250
iter.000046/01.model_devi/task.066.000027 2890
iter.000046/01.model_devi/task.066.000063 1500
iter.000046/01.model_devi/task.066.000084 2170
iter.000046/01.model_devi/task.066.000723 2180
iter.000046/01.model_devi/task.066.000026 2500
iter.000046/01.model_devi/task.066.000429 2560
iter.000046/01.model_devi/task.066.000034 180
iter.000046/01.model_devi/task.066.000214 2110
iter.000046/01.model_devi/task.066.000694 850
iter.000046/01.model_devi/task.066.000498 1480
iter.000046/01.model_devi/task.066.000603 890
iter.000046/01.model_devi/task.066.000253 2390
iter.000046/01.model_devi/task.066.000033 1170
iter.000046/01.model_devi/task.066.000001 3000
iter.000046/01.model_devi/task.066.000722 1280
iter.000046/01.model_devi/task.066.000289 2380
iter.000046/01.model_devi/task.066.000104 2350
iter.000046/01.model_devi/task.066.000379 1800
iter.000046/01.model_devi/task.066.000236 1000
iter.000046/01.model_devi/task.066.000034 2250
iter.000046/01.model_devi/task.066.000384 2000
iter.000046/01.model_devi/task.066.000206 340
iter.000046/01.model_devi/task.066.000660 1510
iter.000046/01.model_devi/task.066.000009 260
iter.000046/01.model_devi/task.066.000247 2710
iter.000046/01.model_devi/task.066.000028 70
iter.000046/01.model_devi/task.066.000005 590
iter.000046/01.model_devi/task.066.000198 660
iter.000046/01.model_devi/task.066.000704 1380
iter.000046/01.model_devi/task.066.000614 2980
iter.000046/01.model_devi/task.066.000313 2230
iter.000046/01.model_devi/task.066.000757 750
iter.000046/01.model_devi/task.066.000017 1160
iter.000046/01.model_devi/task.066.000024 190
iter.000046/01.model_devi/task.066.000074 2280
iter.000046/01.model_devi/task.066.000005 2710
iter.000046/01.model_devi/task.066.000502 790
iter.000046/01.model_devi/task.066.000774 400
iter.000046/01.model_devi/task.066.000378 1650
iter.000046/01.model_devi/task.066.000018 1220
iter.000046/01.model_devi/task.066.000034 190
iter.000046/01.model_devi/task.066.000748 1280
