iter.000046/01.model_devi/task.050.000647 2330
iter.000046/01.model_devi/task.050.000442 760
iter.000046/01.model_devi/task.050.000279 2890
iter.000046/01.model_devi/task.050.000496 480
iter.000046/01.model_devi/task.050.000629 890
iter.000046/01.model_devi/task.050.000644 2380
iter.000046/01.model_devi/task.050.000346 1520
iter.000046/01.model_devi/task.050.000773 2070
iter.000046/01.model_devi/task.050.000647 2560
iter.000046/01.model_devi/task.050.000138 950
iter.000046/01.model_devi/task.050.000009 490
iter.000046/01.model_devi/task.050.000744 2160
iter.000046/01.model_devi/task.050.000629 1070
iter.000046/01.model_devi/task.050.000622 1650
iter.000046/01.model_devi/task.050.000039 90
iter.000046/01.model_devi/task.050.000759 1780
iter.000046/01.model_devi/task.050.000012 530
iter.000046/01.model_devi/task.050.000356 810
iter.000046/01.model_devi/task.050.000194 500
iter.000046/01.model_devi/task.050.000016 2420
iter.000046/01.model_devi/task.050.000629 920
iter.000046/01.model_devi/task.050.000008 1110
iter.000046/01.model_devi/task.050.000306 2860
iter.000046/01.model_devi/task.050.000349 1270
iter.000046/01.model_devi/task.050.000327 1760
iter.000046/01.model_devi/task.050.000777 1980
iter.000046/01.model_devi/task.050.000644 2360
iter.000046/01.model_devi/task.050.000138 2070
iter.000046/01.model_devi/task.050.000198 1230
iter.000046/01.model_devi/task.050.000137 2920
iter.000046/01.model_devi/task.050.000009 1080
iter.000046/01.model_devi/task.050.000072 220
iter.000046/01.model_devi/task.050.000174 1060
iter.000046/01.model_devi/task.050.000229 1330
iter.000046/01.model_devi/task.050.000657 1860
iter.000046/01.model_devi/task.050.000249 540
iter.000046/01.model_devi/task.050.000135 2370
iter.000046/01.model_devi/task.050.000643 470
iter.000046/01.model_devi/task.050.000002 2940
iter.000046/01.model_devi/task.050.000008 1150
iter.000046/01.model_devi/task.050.000511 1720
iter.000046/01.model_devi/task.050.000194 2500
iter.000046/01.model_devi/task.050.000173 990
iter.000046/01.model_devi/task.050.000629 1060
iter.000046/01.model_devi/task.050.000328 150
iter.000046/01.model_devi/task.050.000012 90
iter.000046/01.model_devi/task.050.000021 120
iter.000046/01.model_devi/task.050.000007 2320
iter.000046/01.model_devi/task.050.000119 1320
iter.000046/01.model_devi/task.050.000259 1060
iter.000046/01.model_devi/task.050.000766 2160
iter.000046/01.model_devi/task.050.000249 2290
iter.000046/01.model_devi/task.050.000014 310
