iter.000046/01.model_devi/task.058.000006 1970
iter.000046/01.model_devi/task.058.000002 2940
iter.000046/01.model_devi/task.058.000382 680
iter.000046/01.model_devi/task.058.000776 2370
iter.000046/01.model_devi/task.058.000587 710
iter.000046/01.model_devi/task.058.000776 1910
iter.000046/01.model_devi/task.058.000013 2210
iter.000046/01.model_devi/task.058.000642 480
iter.000046/01.model_devi/task.058.000008 1850
iter.000046/01.model_devi/task.058.000013 2640
iter.000046/01.model_devi/task.058.000512 1320
iter.000046/01.model_devi/task.058.000034 2330
iter.000046/01.model_devi/task.058.000489 1110
iter.000046/01.model_devi/task.058.000778 1810
iter.000046/01.model_devi/task.058.000152 540
iter.000046/01.model_devi/task.058.000005 1690
iter.000046/01.model_devi/task.058.000613 910
iter.000046/01.model_devi/task.058.000012 1530
iter.000046/01.model_devi/task.058.000382 600
iter.000046/01.model_devi/task.058.000583 280
iter.000046/01.model_devi/task.058.000004 460
iter.000046/01.model_devi/task.058.000295 2090
iter.000046/01.model_devi/task.058.000513 1310
iter.000046/01.model_devi/task.058.000003 310
iter.000046/01.model_devi/task.058.000182 740
iter.000046/01.model_devi/task.058.000637 2340
iter.000046/01.model_devi/task.058.000049 1230
iter.000046/01.model_devi/task.058.000209 2410
iter.000046/01.model_devi/task.058.000303 2740
iter.000046/01.model_devi/task.058.000011 1410
iter.000046/01.model_devi/task.058.000125 590
iter.000046/01.model_devi/task.058.000134 1730
iter.000046/01.model_devi/task.058.000002 2570
iter.000046/01.model_devi/task.058.000004 740
iter.000046/01.model_devi/task.058.000125 560
iter.000046/01.model_devi/task.058.000002 2070
iter.000046/01.model_devi/task.058.000006 1710
iter.000046/01.model_devi/task.058.000059 80
iter.000046/01.model_devi/task.058.000134 1510
iter.000046/01.model_devi/task.058.000009 1880
iter.000046/01.model_devi/task.058.000253 2250
iter.000046/01.model_devi/task.058.000762 960
iter.000046/01.model_devi/task.058.000207 2500
iter.000046/01.model_devi/task.058.000436 2050
iter.000046/01.model_devi/task.058.000039 270
iter.000046/01.model_devi/task.058.000125 610
iter.000046/01.model_devi/task.058.000019 2540
iter.000046/01.model_devi/task.058.000013 2930
iter.000046/01.model_devi/task.058.000125 440
iter.000046/01.model_devi/task.058.000579 2840
iter.000046/01.model_devi/task.058.000319 1790
iter.000046/01.model_devi/task.058.000563 2510
iter.000046/01.model_devi/task.058.000382 270
iter.000046/01.model_devi/task.058.000679 600
iter.000046/01.model_devi/task.058.000015 180
iter.000046/01.model_devi/task.058.000584 1720
iter.000046/01.model_devi/task.058.000647 190
iter.000046/01.model_devi/task.058.000298 1780
iter.000046/01.model_devi/task.058.000182 750
iter.000046/01.model_devi/task.058.000134 1470
iter.000046/01.model_devi/task.058.000125 410
iter.000046/01.model_devi/task.058.000182 2080
iter.000046/01.model_devi/task.058.000057 700
iter.000046/01.model_devi/task.058.000776 1110
iter.000046/01.model_devi/task.058.000475 2200
iter.000046/01.model_devi/task.058.000015 2190
iter.000046/01.model_devi/task.058.000399 1850
