iter.000046/01.model_devi/task.042.000734 2130
iter.000046/01.model_devi/task.042.000000 1070
iter.000046/01.model_devi/task.042.000329 1310
iter.000046/01.model_devi/task.042.000639 360
iter.000046/01.model_devi/task.042.000648 540
iter.000046/01.model_devi/task.042.000133 2220
iter.000046/01.model_devi/task.042.000014 2280
iter.000046/01.model_devi/task.042.000189 1110
iter.000046/01.model_devi/task.042.000404 1480
iter.000046/01.model_devi/task.042.000219 670
iter.000046/01.model_devi/task.042.000639 470
iter.000046/01.model_devi/task.042.000516 900
iter.000046/01.model_devi/task.042.000752 1600
iter.000046/01.model_devi/task.042.000484 680
iter.000046/01.model_devi/task.042.000322 1930
iter.000046/01.model_devi/task.042.000633 2020
iter.000046/01.model_devi/task.042.000648 510
iter.000046/01.model_devi/task.042.000508 2600
iter.000046/01.model_devi/task.042.000008 2840
iter.000046/01.model_devi/task.042.000603 1080
iter.000046/01.model_devi/task.042.000139 180
iter.000046/01.model_devi/task.042.000158 1340
iter.000046/01.model_devi/task.042.000219 1140
iter.000046/01.model_devi/task.042.000133 250
iter.000046/01.model_devi/task.042.000008 2250
iter.000046/01.model_devi/task.042.000492 2240
iter.000046/01.model_devi/task.042.000054 260
iter.000046/01.model_devi/task.042.000639 440
iter.000046/01.model_devi/task.042.000503 1340
iter.000046/01.model_devi/task.042.000639 420
iter.000046/01.model_devi/task.042.000639 760
iter.000046/01.model_devi/task.042.000639 750
iter.000046/01.model_devi/task.042.000009 1670
iter.000046/01.model_devi/task.042.000638 1220
iter.000046/01.model_devi/task.042.000639 390
iter.000046/01.model_devi/task.042.000478 1940
iter.000046/01.model_devi/task.042.000773 3000
iter.000046/01.model_devi/task.042.000604 1460
iter.000046/01.model_devi/task.042.000008 2240
iter.000046/01.model_devi/task.042.000418 690
iter.000046/01.model_devi/task.042.000044 2770
iter.000046/01.model_devi/task.042.000768 2970
iter.000046/01.model_devi/task.042.000623 900
iter.000046/01.model_devi/task.042.000744 2160
iter.000046/01.model_devi/task.042.000693 1570
iter.000046/01.model_devi/task.042.000639 380
iter.000046/01.model_devi/task.042.000504 2570
iter.000046/01.model_devi/task.042.000773 2890
iter.000046/01.model_devi/task.042.000389 1080
iter.000046/01.model_devi/task.042.000247 1720
iter.000046/01.model_devi/task.042.000254 2150
iter.000046/01.model_devi/task.042.000453 1830
iter.000046/01.model_devi/task.042.000041 240
iter.000046/01.model_devi/task.042.000523 2720
iter.000046/01.model_devi/task.042.000006 1900
iter.000046/01.model_devi/task.042.000736 570
iter.000046/01.model_devi/task.042.000264 2360
iter.000046/01.model_devi/task.042.000773 2990
iter.000046/01.model_devi/task.042.000058 2880
iter.000046/01.model_devi/task.042.000449 1470
iter.000046/01.model_devi/task.042.000388 2770
iter.000046/01.model_devi/task.042.000487 2640
iter.000046/01.model_devi/task.042.000757 890
iter.000046/01.model_devi/task.042.000244 590
iter.000046/01.model_devi/task.042.000639 410
iter.000046/01.model_devi/task.042.000174 870
iter.000046/01.model_devi/task.042.000143 2160
iter.000046/01.model_devi/task.042.000739 570
iter.000046/01.model_devi/task.042.000322 2750
iter.000046/01.model_devi/task.042.000384 1850
iter.000046/01.model_devi/task.042.000639 430
iter.000046/01.model_devi/task.042.000129 910
iter.000046/01.model_devi/task.042.000384 2190
iter.000046/01.model_devi/task.042.000156 1780
iter.000046/01.model_devi/task.042.000639 460
