iter.000046/01.model_devi/task.026.000771 2000
iter.000046/01.model_devi/task.026.000224 210
iter.000046/01.model_devi/task.026.000008 2640
iter.000046/01.model_devi/task.026.000514 1530
iter.000046/01.model_devi/task.026.000008 2880
iter.000046/01.model_devi/task.026.000007 300
iter.000046/01.model_devi/task.026.000009 1870
iter.000046/01.model_devi/task.026.000743 2150
iter.000046/01.model_devi/task.026.000488 2090
iter.000046/01.model_devi/task.026.000009 430
iter.000046/01.model_devi/task.026.000644 1830
iter.000046/01.model_devi/task.026.000008 2610
iter.000046/01.model_devi/task.026.000689 320
iter.000046/01.model_devi/task.026.000013 1310
iter.000046/01.model_devi/task.026.000008 500
iter.000046/01.model_devi/task.026.000638 2720
iter.000046/01.model_devi/task.026.000724 2700
iter.000046/01.model_devi/task.026.000519 1790
iter.000046/01.model_devi/task.026.000011 510
iter.000046/01.model_devi/task.026.000228 790
iter.000046/01.model_devi/task.026.000127 2190
iter.000046/01.model_devi/task.026.000146 1100
iter.000046/01.model_devi/task.026.000708 2140
iter.000046/01.model_devi/task.026.000103 1750
iter.000046/01.model_devi/task.026.000013 2830
iter.000046/01.model_devi/task.026.000557 1750
iter.000046/01.model_devi/task.026.000034 750
iter.000046/01.model_devi/task.026.000224 180
iter.000046/01.model_devi/task.026.000007 1450
iter.000046/01.model_devi/task.026.000146 830
iter.000046/01.model_devi/task.026.000009 130
iter.000046/01.model_devi/task.026.000719 760
iter.000046/01.model_devi/task.026.000009 2850
iter.000046/01.model_devi/task.026.000344 1220
iter.000046/01.model_devi/task.026.000009 230
iter.000046/01.model_devi/task.026.000148 120
iter.000046/01.model_devi/task.026.000007 800
iter.000046/01.model_devi/task.026.000148 1610
iter.000046/01.model_devi/task.026.000009 780
iter.000046/01.model_devi/task.026.000013 150
iter.000046/01.model_devi/task.026.000006 1800
iter.000046/01.model_devi/task.026.000009 2210
iter.000046/01.model_devi/task.026.000008 1430
iter.000046/01.model_devi/task.026.000019 2190
iter.000046/01.model_devi/task.026.000009 760
iter.000046/01.model_devi/task.026.000007 850
iter.000046/01.model_devi/task.026.000010 1700
iter.000046/01.model_devi/task.026.000644 380
iter.000046/01.model_devi/task.026.000006 170
iter.000046/01.model_devi/task.026.000009 1260
iter.000046/01.model_devi/task.026.000122 2510
iter.000046/01.model_devi/task.026.000010 1030
iter.000046/01.model_devi/task.026.000194 2080
iter.000046/01.model_devi/task.026.000013 2800
iter.000046/01.model_devi/task.026.000649 1460
iter.000046/01.model_devi/task.026.000138 1690
iter.000046/01.model_devi/task.026.000713 2930
iter.000046/01.model_devi/task.026.000633 740
iter.000046/01.model_devi/task.026.000013 1330
iter.000046/01.model_devi/task.026.000116 390
iter.000046/01.model_devi/task.026.000638 2230
iter.000046/01.model_devi/task.026.000622 530
iter.000046/01.model_devi/task.026.000609 2810
iter.000046/01.model_devi/task.026.000614 820
iter.000046/01.model_devi/task.026.000007 2280
iter.000046/01.model_devi/task.026.000587 1580
