iter.000046/01.model_devi/task.034.000779 1080
iter.000046/01.model_devi/task.034.000758 2460
iter.000046/01.model_devi/task.034.000020 140
iter.000046/01.model_devi/task.034.000009 1930
iter.000046/01.model_devi/task.034.000664 1160
iter.000046/01.model_devi/task.034.000009 480
iter.000046/01.model_devi/task.034.000008 2180
iter.000046/01.model_devi/task.034.000004 1890
iter.000046/01.model_devi/task.034.000007 980
iter.000046/01.model_devi/task.034.000523 960
iter.000046/01.model_devi/task.034.000026 1090
iter.000046/01.model_devi/task.034.000532 2080
iter.000046/01.model_devi/task.034.000243 2170
iter.000046/01.model_devi/task.034.000009 90
iter.000046/01.model_devi/task.034.000009 1880
iter.000046/01.model_devi/task.034.000002 2930
iter.000046/01.model_devi/task.034.000004 1680
iter.000046/01.model_devi/task.034.000384 2540
iter.000046/01.model_devi/task.034.000279 1170
iter.000046/01.model_devi/task.034.000006 720
iter.000046/01.model_devi/task.034.000371 2050
iter.000046/01.model_devi/task.034.000052 2740
iter.000046/01.model_devi/task.034.000007 1740
iter.000046/01.model_devi/task.034.000006 630
iter.000046/01.model_devi/task.034.000006 500
iter.000046/01.model_devi/task.034.000374 2120
iter.000046/01.model_devi/task.034.000025 2360
iter.000046/01.model_devi/task.034.000008 370
iter.000046/01.model_devi/task.034.000779 680
iter.000046/01.model_devi/task.034.000779 570
iter.000046/01.model_devi/task.034.000009 1850
iter.000046/01.model_devi/task.034.000006 640
iter.000046/01.model_devi/task.034.000008 1300
iter.000046/01.model_devi/task.034.000009 1860
iter.000046/01.model_devi/task.034.000483 2900
iter.000046/01.model_devi/task.034.000114 780
iter.000046/01.model_devi/task.034.000379 420
iter.000046/01.model_devi/task.034.000158 1780
iter.000046/01.model_devi/task.034.000010 2940
iter.000046/01.model_devi/task.034.000518 1390
iter.000046/01.model_devi/task.034.000614 2010
iter.000046/01.model_devi/task.034.000173 600
iter.000046/01.model_devi/task.034.000009 1520
iter.000046/01.model_devi/task.034.000133 560
iter.000046/01.model_devi/task.034.000008 620
iter.000046/01.model_devi/task.034.000010 2910
iter.000046/01.model_devi/task.034.000044 790
iter.000046/01.model_devi/task.034.000006 2410
iter.000046/01.model_devi/task.034.000521 700
iter.000046/01.model_devi/task.034.000754 940
iter.000046/01.model_devi/task.034.000009 2240
iter.000046/01.model_devi/task.034.000003 470
iter.000046/01.model_devi/task.034.000009 2710
iter.000046/01.model_devi/task.034.000006 610
iter.000046/01.model_devi/task.034.000779 670
iter.000046/01.model_devi/task.034.000001 320
iter.000046/01.model_devi/task.034.000002 1260
iter.000046/01.model_devi/task.034.000019 2500
iter.000046/01.model_devi/task.034.000252 1520
iter.000046/01.model_devi/task.034.000334 660
iter.000046/01.model_devi/task.034.000202 1610
iter.000046/01.model_devi/task.034.000009 1360
