iter.000043/01.model_devi/task.043.000504 2460
iter.000043/01.model_devi/task.043.000692 350
iter.000043/01.model_devi/task.043.000357 2320
iter.000043/01.model_devi/task.043.000758 2280
iter.000043/01.model_devi/task.043.000244 930
iter.000043/01.model_devi/task.043.000339 1350
iter.000043/01.model_devi/task.043.000249 1210
iter.000043/01.model_devi/task.043.000607 1380
iter.000043/01.model_devi/task.043.000119 1150
iter.000043/01.model_devi/task.043.000515 2830
iter.000043/01.model_devi/task.043.000744 770
iter.000043/01.model_devi/task.043.000717 2890
iter.000043/01.model_devi/task.043.000124 1040
iter.000043/01.model_devi/task.043.000472 2040
iter.000043/01.model_devi/task.043.000384 1610
iter.000043/01.model_devi/task.043.000779 1920
iter.000043/01.model_devi/task.043.000743 2160
iter.000043/01.model_devi/task.043.000594 2140
iter.000043/01.model_devi/task.043.000647 610
iter.000043/01.model_devi/task.043.000331 500
iter.000043/01.model_devi/task.043.000478 750
iter.000043/01.model_devi/task.043.000582 2540
iter.000043/01.model_devi/task.043.000479 770
iter.000043/01.model_devi/task.043.000614 1360
iter.000043/01.model_devi/task.043.000128 1700
iter.000043/01.model_devi/task.043.000373 2570
iter.000043/01.model_devi/task.043.000716 1400
iter.000043/01.model_devi/task.043.000711 2230
iter.000043/01.model_devi/task.043.000719 1720
iter.000043/01.model_devi/task.043.000229 1530
iter.000043/01.model_devi/task.043.000358 2390
iter.000043/01.model_devi/task.043.000259 2940
iter.000043/01.model_devi/task.043.000609 1840
iter.000043/01.model_devi/task.043.000244 920
iter.000043/01.model_devi/task.043.000240 1840
iter.000043/01.model_devi/task.043.000719 2400
iter.000043/01.model_devi/task.043.000383 1060
iter.000043/01.model_devi/task.043.000259 2910
iter.000043/01.model_devi/task.043.000259 2930
iter.000043/01.model_devi/task.043.000692 2150
iter.000043/01.model_devi/task.043.000754 2960
iter.000043/01.model_devi/task.043.000239 1040
iter.000043/01.model_devi/task.043.000474 1200
iter.000043/01.model_devi/task.043.000434 2450
iter.000043/01.model_devi/task.043.000507 2240
iter.000043/01.model_devi/task.043.000353 2670
iter.000043/01.model_devi/task.043.000618 2500
iter.000043/01.model_devi/task.043.000709 1200
iter.000043/01.model_devi/task.043.000380 730
iter.000043/01.model_devi/task.043.000354 1910
iter.000043/01.model_devi/task.043.000592 1430
iter.000043/01.model_devi/task.043.000564 1350
iter.000043/01.model_devi/task.043.000518 1410
iter.000043/01.model_devi/task.043.000737 140
iter.000043/01.model_devi/task.043.000692 2140
iter.000043/01.model_devi/task.043.000709 890
iter.000043/01.model_devi/task.043.000003 2860
iter.000043/01.model_devi/task.043.000357 2340
iter.000043/01.model_devi/task.043.000779 2950
iter.000043/01.model_devi/task.043.000719 2690
iter.000043/01.model_devi/task.043.000159 1830
iter.000043/01.model_devi/task.043.000248 2560
iter.000043/01.model_devi/task.043.000282 790
iter.000043/01.model_devi/task.043.000719 2770
iter.000043/01.model_devi/task.043.000125 290
iter.000043/01.model_devi/task.043.000111 370
iter.000043/01.model_devi/task.043.000515 2840
iter.000043/01.model_devi/task.043.000383 1070
iter.000043/01.model_devi/task.043.000352 650
iter.000043/01.model_devi/task.043.000113 1540
iter.000043/01.model_devi/task.043.000694 560
iter.000043/01.model_devi/task.043.000234 1140
iter.000043/01.model_devi/task.043.000479 780
iter.000043/01.model_devi/task.043.000380 760
iter.000043/01.model_devi/task.043.000177 2830
iter.000043/01.model_devi/task.043.000603 2730
iter.000043/01.model_devi/task.043.000189 2550
iter.000043/01.model_devi/task.043.000728 2000
iter.000043/01.model_devi/task.043.000728 2010
iter.000043/01.model_devi/task.043.000164 2130
iter.000043/01.model_devi/task.043.000233 350
iter.000043/01.model_devi/task.043.000249 1760
iter.000043/01.model_devi/task.043.000724 1750
iter.000043/01.model_devi/task.043.000469 1070
iter.000043/01.model_devi/task.043.000574 2560
iter.000043/01.model_devi/task.043.000709 1190
iter.000043/01.model_devi/task.043.000684 1440
iter.000043/01.model_devi/task.043.000719 2510
iter.000043/01.model_devi/task.043.000719 2850
iter.000043/01.model_devi/task.043.000129 1190
iter.000043/01.model_devi/task.043.000757 2720
iter.000043/01.model_devi/task.043.000243 2770
iter.000043/01.model_devi/task.043.000394 2070
iter.000043/01.model_devi/task.043.000515 2810
iter.000043/01.model_devi/task.043.000349 1370
iter.000043/01.model_devi/task.043.000609 1850
iter.000043/01.model_devi/task.043.000484 2740
iter.000043/01.model_devi/task.043.000154 610
iter.000043/01.model_devi/task.043.000389 770
iter.000043/01.model_devi/task.043.000259 2890
iter.000043/01.model_devi/task.043.000244 2320
iter.000043/01.model_devi/task.043.000479 760
iter.000043/01.model_devi/task.043.000366 2570
iter.000043/01.model_devi/task.043.000259 2920
iter.000043/01.model_devi/task.043.000383 1330
iter.000043/01.model_devi/task.043.000739 1940
iter.000043/01.model_devi/task.043.000589 2330
iter.000043/01.model_devi/task.043.000773 1780
iter.000043/01.model_devi/task.043.000341 1580
iter.000043/01.model_devi/task.043.000462 1190
iter.000043/01.model_devi/task.043.000388 2790
iter.000043/01.model_devi/task.043.000724 1760
iter.000043/01.model_devi/task.043.000719 2520
iter.000043/01.model_devi/task.043.000519 340
iter.000043/01.model_devi/task.043.000234 1160
iter.000043/01.model_devi/task.043.000204 2050
iter.000043/01.model_devi/task.043.000259 2980
iter.000043/01.model_devi/task.043.000509 950
iter.000043/01.model_devi/task.043.000474 1190
iter.000043/01.model_devi/task.043.000515 2890
iter.000043/01.model_devi/task.043.000547 930
iter.000043/01.model_devi/task.043.000629 1460
iter.000043/01.model_devi/task.043.000358 2710
iter.000043/01.model_devi/task.043.000258 1310
iter.000043/01.model_devi/task.043.000357 2330
iter.000043/01.model_devi/task.043.000604 730
iter.000043/01.model_devi/task.043.000229 2430
iter.000043/01.model_devi/task.043.000638 2040
iter.000043/01.model_devi/task.043.000129 2370
iter.000043/01.model_devi/task.043.000074 1050
iter.000043/01.model_devi/task.043.000259 2950
iter.000043/01.model_devi/task.043.000483 2900
iter.000043/01.model_devi/task.043.000724 1770
iter.000043/01.model_devi/task.043.000634 1610
iter.000043/01.model_devi/task.043.000507 2490
iter.000043/01.model_devi/task.043.000774 1340
iter.000043/01.model_devi/task.043.000507 2580
iter.000043/01.model_devi/task.043.000779 1660
iter.000043/01.model_devi/task.043.000453 2490
iter.000043/01.model_devi/task.043.000733 200
iter.000043/01.model_devi/task.043.000584 2130
iter.000043/01.model_devi/task.043.000386 1740
iter.000043/01.model_devi/task.043.000451 2920
iter.000043/01.model_devi/task.043.000242 1350
iter.000043/01.model_devi/task.043.000648 2520
iter.000043/01.model_devi/task.043.000593 1550
iter.000043/01.model_devi/task.043.000708 2530
iter.000043/01.model_devi/task.043.000759 2320
iter.000043/01.model_devi/task.043.000715 2870
iter.000043/01.model_devi/task.043.000719 2020
iter.000043/01.model_devi/task.043.000139 2410
iter.000043/01.model_devi/task.043.000362 2240
iter.000043/01.model_devi/task.043.000768 690
iter.000043/01.model_devi/task.043.000258 1010
iter.000043/01.model_devi/task.043.000518 1400
iter.000043/01.model_devi/task.043.000359 1390
iter.000043/01.model_devi/task.043.000259 2970
iter.000043/01.model_devi/task.043.000508 2840
iter.000043/01.model_devi/task.043.000119 1460
iter.000043/01.model_devi/task.043.000638 2440
iter.000043/01.model_devi/task.043.000504 1440
iter.000043/01.model_devi/task.043.000507 2570
iter.000043/01.model_devi/task.043.000594 2130
iter.000043/01.model_devi/task.043.000234 1150
iter.000043/01.model_devi/task.043.000519 1060
iter.000043/01.model_devi/task.043.000750 2700
iter.000043/01.model_devi/task.043.000259 1680
iter.000043/01.model_devi/task.043.000239 1030
iter.000043/01.model_devi/task.043.000687 1580
iter.000043/01.model_devi/task.043.000119 1810
iter.000043/01.model_devi/task.043.000587 2300
iter.000043/01.model_devi/task.043.000629 1180
iter.000043/01.model_devi/task.043.000584 2870
iter.000043/01.model_devi/task.043.000644 1010
iter.000043/01.model_devi/task.043.000694 570
iter.000043/01.model_devi/task.043.000515 2820
iter.000043/01.model_devi/task.043.000649 1060
iter.000043/01.model_devi/task.043.000768 700
iter.000043/01.model_devi/task.043.000609 390
iter.000043/01.model_devi/task.043.000462 1390
iter.000043/01.model_devi/task.043.000209 1340
iter.000043/01.model_devi/task.043.000609 1830
iter.000043/01.model_devi/task.043.000469 1060
iter.000043/01.model_devi/task.043.000474 1660
iter.000043/01.model_devi/task.043.000609 1160
iter.000043/01.model_devi/task.043.000719 2700
