iter.000043/01.model_devi/task.059.000003 1870
iter.000043/01.model_devi/task.059.000259 2860
iter.000043/01.model_devi/task.059.000124 270
iter.000043/01.model_devi/task.059.000264 2760
iter.000043/01.model_devi/task.059.000389 2260
iter.000043/01.model_devi/task.059.000318 1300
iter.000043/01.model_devi/task.059.000253 1730
iter.000043/01.model_devi/task.059.000269 1630
iter.000043/01.model_devi/task.059.000733 2190
iter.000043/01.model_devi/task.059.000779 2090
iter.000043/01.model_devi/task.059.000614 1610
iter.000043/01.model_devi/task.059.000464 2590
iter.000043/01.model_devi/task.059.000529 2780
iter.000043/01.model_devi/task.059.000586 1020
iter.000043/01.model_devi/task.059.000457 790
iter.000043/01.model_devi/task.059.000314 2330
iter.000043/01.model_devi/task.059.000003 1840
iter.000043/01.model_devi/task.059.000632 2920
iter.000043/01.model_devi/task.059.000752 1640
iter.000043/01.model_devi/task.059.000239 2020
iter.000043/01.model_devi/task.059.000384 2340
iter.000043/01.model_devi/task.059.000113 1100
iter.000043/01.model_devi/task.059.000113 1110
iter.000043/01.model_devi/task.059.000593 1450
iter.000043/01.model_devi/task.059.000124 2000
iter.000043/01.model_devi/task.059.000304 940
iter.000043/01.model_devi/task.059.000354 2860
iter.000043/01.model_devi/task.059.000354 1020
iter.000043/01.model_devi/task.059.000728 1430
iter.000043/01.model_devi/task.059.000466 1160
iter.000043/01.model_devi/task.059.000173 1640
iter.000043/01.model_devi/task.059.000518 1720
iter.000043/01.model_devi/task.059.000509 870
iter.000043/01.model_devi/task.059.000728 1420
iter.000043/01.model_devi/task.059.000689 110
iter.000043/01.model_devi/task.059.000707 1400
iter.000043/01.model_devi/task.059.000384 2330
iter.000043/01.model_devi/task.059.000606 1920
iter.000043/01.model_devi/task.059.000008 530
iter.000043/01.model_devi/task.059.000616 2050
iter.000043/01.model_devi/task.059.000514 2370
iter.000043/01.model_devi/task.059.000003 1820
iter.000043/01.model_devi/task.059.000007 140
iter.000043/01.model_devi/task.059.000389 2660
iter.000043/01.model_devi/task.059.000556 1630
iter.000043/01.model_devi/task.059.000244 2160
iter.000043/01.model_devi/task.059.000114 350
iter.000043/01.model_devi/task.059.000632 2740
iter.000043/01.model_devi/task.059.000748 560
iter.000043/01.model_devi/task.059.000728 1450
iter.000043/01.model_devi/task.059.000003 1010
