iter.000043/01.model_devi/task.027.000614 2750
iter.000043/01.model_devi/task.027.000758 120
iter.000043/01.model_devi/task.027.000108 10
iter.000043/01.model_devi/task.027.000239 2780
iter.000043/01.model_devi/task.027.000389 1330
iter.000043/01.model_devi/task.027.000447 1440
iter.000043/01.model_devi/task.027.000579 810
iter.000043/01.model_devi/task.027.000203 1580
iter.000043/01.model_devi/task.027.000690 1200
iter.000043/01.model_devi/task.027.000227 1680
iter.000043/01.model_devi/task.027.000242 950
iter.000043/01.model_devi/task.027.000562 2260
iter.000043/01.model_devi/task.027.000643 2650
iter.000043/01.model_devi/task.027.000589 2680
iter.000043/01.model_devi/task.027.000484 1300
iter.000043/01.model_devi/task.027.000117 10
iter.000043/01.model_devi/task.027.000227 1710
iter.000043/01.model_devi/task.027.000447 1410
iter.000043/01.model_devi/task.027.000724 680
iter.000043/01.model_devi/task.027.000249 580
iter.000043/01.model_devi/task.027.000682 210
iter.000043/01.model_devi/task.027.000097 2320
iter.000043/01.model_devi/task.027.000774 1630
