iter.000043/01.model_devi/task.067.000254 2400
iter.000043/01.model_devi/task.067.000589 2590
iter.000043/01.model_devi/task.067.000504 1620
iter.000043/01.model_devi/task.067.000776 1980
iter.000043/01.model_devi/task.067.000361 540
iter.000043/01.model_devi/task.067.000549 1410
iter.000043/01.model_devi/task.067.000518 300
iter.000043/01.model_devi/task.067.000717 2290
iter.000043/01.model_devi/task.067.000618 2870
iter.000043/01.model_devi/task.067.000686 1760
iter.000043/01.model_devi/task.067.000259 1110
iter.000043/01.model_devi/task.067.000607 1950
iter.000043/01.model_devi/task.067.000491 1680
iter.000043/01.model_devi/task.067.000618 2860
iter.000043/01.model_devi/task.067.000616 690
iter.000043/01.model_devi/task.067.000018 600
iter.000043/01.model_devi/task.067.000739 2470
iter.000043/01.model_devi/task.067.000618 2890
iter.000043/01.model_devi/task.067.000373 1680
iter.000043/01.model_devi/task.067.000234 1900
iter.000043/01.model_devi/task.067.000496 2450
iter.000043/01.model_devi/task.067.000479 1600
iter.000043/01.model_devi/task.067.000732 2490
iter.000043/01.model_devi/task.067.000768 1410
iter.000043/01.model_devi/task.067.000372 2060
iter.000043/01.model_devi/task.067.000618 2880
iter.000043/01.model_devi/task.067.000196 400
iter.000043/01.model_devi/task.067.000084 2710
iter.000043/01.model_devi/task.067.000752 900
iter.000043/01.model_devi/task.067.000468 2820
iter.000043/01.model_devi/task.067.000618 2850
iter.000043/01.model_devi/task.067.000364 2970
iter.000043/01.model_devi/task.067.000644 2940
iter.000043/01.model_devi/task.067.000359 2840
iter.000043/01.model_devi/task.067.000518 290
iter.000043/01.model_devi/task.067.000249 2360
iter.000043/01.model_devi/task.067.000618 2770
iter.000043/01.model_devi/task.067.000612 980
iter.000043/01.model_devi/task.067.000759 2740
iter.000043/01.model_devi/task.067.000618 2810
iter.000043/01.model_devi/task.067.000234 1880
iter.000043/01.model_devi/task.067.000349 520
iter.000043/01.model_devi/task.067.000644 2520
iter.000043/01.model_devi/task.067.000439 560
iter.000043/01.model_devi/task.067.000466 1060
iter.000043/01.model_devi/task.067.000364 1190
iter.000043/01.model_devi/task.067.000614 2890
iter.000043/01.model_devi/task.067.000621 1580
iter.000043/01.model_devi/task.067.000714 2730
iter.000043/01.model_devi/task.067.000618 2840
iter.000043/01.model_devi/task.067.000686 1980
iter.000043/01.model_devi/task.067.000483 2260
iter.000043/01.model_devi/task.067.000776 2000
iter.000043/01.model_devi/task.067.000222 2170
iter.000043/01.model_devi/task.067.000214 1290
iter.000043/01.model_devi/task.067.000466 1070
iter.000043/01.model_devi/task.067.000627 1670
iter.000043/01.model_devi/task.067.000728 520
iter.000043/01.model_devi/task.067.000369 2070
iter.000043/01.model_devi/task.067.000623 1490
iter.000043/01.model_devi/task.067.000638 2980
iter.000043/01.model_devi/task.067.000517 1040
iter.000043/01.model_devi/task.067.000499 1670
iter.000043/01.model_devi/task.067.000618 2830
iter.000043/01.model_devi/task.067.000618 2800
iter.000043/01.model_devi/task.067.000113 2850
iter.000043/01.model_devi/task.067.000368 2850
iter.000043/01.model_devi/task.067.000364 910
iter.000043/01.model_devi/task.067.000776 1990
iter.000043/01.model_devi/task.067.000642 510
iter.000043/01.model_devi/task.067.000767 2560
iter.000043/01.model_devi/task.067.000331 2660
iter.000043/01.model_devi/task.067.000354 1670
iter.000043/01.model_devi/task.067.000388 550
iter.000043/01.model_devi/task.067.000103 300
iter.000043/01.model_devi/task.067.000468 320
iter.000043/01.model_devi/task.067.000773 2820
iter.000043/01.model_devi/task.067.000594 390
iter.000043/01.model_devi/task.067.000644 2530
iter.000043/01.model_devi/task.067.000234 1910
iter.000043/01.model_devi/task.067.000600 590
iter.000043/01.model_devi/task.067.000479 1590
iter.000043/01.model_devi/task.067.000341 2210
iter.000043/01.model_devi/task.067.000234 1860
iter.000043/01.model_devi/task.067.000102 1990
iter.000043/01.model_devi/task.067.000462 330
iter.000043/01.model_devi/task.067.000649 1600
iter.000043/01.model_devi/task.067.000484 1940
iter.000043/01.model_devi/task.067.000517 1060
iter.000043/01.model_devi/task.067.000369 2090
iter.000043/01.model_devi/task.067.000575 420
iter.000043/01.model_devi/task.067.000594 370
iter.000043/01.model_devi/task.067.000612 1220
iter.000043/01.model_devi/task.067.000700 140
iter.000043/01.model_devi/task.067.000631 2290
iter.000043/01.model_devi/task.067.000227 2860
iter.000043/01.model_devi/task.067.000362 1300
iter.000043/01.model_devi/task.067.000645 2830
iter.000043/01.model_devi/task.067.000733 2090
iter.000043/01.model_devi/task.067.000220 1020
iter.000043/01.model_devi/task.067.000479 1580
iter.000043/01.model_devi/task.067.000249 880
iter.000043/01.model_devi/task.067.000717 2800
iter.000043/01.model_devi/task.067.000343 1800
iter.000043/01.model_devi/task.067.000614 2640
iter.000043/01.model_devi/task.067.000259 2620
iter.000043/01.model_devi/task.067.000514 2940
iter.000043/01.model_devi/task.067.000220 1640
iter.000043/01.model_devi/task.067.000724 1330
iter.000043/01.model_devi/task.067.000743 610
iter.000043/01.model_devi/task.067.000234 1920
iter.000043/01.model_devi/task.067.000575 440
iter.000043/01.model_devi/task.067.000364 930
iter.000043/01.model_devi/task.067.000623 1510
iter.000043/01.model_devi/task.067.000672 1170
iter.000043/01.model_devi/task.067.000104 2080
iter.000043/01.model_devi/task.067.000643 260
iter.000043/01.model_devi/task.067.000489 1050
iter.000043/01.model_devi/task.067.000512 190
iter.000043/01.model_devi/task.067.000616 680
iter.000043/01.model_devi/task.067.000639 1810
iter.000043/01.model_devi/task.067.000463 2930
iter.000043/01.model_devi/task.067.000614 2650
iter.000043/01.model_devi/task.067.000354 1500
iter.000043/01.model_devi/task.067.000594 360
iter.000043/01.model_devi/task.067.000373 2020
iter.000043/01.model_devi/task.067.000575 430
iter.000043/01.model_devi/task.067.000648 940
iter.000043/01.model_devi/task.067.000612 2970
iter.000043/01.model_devi/task.067.000084 910
iter.000043/01.model_devi/task.067.000427 550
iter.000043/01.model_devi/task.067.000591 480
iter.000043/01.model_devi/task.067.000647 1500
iter.000043/01.model_devi/task.067.000220 1650
iter.000043/01.model_devi/task.067.000756 850
iter.000043/01.model_devi/task.067.000363 970
iter.000043/01.model_devi/task.067.000363 1980
iter.000043/01.model_devi/task.067.000503 1280
iter.000043/01.model_devi/task.067.000776 2010
iter.000043/01.model_devi/task.067.000608 940
iter.000043/01.model_devi/task.067.000486 1370
iter.000043/01.model_devi/task.067.000639 2230
iter.000043/01.model_devi/task.067.000589 2600
iter.000043/01.model_devi/task.067.000493 610
iter.000043/01.model_devi/task.067.000692 430
iter.000043/01.model_devi/task.067.000721 2110
iter.000043/01.model_devi/task.067.000251 1580
iter.000043/01.model_devi/task.067.000353 1710
iter.000043/01.model_devi/task.067.000687 1580
iter.000043/01.model_devi/task.067.000608 2210
iter.000043/01.model_devi/task.067.000232 1310
iter.000043/01.model_devi/task.067.000717 2270
iter.000043/01.model_devi/task.067.000756 860
iter.000043/01.model_devi/task.067.000649 1520
iter.000043/01.model_devi/task.067.000643 240
iter.000043/01.model_devi/task.067.000721 2450
iter.000043/01.model_devi/task.067.000504 1670
iter.000043/01.model_devi/task.067.000750 90
iter.000043/01.model_devi/task.067.000499 1680
iter.000043/01.model_devi/task.067.000489 2040
iter.000043/01.model_devi/task.067.000599 2190
iter.000043/01.model_devi/task.067.000692 440
iter.000043/01.model_devi/task.067.000358 2580
iter.000043/01.model_devi/task.067.000259 1790
iter.000043/01.model_devi/task.067.000359 2820
iter.000043/01.model_devi/task.067.000604 1150
iter.000043/01.model_devi/task.067.000341 2190
iter.000043/01.model_devi/task.067.000739 1370
iter.000043/01.model_devi/task.067.000099 1130
iter.000043/01.model_devi/task.067.000504 590
iter.000043/01.model_devi/task.067.000714 2740
iter.000043/01.model_devi/task.067.000772 1470
iter.000043/01.model_devi/task.067.000462 740
iter.000043/01.model_devi/task.067.000114 1950
iter.000043/01.model_devi/task.067.000594 380
iter.000043/01.model_devi/task.067.000717 2280
iter.000043/01.model_devi/task.067.000618 2780
iter.000043/01.model_devi/task.067.000683 1670
iter.000043/01.model_devi/task.067.000618 2820
iter.000043/01.model_devi/task.067.000493 1660
iter.000043/01.model_devi/task.067.000204 1940
iter.000043/01.model_devi/task.067.000604 760
iter.000043/01.model_devi/task.067.000359 1680
iter.000043/01.model_devi/task.067.000484 620
iter.000043/01.model_devi/task.067.000513 1010
iter.000043/01.model_devi/task.067.000234 840
iter.000043/01.model_devi/task.067.000511 2450
iter.000043/01.model_devi/task.067.000618 2790
iter.000043/01.model_devi/task.067.000594 400
iter.000043/01.model_devi/task.067.000728 540
iter.000043/01.model_devi/task.067.000612 1240
iter.000043/01.model_devi/task.067.000516 1580
iter.000043/01.model_devi/task.067.000726 510
iter.000043/01.model_devi/task.067.000358 2320
iter.000043/01.model_devi/task.067.000518 2990
iter.000043/01.model_devi/task.067.000364 890
iter.000043/01.model_devi/task.067.000714 2720
iter.000043/01.model_devi/task.067.000594 2120
iter.000043/01.model_devi/task.067.000621 1540
iter.000043/01.model_devi/task.067.000227 1160
iter.000043/01.model_devi/task.067.000229 1360
iter.000043/01.model_devi/task.067.000614 670
iter.000043/01.model_devi/task.067.000689 1750
iter.000043/01.model_devi/task.067.000459 820
