iter.000043/01.model_devi/task.051.000129 980
iter.000043/01.model_devi/task.051.000324 210
iter.000043/01.model_devi/task.051.000208 1820
iter.000043/01.model_devi/task.051.000754 2210
iter.000043/01.model_devi/task.051.000288 370
iter.000043/01.model_devi/task.051.000464 2770
iter.000043/01.model_devi/task.051.000633 2270
iter.000043/01.model_devi/task.051.000259 2480
iter.000043/01.model_devi/task.051.000119 1480
iter.000043/01.model_devi/task.051.000034 1860
iter.000043/01.model_devi/task.051.000359 2880
iter.000043/01.model_devi/task.051.000100 2650
iter.000043/01.model_devi/task.051.000254 2120
iter.000043/01.model_devi/task.051.000274 650
iter.000043/01.model_devi/task.051.000648 640
iter.000043/01.model_devi/task.051.000634 2350
iter.000043/01.model_devi/task.051.000017 130
iter.000043/01.model_devi/task.051.000009 1430
iter.000043/01.model_devi/task.051.000759 2720
iter.000043/01.model_devi/task.051.000764 900
iter.000043/01.model_devi/task.051.000608 740
iter.000043/01.model_devi/task.051.000119 650
iter.000043/01.model_devi/task.051.000227 2280
iter.000043/01.model_devi/task.051.000072 1600
iter.000043/01.model_devi/task.051.000164 120
iter.000043/01.model_devi/task.051.000379 950
iter.000043/01.model_devi/task.051.000367 700
iter.000043/01.model_devi/task.051.000215 1920
iter.000043/01.model_devi/task.051.000133 1920
iter.000043/01.model_devi/task.051.000379 990
iter.000043/01.model_devi/task.051.000378 1740
iter.000043/01.model_devi/task.051.000599 1920
iter.000043/01.model_devi/task.051.000569 2280
iter.000043/01.model_devi/task.051.000478 1120
iter.000043/01.model_devi/task.051.000569 1320
iter.000043/01.model_devi/task.051.000119 1220
iter.000043/01.model_devi/task.051.000351 1970
iter.000043/01.model_devi/task.051.000509 1370
iter.000043/01.model_devi/task.051.000102 660
iter.000043/01.model_devi/task.051.000011 400
iter.000043/01.model_devi/task.051.000618 2550
iter.000043/01.model_devi/task.051.000016 1430
iter.000043/01.model_devi/task.051.000633 2340
iter.000043/01.model_devi/task.051.000633 2260
iter.000043/01.model_devi/task.051.000349 860
iter.000043/01.model_devi/task.051.000459 530
