iter.000043/01.model_devi/task.035.000619 2730
iter.000043/01.model_devi/task.035.000249 2910
iter.000043/01.model_devi/task.035.000104 2900
iter.000043/01.model_devi/task.035.000723 1990
iter.000043/01.model_devi/task.035.000227 1520
iter.000043/01.model_devi/task.035.000347 2980
iter.000043/01.model_devi/task.035.000374 2750
iter.000043/01.model_devi/task.035.000604 830
iter.000043/01.model_devi/task.035.000018 940
iter.000043/01.model_devi/task.035.000513 480
iter.000043/01.model_devi/task.035.000019 160
iter.000043/01.model_devi/task.035.000254 450
iter.000043/01.model_devi/task.035.000154 140
iter.000043/01.model_devi/task.035.000374 800
iter.000043/01.model_devi/task.035.000229 2260
iter.000043/01.model_devi/task.035.000018 2120
iter.000043/01.model_devi/task.035.000488 1660
iter.000043/01.model_devi/task.035.000508 2780
iter.000043/01.model_devi/task.035.000603 2540
iter.000043/01.model_devi/task.035.000008 1860
iter.000043/01.model_devi/task.035.000388 270
iter.000043/01.model_devi/task.035.000488 1870
iter.000043/01.model_devi/task.035.000093 2820
iter.000043/01.model_devi/task.035.000708 2650
iter.000043/01.model_devi/task.035.000642 2130
iter.000043/01.model_devi/task.035.000488 1100
iter.000043/01.model_devi/task.035.000714 660
iter.000043/01.model_devi/task.035.000008 1850
iter.000043/01.model_devi/task.035.000058 1340
iter.000043/01.model_devi/task.035.000324 270
