iter.000026/01.model_devi/task.010.000192 1340
iter.000026/01.model_devi/task.010.000236 1710
iter.000026/01.model_devi/task.010.000311 2130
iter.000026/01.model_devi/task.010.000296 620
iter.000026/01.model_devi/task.010.000031 620
iter.000026/01.model_devi/task.010.000197 2660
iter.000026/01.model_devi/task.010.000032 2950
iter.000026/01.model_devi/task.010.000186 640
iter.000026/01.model_devi/task.010.000284 1840
iter.000026/01.model_devi/task.010.000305 1020
iter.000026/01.model_devi/task.010.000157 2240
iter.000026/01.model_devi/task.010.000036 2950
iter.000026/01.model_devi/task.010.000218 1940
iter.000026/01.model_devi/task.010.000188 260
iter.000026/01.model_devi/task.010.000033 630
iter.000026/01.model_devi/task.010.000219 1120
iter.000026/01.model_devi/task.010.000394 2980
iter.000026/01.model_devi/task.010.000157 570
iter.000026/01.model_devi/task.010.000387 1340
iter.000026/01.model_devi/task.010.000304 2390
iter.000026/01.model_devi/task.010.000314 1790
iter.000026/01.model_devi/task.010.000073 950
iter.000026/01.model_devi/task.010.000024 2840
iter.000026/01.model_devi/task.010.000077 890
