iter.000026/01.model_devi/task.002.000348 320
iter.000026/01.model_devi/task.002.000393 2740
iter.000026/01.model_devi/task.002.000386 1900
iter.000026/01.model_devi/task.002.000399 500
iter.000026/01.model_devi/task.002.000222 980
iter.000026/01.model_devi/task.002.000399 510
iter.000026/01.model_devi/task.002.000301 1650
iter.000026/01.model_devi/task.002.000355 1410
iter.000026/01.model_devi/task.002.000234 850
iter.000026/01.model_devi/task.002.000354 2180
iter.000026/01.model_devi/task.002.000112 800
iter.000026/01.model_devi/task.002.000225 1630
iter.000026/01.model_devi/task.002.000396 2730
iter.000026/01.model_devi/task.002.000340 1660
iter.000026/01.model_devi/task.002.000198 2490
iter.000026/01.model_devi/task.002.000346 760
iter.000026/01.model_devi/task.002.000223 1160
iter.000026/01.model_devi/task.002.000353 1320
iter.000026/01.model_devi/task.002.000383 1380
iter.000026/01.model_devi/task.002.000278 2690
iter.000026/01.model_devi/task.002.000111 1730
iter.000026/01.model_devi/task.002.000356 610
iter.000026/01.model_devi/task.002.000179 1650
iter.000026/01.model_devi/task.002.000149 900
iter.000026/01.model_devi/task.002.000034 880
iter.000026/01.model_devi/task.002.000226 1310
iter.000026/01.model_devi/task.002.000268 2560
