iter.000038/01.model_devi/task.042.000764 1640
iter.000038/01.model_devi/task.042.000764 1690
iter.000038/01.model_devi/task.042.000693 2580
iter.000038/01.model_devi/task.042.000764 1760
iter.000038/01.model_devi/task.042.000764 1940
iter.000038/01.model_devi/task.042.000764 1920
iter.000038/01.model_devi/task.042.000243 1650
iter.000038/01.model_devi/task.042.000764 1820
iter.000038/01.model_devi/task.042.000764 1720
iter.000038/01.model_devi/task.042.000764 1500
iter.000038/01.model_devi/task.042.000764 1730
iter.000038/01.model_devi/task.042.000764 1990
iter.000038/01.model_devi/task.042.000764 1510
iter.000038/01.model_devi/task.042.000703 970
iter.000038/01.model_devi/task.042.000499 1040
iter.000038/01.model_devi/task.042.000764 1840
iter.000038/01.model_devi/task.042.000629 1580
iter.000038/01.model_devi/task.042.000764 1680
iter.000038/01.model_devi/task.042.000357 2510
iter.000038/01.model_devi/task.042.000453 1030
iter.000038/01.model_devi/task.042.000571 560
iter.000038/01.model_devi/task.042.000499 1050
iter.000038/01.model_devi/task.042.000764 1650
iter.000038/01.model_devi/task.042.000764 1700
iter.000038/01.model_devi/task.042.000738 100
iter.000038/01.model_devi/task.042.000764 1490
iter.000038/01.model_devi/task.042.000648 750
iter.000038/01.model_devi/task.042.000689 2440
iter.000038/01.model_devi/task.042.000764 2040
iter.000038/01.model_devi/task.042.000764 2020
iter.000038/01.model_devi/task.042.000764 1870
iter.000038/01.model_devi/task.042.000616 750
iter.000038/01.model_devi/task.042.000764 1710
iter.000038/01.model_devi/task.042.000764 1980
iter.000038/01.model_devi/task.042.000364 1050
iter.000038/01.model_devi/task.042.000764 1780
iter.000038/01.model_devi/task.042.000508 140
iter.000038/01.model_devi/task.042.000499 1070
iter.000038/01.model_devi/task.042.000219 2880
iter.000038/01.model_devi/task.042.000764 1540
iter.000038/01.model_devi/task.042.000077 1370
iter.000038/01.model_devi/task.042.000619 2290
iter.000038/01.model_devi/task.042.000473 260
iter.000038/01.model_devi/task.042.000764 1810
iter.000038/01.model_devi/task.042.000764 1670
iter.000038/01.model_devi/task.042.000754 800
iter.000038/01.model_devi/task.042.000764 1930
iter.000038/01.model_devi/task.042.000489 1700
iter.000038/01.model_devi/task.042.000519 2840
iter.000038/01.model_devi/task.042.000764 1550
iter.000038/01.model_devi/task.042.000347 2020
iter.000038/01.model_devi/task.042.000519 2900
iter.000038/01.model_devi/task.042.000766 730
iter.000038/01.model_devi/task.042.000519 2910
iter.000038/01.model_devi/task.042.000519 2850
iter.000038/01.model_devi/task.042.000384 1550
iter.000038/01.model_devi/task.042.000729 1940
iter.000038/01.model_devi/task.042.000764 2010
iter.000038/01.model_devi/task.042.000568 1000
iter.000038/01.model_devi/task.042.000764 1530
iter.000038/01.model_devi/task.042.000728 1510
iter.000038/01.model_devi/task.042.000764 1800
iter.000038/01.model_devi/task.042.000764 1770
iter.000038/01.model_devi/task.042.000083 330
iter.000038/01.model_devi/task.042.000764 1740
iter.000038/01.model_devi/task.042.000764 1850
iter.000038/01.model_devi/task.042.000739 2710
iter.000038/01.model_devi/task.042.000764 1960
iter.000038/01.model_devi/task.042.000769 2220
iter.000038/01.model_devi/task.042.000519 2830
iter.000038/01.model_devi/task.042.000764 1520
iter.000038/01.model_devi/task.042.000764 1880
iter.000038/01.model_devi/task.042.000509 1070
iter.000038/01.model_devi/task.042.000219 450
iter.000038/01.model_devi/task.042.000519 2860
iter.000038/01.model_devi/task.042.000219 2870
iter.000038/01.model_devi/task.042.000499 1060
iter.000038/01.model_devi/task.042.000764 1480
iter.000038/01.model_devi/task.042.000244 860
iter.000038/01.model_devi/task.042.000764 1890
iter.000038/01.model_devi/task.042.000764 1910
iter.000038/01.model_devi/task.042.000764 2050
iter.000038/01.model_devi/task.042.000764 1900
iter.000038/01.model_devi/task.042.000499 1080
iter.000038/01.model_devi/task.042.000764 1790
iter.000038/01.model_devi/task.042.000519 2870
iter.000038/01.model_devi/task.042.000649 1340
iter.000038/01.model_devi/task.042.000353 2380
iter.000038/01.model_devi/task.042.000764 2000
iter.000038/01.model_devi/task.042.000509 940
iter.000038/01.model_devi/task.042.000764 1970
iter.000038/01.model_devi/task.042.000338 2470
iter.000038/01.model_devi/task.042.000519 2010
iter.000038/01.model_devi/task.042.000764 1830
iter.000038/01.model_devi/task.042.000247 2310
iter.000038/01.model_devi/task.042.000224 2730
iter.000038/01.model_devi/task.042.000321 2620
iter.000038/01.model_devi/task.042.000764 1660
iter.000038/01.model_devi/task.042.000764 1950
iter.000038/01.model_devi/task.042.000519 2880
iter.000038/01.model_devi/task.042.000129 1300
iter.000038/01.model_devi/task.042.000519 2890
iter.000038/01.model_devi/task.042.000764 1860
iter.000038/01.model_devi/task.042.000619 2830
iter.000038/01.model_devi/task.042.000519 2920
iter.000038/01.model_devi/task.042.000764 2030
iter.000038/01.model_devi/task.042.000619 2820
iter.000038/01.model_devi/task.042.000714 780
iter.000038/01.model_devi/task.042.000764 1750
