iter.000038/01.model_devi/task.066.000734 1960
iter.000038/01.model_devi/task.066.000614 2010
iter.000038/01.model_devi/task.066.000464 1380
iter.000038/01.model_devi/task.066.000734 2920
iter.000038/01.model_devi/task.066.000578 1480
iter.000038/01.model_devi/task.066.000764 1470
iter.000038/01.model_devi/task.066.000758 2380
iter.000038/01.model_devi/task.066.000769 2720
iter.000038/01.model_devi/task.066.000758 2540
iter.000038/01.model_devi/task.066.000464 1490
iter.000038/01.model_devi/task.066.000218 2990
iter.000038/01.model_devi/task.066.000749 2210
iter.000038/01.model_devi/task.066.000454 750
iter.000038/01.model_devi/task.066.000464 1370
iter.000038/01.model_devi/task.066.000639 2130
iter.000038/01.model_devi/task.066.000758 2390
iter.000038/01.model_devi/task.066.000704 920
iter.000038/01.model_devi/task.066.000644 960
iter.000038/01.model_devi/task.066.000443 2750
iter.000038/01.model_devi/task.066.000383 740
iter.000038/01.model_devi/task.066.000769 2740
iter.000038/01.model_devi/task.066.000639 2160
iter.000038/01.model_devi/task.066.000514 2630
iter.000038/01.model_devi/task.066.000769 2710
iter.000038/01.model_devi/task.066.000239 2400
iter.000038/01.model_devi/task.066.000514 2620
iter.000038/01.model_devi/task.066.000758 2550
iter.000038/01.model_devi/task.066.000724 1360
iter.000038/01.model_devi/task.066.000749 2190
iter.000038/01.model_devi/task.066.000634 90
iter.000038/01.model_devi/task.066.000503 890
iter.000038/01.model_devi/task.066.000758 2370
iter.000038/01.model_devi/task.066.000614 2020
iter.000038/01.model_devi/task.066.000464 1330
iter.000038/01.model_devi/task.066.000443 1930
iter.000038/01.model_devi/task.066.000762 910
iter.000038/01.model_devi/task.066.000584 2850
iter.000038/01.model_devi/task.066.000639 1040
iter.000038/01.model_devi/task.066.000694 1660
iter.000038/01.model_devi/task.066.000473 2890
iter.000038/01.model_devi/task.066.000329 1530
iter.000038/01.model_devi/task.066.000464 1500
iter.000038/01.model_devi/task.066.000514 2650
iter.000038/01.model_devi/task.066.000333 730
iter.000038/01.model_devi/task.066.000758 2580
iter.000038/01.model_devi/task.066.000758 2400
iter.000038/01.model_devi/task.066.000758 2560
iter.000038/01.model_devi/task.066.000234 1850
iter.000038/01.model_devi/task.066.000584 1320
iter.000038/01.model_devi/task.066.000503 820
iter.000038/01.model_devi/task.066.000578 1490
iter.000038/01.model_devi/task.066.000249 2600
iter.000038/01.model_devi/task.066.000639 1050
iter.000038/01.model_devi/task.066.000503 900
iter.000038/01.model_devi/task.066.000758 2530
iter.000038/01.model_devi/task.066.000613 2380
iter.000038/01.model_devi/task.066.000618 3000
iter.000038/01.model_devi/task.066.000639 2150
iter.000038/01.model_devi/task.066.000628 2860
iter.000038/01.model_devi/task.066.000699 2360
iter.000038/01.model_devi/task.066.000734 1970
iter.000038/01.model_devi/task.066.000734 2770
iter.000038/01.model_devi/task.066.000519 940
iter.000038/01.model_devi/task.066.000369 360
iter.000038/01.model_devi/task.066.000464 1530
iter.000038/01.model_devi/task.066.000644 990
iter.000038/01.model_devi/task.066.000749 2200
iter.000038/01.model_devi/task.066.000614 2030
iter.000038/01.model_devi/task.066.000758 2520
iter.000038/01.model_devi/task.066.000327 1160
iter.000038/01.model_devi/task.066.000724 2700
iter.000038/01.model_devi/task.066.000503 830
iter.000038/01.model_devi/task.066.000734 1980
iter.000038/01.model_devi/task.066.000249 2610
iter.000038/01.model_devi/task.066.000758 2410
iter.000038/01.model_devi/task.066.000339 2480
iter.000038/01.model_devi/task.066.000441 160
iter.000038/01.model_devi/task.066.000503 860
iter.000038/01.model_devi/task.066.000613 2390
iter.000038/01.model_devi/task.066.000704 930
iter.000038/01.model_devi/task.066.000769 2730
iter.000038/01.model_devi/task.066.000724 2690
iter.000038/01.model_devi/task.066.000249 2620
iter.000038/01.model_devi/task.066.000749 2180
iter.000038/01.model_devi/task.066.000503 840
iter.000038/01.model_devi/task.066.000618 630
iter.000038/01.model_devi/task.066.000498 640
iter.000038/01.model_devi/task.066.000374 500
iter.000038/01.model_devi/task.066.000464 1340
iter.000038/01.model_devi/task.066.000758 2570
iter.000038/01.model_devi/task.066.000333 720
iter.000038/01.model_devi/task.066.000584 2840
iter.000038/01.model_devi/task.066.000643 2690
iter.000038/01.model_devi/task.066.000503 810
iter.000038/01.model_devi/task.066.000754 2260
iter.000038/01.model_devi/task.066.000639 2140
iter.000038/01.model_devi/task.066.000514 2640
iter.000038/01.model_devi/task.066.000503 850
iter.000038/01.model_devi/task.066.000734 2910
iter.000038/01.model_devi/task.066.000464 1360
iter.000038/01.model_devi/task.066.000464 1520
iter.000038/01.model_devi/task.066.000724 2680
iter.000038/01.model_devi/task.066.000754 2320
iter.000038/01.model_devi/task.066.000644 950
iter.000038/01.model_devi/task.066.000574 2350
iter.000038/01.model_devi/task.066.000464 1510
iter.000038/01.model_devi/task.066.000644 780
iter.000038/01.model_devi/task.066.000643 2680
iter.000038/01.model_devi/task.066.000464 1350
iter.000038/01.model_devi/task.066.000634 1450
iter.000038/01.model_devi/task.066.000249 260
iter.000038/01.model_devi/task.066.000584 2860
iter.000038/01.model_devi/task.066.000739 1520
iter.000038/01.model_devi/task.066.000704 910
iter.000038/01.model_devi/task.066.000769 1000
