iter.000047/01.model_devi/task.027.000639 2060
iter.000047/01.model_devi/task.027.000094 280
iter.000047/01.model_devi/task.027.000639 2830
iter.000047/01.model_devi/task.027.000259 2970
iter.000047/01.model_devi/task.027.000239 2810
iter.000047/01.model_devi/task.027.000494 2930
iter.000047/01.model_devi/task.027.000758 2540
iter.000047/01.model_devi/task.027.000514 270
iter.000047/01.model_devi/task.027.000073 360
iter.000047/01.model_devi/task.027.000639 2800
iter.000047/01.model_devi/task.027.000769 970
iter.000047/01.model_devi/task.027.000746 590
iter.000047/01.model_devi/task.027.000246 2580
iter.000047/01.model_devi/task.027.000378 1440
iter.000047/01.model_devi/task.027.000499 260
iter.000047/01.model_devi/task.027.000386 320
iter.000047/01.model_devi/task.027.000157 780
iter.000047/01.model_devi/task.027.000769 880
iter.000047/01.model_devi/task.027.000503 2960
iter.000047/01.model_devi/task.027.000608 940
iter.000047/01.model_devi/task.027.000774 1830
iter.000047/01.model_devi/task.027.000645 1130
iter.000047/01.model_devi/task.027.000623 1900
iter.000047/01.model_devi/task.027.000504 2210
iter.000047/01.model_devi/task.027.000513 1650
iter.000047/01.model_devi/task.027.000242 800
iter.000047/01.model_devi/task.027.000744 2150
iter.000047/01.model_devi/task.027.000044 1650
iter.000047/01.model_devi/task.027.000645 1150
iter.000047/01.model_devi/task.027.000374 710
iter.000047/01.model_devi/task.027.000758 2600
iter.000047/01.model_devi/task.027.000642 1980
iter.000047/01.model_devi/task.027.000058 2690
iter.000047/01.model_devi/task.027.000029 2710
iter.000047/01.model_devi/task.027.000514 780
iter.000047/01.model_devi/task.027.000486 2000
iter.000047/01.model_devi/task.027.000239 2160
iter.000047/01.model_devi/task.027.000647 1460
iter.000047/01.model_devi/task.027.000731 2650
iter.000047/01.model_devi/task.027.000314 2660
iter.000047/01.model_devi/task.027.000056 2880
iter.000047/01.model_devi/task.027.000389 1300
iter.000047/01.model_devi/task.027.000504 2200
iter.000047/01.model_devi/task.027.000744 1860
iter.000047/01.model_devi/task.027.000714 2540
iter.000047/01.model_devi/task.027.000645 1140
iter.000047/01.model_devi/task.027.000507 1940
iter.000047/01.model_devi/task.027.000721 1980
iter.000047/01.model_devi/task.027.000619 830
iter.000047/01.model_devi/task.027.000742 3000
iter.000047/01.model_devi/task.027.000619 820
iter.000047/01.model_devi/task.027.000484 2240
iter.000047/01.model_devi/task.027.000766 1860
iter.000047/01.model_devi/task.027.000638 2620
iter.000047/01.model_devi/task.027.000482 1370
iter.000047/01.model_devi/task.027.000259 2250
iter.000047/01.model_devi/task.027.000772 2760
iter.000047/01.model_devi/task.027.000514 1250
iter.000047/01.model_devi/task.027.000482 1380
iter.000047/01.model_devi/task.027.000624 2660
iter.000047/01.model_devi/task.027.000309 1230
iter.000047/01.model_devi/task.027.000744 1800
iter.000047/01.model_devi/task.027.000014 680
iter.000047/01.model_devi/task.027.000718 1630
iter.000047/01.model_devi/task.027.000768 1990
iter.000047/01.model_devi/task.027.000779 580
iter.000047/01.model_devi/task.027.000134 370
iter.000047/01.model_devi/task.027.000486 2050
iter.000047/01.model_devi/task.027.000758 2630
iter.000047/01.model_devi/task.027.000494 2890
iter.000047/01.model_devi/task.027.000743 220
iter.000047/01.model_devi/task.027.000120 2260
iter.000047/01.model_devi/task.027.000766 1820
iter.000047/01.model_devi/task.027.000299 1550
iter.000047/01.model_devi/task.027.000504 830
iter.000047/01.model_devi/task.027.000638 2660
iter.000047/01.model_devi/task.027.000009 2730
iter.000047/01.model_devi/task.027.000629 890
iter.000047/01.model_devi/task.027.000508 950
iter.000047/01.model_devi/task.027.000503 2300
iter.000047/01.model_devi/task.027.000259 1870
iter.000047/01.model_devi/task.027.000358 2530
iter.000047/01.model_devi/task.027.000514 2090
iter.000047/01.model_devi/task.027.000378 1420
iter.000047/01.model_devi/task.027.000779 520
iter.000047/01.model_devi/task.027.000513 1670
iter.000047/01.model_devi/task.027.000138 1960
iter.000047/01.model_devi/task.027.000745 350
iter.000047/01.model_devi/task.027.000645 1160
iter.000047/01.model_devi/task.027.000486 2130
iter.000047/01.model_devi/task.027.000749 590
iter.000047/01.model_devi/task.027.000448 2380
iter.000047/01.model_devi/task.027.000617 1730
iter.000047/01.model_devi/task.027.000503 2930
iter.000047/01.model_devi/task.027.000367 2390
iter.000047/01.model_devi/task.027.000008 2800
iter.000047/01.model_devi/task.027.000642 1960
iter.000047/01.model_devi/task.027.000009 790
iter.000047/01.model_devi/task.027.000348 2760
iter.000047/01.model_devi/task.027.000486 2060
iter.000047/01.model_devi/task.027.000029 2750
iter.000047/01.model_devi/task.027.000058 2660
iter.000047/01.model_devi/task.027.000766 1790
iter.000047/01.model_devi/task.027.000374 700
iter.000047/01.model_devi/task.027.000329 2760
iter.000047/01.model_devi/task.027.000499 2680
iter.000047/01.model_devi/task.027.000263 2550
iter.000047/01.model_devi/task.027.000239 2150
iter.000047/01.model_devi/task.027.000648 2910
iter.000047/01.model_devi/task.027.000384 1060
iter.000047/01.model_devi/task.027.000639 2340
iter.000047/01.model_devi/task.027.000360 2590
iter.000047/01.model_devi/task.027.000249 2840
iter.000047/01.model_devi/task.027.000638 2590
iter.000047/01.model_devi/task.027.000729 1400
iter.000047/01.model_devi/task.027.000518 2110
iter.000047/01.model_devi/task.027.000005 1780
iter.000047/01.model_devi/task.027.000159 1620
iter.000047/01.model_devi/task.027.000353 570
iter.000047/01.model_devi/task.027.000743 2530
iter.000047/01.model_devi/task.027.000248 2750
iter.000047/01.model_devi/task.027.000239 2180
iter.000047/01.model_devi/task.027.000389 1340
iter.000047/01.model_devi/task.027.000494 2960
iter.000047/01.model_devi/task.027.000766 1770
iter.000047/01.model_devi/task.027.000674 2480
iter.000047/01.model_devi/task.027.000129 990
iter.000047/01.model_devi/task.027.000643 2460
iter.000047/01.model_devi/task.027.000004 1390
iter.000047/01.model_devi/task.027.000604 740
iter.000047/01.model_devi/task.027.000259 2950
iter.000047/01.model_devi/task.027.000744 820
iter.000047/01.model_devi/task.027.000619 1550
iter.000047/01.model_devi/task.027.000009 1030
iter.000047/01.model_devi/task.027.000493 1750
iter.000047/01.model_devi/task.027.000647 1380
iter.000047/01.model_devi/task.027.000646 390
iter.000047/01.model_devi/task.027.000745 480
iter.000047/01.model_devi/task.027.000623 1790
iter.000047/01.model_devi/task.027.000639 370
iter.000047/01.model_devi/task.027.000384 1090
iter.000047/01.model_devi/task.027.000382 1160
iter.000047/01.model_devi/task.027.000017 2320
iter.000047/01.model_devi/task.027.000638 2630
iter.000047/01.model_devi/task.027.000514 530
iter.000047/01.model_devi/task.027.000056 2210
iter.000047/01.model_devi/task.027.000647 760
iter.000047/01.model_devi/task.027.000774 2720
iter.000047/01.model_devi/task.027.000643 2480
iter.000047/01.model_devi/task.027.000639 1440
iter.000047/01.model_devi/task.027.000499 2710
iter.000047/01.model_devi/task.027.000767 340
iter.000047/01.model_devi/task.027.000769 590
iter.000047/01.model_devi/task.027.000053 1310
iter.000047/01.model_devi/task.027.000779 550
iter.000047/01.model_devi/task.027.000053 2100
iter.000047/01.model_devi/task.027.000508 900
iter.000047/01.model_devi/task.027.000376 730
iter.000047/01.model_devi/task.027.000053 2070
iter.000047/01.model_devi/task.027.000018 750
iter.000047/01.model_devi/task.027.000414 2190
iter.000047/01.model_devi/task.027.000649 1350
iter.000047/01.model_devi/task.027.000374 2980
iter.000047/01.model_devi/task.027.000769 2240
iter.000047/01.model_devi/task.027.000746 570
iter.000047/01.model_devi/task.027.000074 460
iter.000047/01.model_devi/task.027.000105 2990
iter.000047/01.model_devi/task.027.000091 520
iter.000047/01.model_devi/task.027.000484 1750
iter.000047/01.model_devi/task.027.000493 1700
iter.000047/01.model_devi/task.027.000758 2610
iter.000047/01.model_devi/task.027.000498 1270
iter.000047/01.model_devi/task.027.000752 1960
iter.000047/01.model_devi/task.027.000643 2390
iter.000047/01.model_devi/task.027.000486 1980
iter.000047/01.model_devi/task.027.000507 1930
iter.000047/01.model_devi/task.027.000013 2020
iter.000047/01.model_devi/task.027.000363 1480
iter.000047/01.model_devi/task.027.000628 600
iter.000047/01.model_devi/task.027.000167 890
iter.000047/01.model_devi/task.027.000648 2280
iter.000047/01.model_devi/task.027.000200 2120
iter.000047/01.model_devi/task.027.000006 2740
iter.000047/01.model_devi/task.027.000772 2750
iter.000047/01.model_devi/task.027.000639 2820
iter.000047/01.model_devi/task.027.000009 2990
iter.000047/01.model_devi/task.027.000639 2840
iter.000047/01.model_devi/task.027.000070 1010
iter.000047/01.model_devi/task.027.000769 960
iter.000047/01.model_devi/task.027.000124 2720
iter.000047/01.model_devi/task.027.000744 800
iter.000047/01.model_devi/task.027.000374 2200
iter.000047/01.model_devi/task.027.000769 2250
iter.000047/01.model_devi/task.027.000018 2320
iter.000047/01.model_devi/task.027.000498 1290
iter.000047/01.model_devi/task.027.000154 2490
iter.000047/01.model_devi/task.027.000009 2380
iter.000047/01.model_devi/task.027.000744 1810
iter.000047/01.model_devi/task.027.000504 840
iter.000047/01.model_devi/task.027.000616 330
iter.000047/01.model_devi/task.027.000752 1940
iter.000047/01.model_devi/task.027.000779 560
iter.000047/01.model_devi/task.027.000378 870
iter.000047/01.model_devi/task.027.000642 2450
iter.000047/01.model_devi/task.027.000618 2000
iter.000047/01.model_devi/task.027.000504 890
iter.000047/01.model_devi/task.027.000058 1120
iter.000047/01.model_devi/task.027.000259 2990
iter.000047/01.model_devi/task.027.000233 2960
iter.000047/01.model_devi/task.027.000499 230
iter.000047/01.model_devi/task.027.000056 2480
iter.000047/01.model_devi/task.027.000125 1200
iter.000047/01.model_devi/task.027.000493 2020
iter.000047/01.model_devi/task.027.000649 1340
iter.000047/01.model_devi/task.027.000618 1910
iter.000047/01.model_devi/task.027.000233 1470
iter.000047/01.model_devi/task.027.000100 2210
iter.000047/01.model_devi/task.027.000484 2390
iter.000047/01.model_devi/task.027.000483 1250
iter.000047/01.model_devi/task.027.000114 1670
iter.000047/01.model_devi/task.027.000642 1970
iter.000047/01.model_devi/task.027.000633 850
iter.000047/01.model_devi/task.027.000619 870
iter.000047/01.model_devi/task.027.000258 1130
iter.000047/01.model_devi/task.027.000113 1800
iter.000047/01.model_devi/task.027.000769 630
iter.000047/01.model_devi/task.027.000486 2030
iter.000047/01.model_devi/task.027.000121 740
iter.000047/01.model_devi/task.027.000779 530
iter.000047/01.model_devi/task.027.000514 2070
iter.000047/01.model_devi/task.027.000744 1770
iter.000047/01.model_devi/task.027.000608 950
iter.000047/01.model_devi/task.027.000774 2700
iter.000047/01.model_devi/task.027.000629 400
iter.000047/01.model_devi/task.027.000769 620
iter.000047/01.model_devi/task.027.000003 2620
iter.000047/01.model_devi/task.027.000242 790
iter.000047/01.model_devi/task.027.000486 2010
iter.000047/01.model_devi/task.027.000758 2550
iter.000047/01.model_devi/task.027.000744 1750
iter.000047/01.model_devi/task.027.000382 1170
iter.000047/01.model_devi/task.027.000731 2710
iter.000047/01.model_devi/task.027.000238 1210
iter.000047/01.model_devi/task.027.000494 2900
iter.000047/01.model_devi/task.027.000746 550
iter.000047/01.model_devi/task.027.000114 1680
iter.000047/01.model_devi/task.027.000059 590
iter.000047/01.model_devi/task.027.000382 680
iter.000047/01.model_devi/task.027.000647 1450
iter.000047/01.model_devi/task.027.000119 1590
iter.000047/01.model_devi/task.027.000589 450
iter.000047/01.model_devi/task.027.000503 2310
iter.000047/01.model_devi/task.027.000622 1940
iter.000047/01.model_devi/task.027.000763 2500
iter.000047/01.model_devi/task.027.000769 940
iter.000047/01.model_devi/task.027.000013 2010
iter.000047/01.model_devi/task.027.000739 3000
iter.000047/01.model_devi/task.027.000378 1460
iter.000047/01.model_devi/task.027.000369 1050
iter.000047/01.model_devi/task.027.000059 2280
iter.000047/01.model_devi/task.027.000645 1280
iter.000047/01.model_devi/task.027.000639 2080
iter.000047/01.model_devi/task.027.000746 580
iter.000047/01.model_devi/task.027.000239 2240
iter.000047/01.model_devi/task.027.000314 1780
iter.000047/01.model_devi/task.027.000745 360
iter.000047/01.model_devi/task.027.000646 2730
iter.000047/01.model_devi/task.027.000032 2960
iter.000047/01.model_devi/task.027.000006 1190
iter.000047/01.model_devi/task.027.000038 1220
iter.000047/01.model_devi/task.027.000746 620
iter.000047/01.model_devi/task.027.000744 2220
iter.000047/01.model_devi/task.027.000779 510
iter.000047/01.model_devi/task.027.000766 1800
iter.000047/01.model_devi/task.027.000738 1750
iter.000047/01.model_devi/task.027.000744 790
iter.000047/01.model_devi/task.027.000344 960
iter.000047/01.model_devi/task.027.000494 2950
iter.000047/01.model_devi/task.027.000514 420
iter.000047/01.model_devi/task.027.000763 2510
iter.000047/01.model_devi/task.027.000648 2920
iter.000047/01.model_devi/task.027.000296 770
iter.000047/01.model_devi/task.027.000508 940
iter.000047/01.model_devi/task.027.000507 1910
iter.000047/01.model_devi/task.027.000758 2560
iter.000047/01.model_devi/task.027.000624 2640
iter.000047/01.model_devi/task.027.000772 2730
iter.000047/01.model_devi/task.027.000233 1950
iter.000047/01.model_devi/task.027.000647 1400
iter.000047/01.model_devi/task.027.000769 360
iter.000047/01.model_devi/task.027.000744 530
iter.000047/01.model_devi/task.027.000639 1410
iter.000047/01.model_devi/task.027.000059 1470
iter.000047/01.model_devi/task.027.000374 2480
iter.000047/01.model_devi/task.027.000763 1310
iter.000047/01.model_devi/task.027.000513 1680
iter.000047/01.model_devi/task.027.000624 2670
iter.000047/01.model_devi/task.027.000745 370
iter.000047/01.model_devi/task.027.000638 2480
iter.000047/01.model_devi/task.027.000239 2820
iter.000047/01.model_devi/task.027.000072 1390
iter.000047/01.model_devi/task.027.000772 2740
iter.000047/01.model_devi/task.027.000242 720
iter.000047/01.model_devi/task.027.000070 2170
iter.000047/01.model_devi/task.027.000749 2910
iter.000047/01.model_devi/task.027.000199 1000
iter.000047/01.model_devi/task.027.000389 1310
iter.000047/01.model_devi/task.027.000729 1330
iter.000047/01.model_devi/task.027.000504 870
iter.000047/01.model_devi/task.027.000366 2390
iter.000047/01.model_devi/task.027.000114 2310
iter.000047/01.model_devi/task.027.000745 470
iter.000047/01.model_devi/task.027.000752 1920
iter.000047/01.model_devi/task.027.000386 340
iter.000047/01.model_devi/task.027.000766 1870
iter.000047/01.model_devi/task.027.000737 690
iter.000047/01.model_devi/task.027.000014 2480
iter.000047/01.model_devi/task.027.000367 2380
iter.000047/01.model_devi/task.027.000486 1990
iter.000047/01.model_devi/task.027.000638 2550
iter.000047/01.model_devi/task.027.000239 310
iter.000047/01.model_devi/task.027.000124 1440
iter.000047/01.model_devi/task.027.000229 1090
iter.000047/01.model_devi/task.027.000766 1780
iter.000047/01.model_devi/task.027.000499 1550
iter.000047/01.model_devi/task.027.000514 550
iter.000047/01.model_devi/task.027.000005 1810
iter.000047/01.model_devi/task.027.000259 2770
iter.000047/01.model_devi/task.027.000088 1020
iter.000047/01.model_devi/task.027.000732 3000
iter.000047/01.model_devi/task.027.000347 1170
iter.000047/01.model_devi/task.027.000647 1440
iter.000047/01.model_devi/task.027.000125 1180
iter.000047/01.model_devi/task.027.000093 1290
iter.000047/01.model_devi/task.027.000248 2720
iter.000047/01.model_devi/task.027.000643 2450
iter.000047/01.model_devi/task.027.000712 670
iter.000047/01.model_devi/task.027.000646 2720
iter.000047/01.model_devi/task.027.000506 2410
iter.000047/01.model_devi/task.027.000639 2070
iter.000047/01.model_devi/task.027.000645 1330
iter.000047/01.model_devi/task.027.000514 290
iter.000047/01.model_devi/task.027.000382 660
iter.000047/01.model_devi/task.027.000029 2700
iter.000047/01.model_devi/task.027.000744 510
iter.000047/01.model_devi/task.027.000642 2480
iter.000047/01.model_devi/task.027.000506 2420
iter.000047/01.model_devi/task.027.000646 410
iter.000047/01.model_devi/task.027.000774 1820
iter.000047/01.model_devi/task.027.000514 770
iter.000047/01.model_devi/task.027.000357 2380
iter.000047/01.model_devi/task.027.000252 1650
iter.000047/01.model_devi/task.027.000493 1730
iter.000047/01.model_devi/task.027.000639 2050
iter.000047/01.model_devi/task.027.000693 1540
iter.000047/01.model_devi/task.027.000494 2920
iter.000047/01.model_devi/task.027.000243 820
iter.000047/01.model_devi/task.027.000758 2620
iter.000047/01.model_devi/task.027.000506 2400
iter.000047/01.model_devi/task.027.000498 320
iter.000047/01.model_devi/task.027.000008 490
iter.000047/01.model_devi/task.027.000624 2680
iter.000047/01.model_devi/task.027.000638 2540
iter.000047/01.model_devi/task.027.000214 2620
iter.000047/01.model_devi/task.027.000623 2930
iter.000047/01.model_devi/task.027.000647 1390
iter.000047/01.model_devi/task.027.000004 2340
iter.000047/01.model_devi/task.027.000642 2460
iter.000047/01.model_devi/task.027.000759 260
iter.000047/01.model_devi/task.027.000628 590
iter.000047/01.model_devi/task.027.000514 790
iter.000047/01.model_devi/task.027.000013 1990
iter.000047/01.model_devi/task.027.000609 1070
iter.000047/01.model_devi/task.027.000507 1960
iter.000047/01.model_devi/task.027.000251 410
iter.000047/01.model_devi/task.027.000493 1710
iter.000047/01.model_devi/task.027.000638 2580
iter.000047/01.model_devi/task.027.000504 880
iter.000047/01.model_devi/task.027.000514 260
iter.000047/01.model_devi/task.027.000633 860
iter.000047/01.model_devi/task.027.000018 400
iter.000047/01.model_devi/task.027.000734 600
iter.000047/01.model_devi/task.027.000486 2180
iter.000047/01.model_devi/task.027.000744 1790
iter.000047/01.model_devi/task.027.000028 2280
iter.000047/01.model_devi/task.027.000378 1410
iter.000047/01.model_devi/task.027.000642 2470
iter.000047/01.model_devi/task.027.000053 2150
iter.000047/01.model_devi/task.027.000389 1330
iter.000047/01.model_devi/task.027.000059 1420
iter.000047/01.model_devi/task.027.000382 670
iter.000047/01.model_devi/task.027.000638 2650
iter.000047/01.model_devi/task.027.000744 840
iter.000047/01.model_devi/task.027.000144 2040
iter.000047/01.model_devi/task.027.000779 590
iter.000047/01.model_devi/task.027.000769 600
iter.000047/01.model_devi/task.027.000638 2570
iter.000047/01.model_devi/task.027.000518 2130
iter.000047/01.model_devi/task.027.000093 2640
iter.000047/01.model_devi/task.027.000486 2020
iter.000047/01.model_devi/task.027.000014 2090
iter.000047/01.model_devi/task.027.000498 340
iter.000047/01.model_devi/task.027.000058 1910
iter.000047/01.model_devi/task.027.000291 450
iter.000047/01.model_devi/task.027.000774 2730
iter.000047/01.model_devi/task.027.000648 1110
iter.000047/01.model_devi/task.027.000239 800
iter.000047/01.model_devi/task.027.000009 510
iter.000047/01.model_devi/task.027.000639 2810
iter.000047/01.model_devi/task.027.000744 2660
iter.000047/01.model_devi/task.027.000514 280
iter.000047/01.model_devi/task.027.000758 2570
iter.000047/01.model_devi/task.027.000503 2940
iter.000047/01.model_devi/task.027.000386 310
iter.000047/01.model_devi/task.027.000493 2030
iter.000047/01.model_devi/task.027.000493 1690
iter.000047/01.model_devi/task.027.000638 2510
iter.000047/01.model_devi/task.027.000738 860
iter.000047/01.model_devi/task.027.000758 2520
iter.000047/01.model_devi/task.027.000384 1100
iter.000047/01.model_devi/task.027.000486 2170
iter.000047/01.model_devi/task.027.000093 1010
iter.000047/01.model_devi/task.027.000009 1080
iter.000047/01.model_devi/task.027.000313 1050
iter.000047/01.model_devi/task.027.000073 320
iter.000047/01.model_devi/task.027.000077 1100
iter.000047/01.model_devi/task.027.000383 570
iter.000047/01.model_devi/task.027.000514 390
iter.000047/01.model_devi/task.027.000259 2940
iter.000047/01.model_devi/task.027.000414 2200
iter.000047/01.model_devi/task.027.000744 850
iter.000047/01.model_devi/task.027.000486 2140
iter.000047/01.model_devi/task.027.000744 520
iter.000047/01.model_devi/task.027.000779 610
iter.000047/01.model_devi/task.027.000746 410
iter.000047/01.model_devi/task.027.000758 2530
iter.000047/01.model_devi/task.027.000006 1160
iter.000047/01.model_devi/task.027.000354 1160
iter.000047/01.model_devi/task.027.000609 1160
iter.000047/01.model_devi/task.027.000749 570
iter.000047/01.model_devi/task.027.000028 2090
iter.000047/01.model_devi/task.027.000752 1930
iter.000047/01.model_devi/task.027.000744 1820
iter.000047/01.model_devi/task.027.000389 1320
iter.000047/01.model_devi/task.027.000374 730
iter.000047/01.model_devi/task.027.000005 1490
iter.000047/01.model_devi/task.027.000779 540
iter.000047/01.model_devi/task.027.000646 380
iter.000047/01.model_devi/task.027.000382 690
iter.000047/01.model_devi/task.027.000744 2230
iter.000047/01.model_devi/task.027.000239 790
iter.000047/01.model_devi/task.027.000038 70
iter.000047/01.model_devi/task.027.000747 1040
iter.000047/01.model_devi/task.027.000127 830
iter.000047/01.model_devi/task.027.000382 1140
iter.000047/01.model_devi/task.027.000752 1950
iter.000047/01.model_devi/task.027.000503 2740
iter.000047/01.model_devi/task.027.000136 2760
iter.000047/01.model_devi/task.027.000513 2950
iter.000047/01.model_devi/task.027.000768 2000
iter.000047/01.model_devi/task.027.000749 580
iter.000047/01.model_devi/task.027.000493 1720
iter.000047/01.model_devi/task.027.000697 2300
iter.000047/01.model_devi/task.027.000731 2690
iter.000047/01.model_devi/task.027.000774 2710
iter.000047/01.model_devi/task.027.000633 840
iter.000047/01.model_devi/task.027.000645 1290
iter.000047/01.model_devi/task.027.000306 870
iter.000047/01.model_devi/task.027.000779 600
iter.000047/01.model_devi/task.027.000057 80
iter.000047/01.model_devi/task.027.000057 2460
iter.000047/01.model_devi/task.027.000638 2600
iter.000047/01.model_devi/task.027.000208 2150
iter.000047/01.model_devi/task.027.000514 410
iter.000047/01.model_devi/task.027.000245 1280
iter.000047/01.model_devi/task.027.000223 2620
iter.000047/01.model_devi/task.027.000623 1780
iter.000047/01.model_devi/task.027.000259 2760
iter.000047/01.model_devi/task.027.000624 2650
iter.000047/01.model_devi/task.027.000378 1430
iter.000047/01.model_devi/task.027.000378 1510
iter.000047/01.model_devi/task.027.000386 350
iter.000047/01.model_devi/task.027.000744 810
iter.000047/01.model_devi/task.027.000646 420
iter.000047/01.model_devi/task.027.000100 2200
iter.000047/01.model_devi/task.027.000123 2820
iter.000047/01.model_devi/task.027.000513 1640
iter.000047/01.model_devi/task.027.000639 1390
iter.000047/01.model_devi/task.027.000743 2470
iter.000047/01.model_devi/task.027.000646 400
iter.000047/01.model_devi/task.027.000152 2720
iter.000047/01.model_devi/task.027.000378 1450
iter.000047/01.model_devi/task.027.000073 310
iter.000047/01.model_devi/task.027.000009 2780
iter.000047/01.model_devi/task.027.000009 1060
iter.000047/01.model_devi/task.027.000766 1840
iter.000047/01.model_devi/task.027.000487 2160
iter.000047/01.model_devi/task.027.000022 2350
iter.000047/01.model_devi/task.027.000744 2190
iter.000047/01.model_devi/task.027.000637 2660
iter.000047/01.model_devi/task.027.000503 2730
iter.000047/01.model_devi/task.027.000514 2140
iter.000047/01.model_devi/task.027.000731 2660
iter.000047/01.model_devi/task.027.000504 2220
iter.000047/01.model_devi/task.027.000638 2640
iter.000047/01.model_devi/task.027.000374 2970
iter.000047/01.model_devi/task.027.000508 930
iter.000047/01.model_devi/task.027.000034 1440
iter.000047/01.model_devi/task.027.000647 1420
iter.000047/01.model_devi/task.027.000126 660
iter.000047/01.model_devi/task.027.000134 400
iter.000047/01.model_devi/task.027.000374 2190
iter.000047/01.model_devi/task.027.000239 2170
iter.000047/01.model_devi/task.027.000746 400
iter.000047/01.model_devi/task.027.000514 520
iter.000047/01.model_devi/task.027.000779 570
iter.000047/01.model_devi/task.027.000498 1110
iter.000047/01.model_devi/task.027.000645 1120
iter.000047/01.model_devi/task.027.000019 1660
iter.000047/01.model_devi/task.027.000018 1730
iter.000047/01.model_devi/task.027.000758 2640
iter.000047/01.model_devi/task.027.000252 2820
iter.000047/01.model_devi/task.027.000498 310
iter.000047/01.model_devi/task.027.000623 1760
iter.000047/01.model_devi/task.027.000089 220
iter.000047/01.model_devi/task.027.000514 560
iter.000047/01.model_devi/task.027.000000 2860
iter.000047/01.model_devi/task.027.000744 1850
iter.000047/01.model_devi/task.027.000009 1120
iter.000047/01.model_devi/task.027.000253 1990
iter.000047/01.model_devi/task.027.000643 2440
iter.000047/01.model_devi/task.027.000119 1890
iter.000047/01.model_devi/task.027.000264 2410
iter.000047/01.model_devi/task.027.000514 800
iter.000047/01.model_devi/task.027.000523 1680
iter.000047/01.model_devi/task.027.000622 1900
iter.000047/01.model_devi/task.027.000259 2720
iter.000047/01.model_devi/task.027.000484 2380
iter.000047/01.model_devi/task.027.000766 1830
iter.000047/01.model_devi/task.027.000647 660
iter.000047/01.model_devi/task.027.000638 2520
iter.000047/01.model_devi/task.027.000479 2820
iter.000047/01.model_devi/task.027.000259 2750
iter.000047/01.model_devi/task.027.000509 2940
iter.000047/01.model_devi/task.027.000386 360
iter.000047/01.model_devi/task.027.000189 680
iter.000047/01.model_devi/task.027.000727 940
iter.000047/01.model_devi/task.027.000264 560
iter.000047/01.model_devi/task.027.000102 2440
iter.000047/01.model_devi/task.027.000647 750
iter.000047/01.model_devi/task.027.000169 2590
iter.000047/01.model_devi/task.027.000769 700
iter.000047/01.model_devi/task.027.000091 530
iter.000047/01.model_devi/task.027.000506 2430
iter.000047/01.model_devi/task.027.000514 400
iter.000047/01.model_devi/task.027.000369 940
iter.000047/01.model_devi/task.027.000769 610
iter.000047/01.model_devi/task.027.000121 590
iter.000047/01.model_devi/task.027.000503 2920
iter.000047/01.model_devi/task.027.000758 2580
iter.000047/01.model_devi/task.027.000136 2790
iter.000047/01.model_devi/task.027.000442 1920
iter.000047/01.model_devi/task.027.000039 190
iter.000047/01.model_devi/task.027.000498 1300
iter.000047/01.model_devi/task.027.000766 1810
iter.000047/01.model_devi/task.027.000759 90
iter.000047/01.model_devi/task.027.000386 300
iter.000047/01.model_devi/task.027.000514 540
iter.000047/01.model_devi/task.027.000163 720
iter.000047/01.model_devi/task.027.000749 560
iter.000047/01.model_devi/task.027.000623 2920
iter.000047/01.model_devi/task.027.000648 920
iter.000047/01.model_devi/task.027.000182 1970
iter.000047/01.model_devi/task.027.000623 1750
iter.000047/01.model_devi/task.027.000513 1660
iter.000047/01.model_devi/task.027.000121 2640
iter.000047/01.model_devi/task.027.000779 620
iter.000047/01.model_devi/task.027.000744 470
iter.000047/01.model_devi/task.027.000744 2160
iter.000047/01.model_devi/task.027.000100 2230
iter.000047/01.model_devi/task.027.000058 1920
iter.000047/01.model_devi/task.027.000484 2080
iter.000047/01.model_devi/task.027.000507 1950
iter.000047/01.model_devi/task.027.000646 430
iter.000047/01.model_devi/task.027.000498 1280
iter.000047/01.model_devi/task.027.000022 2420
iter.000047/01.model_devi/task.027.000503 2990
iter.000047/01.model_devi/task.027.000384 1050
iter.000047/01.model_devi/task.027.000384 1070
iter.000047/01.model_devi/task.027.000312 1920
iter.000047/01.model_devi/task.027.000382 2830
iter.000047/01.model_devi/task.027.000121 2500
iter.000047/01.model_devi/task.027.000746 610
iter.000047/01.model_devi/task.027.000259 1830
iter.000047/01.model_devi/task.027.000246 2590
iter.000047/01.model_devi/task.027.000649 2920
iter.000047/01.model_devi/task.027.000638 2610
iter.000047/01.model_devi/task.027.000619 840
iter.000047/01.model_devi/task.027.000518 2120
iter.000047/01.model_devi/task.027.000746 600
iter.000047/01.model_devi/task.027.000744 1760
iter.000047/01.model_devi/task.027.000493 2010
iter.000047/01.model_devi/task.027.000744 2670
iter.000047/01.model_devi/task.027.000729 1340
iter.000047/01.model_devi/task.027.000384 1080
iter.000047/01.model_devi/task.027.000745 460
iter.000047/01.model_devi/task.027.000746 560
iter.000047/01.model_devi/task.027.000758 2800
iter.000047/01.model_devi/task.027.000639 360
iter.000047/01.model_devi/task.027.000648 2930
iter.000047/01.model_devi/task.027.000233 1940
iter.000047/01.model_devi/task.027.000766 1850
iter.000047/01.model_devi/task.027.000239 2190
iter.000047/01.model_devi/task.027.000084 460
iter.000047/01.model_devi/task.027.000482 1360
iter.000047/01.model_devi/task.027.000507 1920
iter.000047/01.model_devi/task.027.000623 1770
iter.000047/01.model_devi/task.027.000009 1380
iter.000047/01.model_devi/task.027.000382 1150
iter.000047/01.model_devi/task.027.000509 2930
iter.000047/01.model_devi/task.027.000757 2950
iter.000047/01.model_devi/task.027.000233 1440
iter.000047/01.model_devi/task.027.000643 2470
iter.000047/01.model_devi/task.027.000645 1320
iter.000047/01.model_devi/task.027.000514 2080
iter.000047/01.model_devi/task.027.000034 1430
iter.000047/01.model_devi/task.027.000646 370
iter.000047/01.model_devi/task.027.000508 920
iter.000047/01.model_devi/task.027.000508 910
iter.000047/01.model_devi/task.027.000719 400
iter.000047/01.model_devi/task.027.000259 2980
iter.000047/01.model_devi/task.027.000092 2220
iter.000047/01.model_devi/task.027.000181 2780
iter.000047/01.model_devi/task.027.000638 2450
iter.000047/01.model_devi/task.027.000744 2180
iter.000047/01.model_devi/task.027.000744 830
iter.000047/01.model_devi/task.027.000738 850
iter.000047/01.model_devi/task.027.000639 1400
iter.000047/01.model_devi/task.027.000514 580
iter.000047/01.model_devi/task.027.000059 1440
iter.000047/01.model_devi/task.027.000219 2700
iter.000047/01.model_devi/task.027.000763 2490
iter.000047/01.model_devi/task.027.000114 2300
iter.000047/01.model_devi/task.027.000647 1430
iter.000047/01.model_devi/task.027.000259 2960
iter.000047/01.model_devi/task.027.000518 2680
iter.000047/01.model_devi/task.027.000382 650
iter.000047/01.model_devi/task.027.000622 1950
iter.000047/01.model_devi/task.027.000033 600
iter.000047/01.model_devi/task.027.000031 1550
iter.000047/01.model_devi/task.027.000744 1780
iter.000047/01.model_devi/task.027.000384 1040
iter.000047/01.model_devi/task.027.000498 1100
iter.000047/01.model_devi/task.027.000504 1370
iter.000047/01.model_devi/task.027.000200 2160
iter.000047/01.model_devi/task.027.000008 2850
iter.000047/01.model_devi/task.027.000647 1410
iter.000047/01.model_devi/task.027.000498 330
iter.000047/01.model_devi/task.027.000224 1200
iter.000047/01.model_devi/task.027.000508 960
iter.000047/01.model_devi/task.027.000016 2240
iter.000047/01.model_devi/task.027.000386 330
iter.000047/01.model_devi/task.027.000629 1190
iter.000047/01.model_devi/task.027.000073 380
iter.000047/01.model_devi/task.027.000259 2710
iter.000047/01.model_devi/task.027.000097 1800
iter.000047/01.model_devi/task.027.000744 500
iter.000047/01.model_devi/task.027.000131 520
iter.000047/01.model_devi/task.027.000731 2700
iter.000047/01.model_devi/task.027.000008 610
iter.000047/01.model_devi/task.027.000284 90
iter.000047/01.model_devi/task.027.000100 2220
