iter.000047/01.model_devi/task.035.000004 2090
iter.000047/01.model_devi/task.035.000599 980
iter.000047/01.model_devi/task.035.000745 2100
iter.000047/01.model_devi/task.035.000358 2610
iter.000047/01.model_devi/task.035.000235 2600
iter.000047/01.model_devi/task.035.000128 1140
iter.000047/01.model_devi/task.035.000146 1360
iter.000047/01.model_devi/task.035.000464 2430
iter.000047/01.model_devi/task.035.000230 2150
iter.000047/01.model_devi/task.035.000744 2000
iter.000047/01.model_devi/task.035.000221 930
iter.000047/01.model_devi/task.035.000771 1260
iter.000047/01.model_devi/task.035.000649 1790
iter.000047/01.model_devi/task.035.000137 1660
iter.000047/01.model_devi/task.035.000023 2870
iter.000047/01.model_devi/task.035.000489 1540
iter.000047/01.model_devi/task.035.000619 2920
iter.000047/01.model_devi/task.035.000041 10
iter.000047/01.model_devi/task.035.000645 1180
iter.000047/01.model_devi/task.035.000775 2570
iter.000047/01.model_devi/task.035.000647 2900
iter.000047/01.model_devi/task.035.000482 790
iter.000047/01.model_devi/task.035.000179 260
iter.000047/01.model_devi/task.035.000629 1460
iter.000047/01.model_devi/task.035.000117 2810
iter.000047/01.model_devi/task.035.000064 480
iter.000047/01.model_devi/task.035.000029 370
iter.000047/01.model_devi/task.035.000487 2960
iter.000047/01.model_devi/task.035.000634 1950
iter.000047/01.model_devi/task.035.000624 1100
iter.000047/01.model_devi/task.035.000642 1220
iter.000047/01.model_devi/task.035.000708 1920
iter.000047/01.model_devi/task.035.000515 280
iter.000047/01.model_devi/task.035.000438 2870
iter.000047/01.model_devi/task.035.000637 640
iter.000047/01.model_devi/task.035.000704 340
iter.000047/01.model_devi/task.035.000134 2070
iter.000047/01.model_devi/task.035.000484 2180
iter.000047/01.model_devi/task.035.000178 2370
iter.000047/01.model_devi/task.035.000159 340
iter.000047/01.model_devi/task.035.000477 2280
iter.000047/01.model_devi/task.035.000060 2130
iter.000047/01.model_devi/task.035.000779 1340
iter.000047/01.model_devi/task.035.000134 2960
iter.000047/01.model_devi/task.035.000103 1610
iter.000047/01.model_devi/task.035.000398 2670
iter.000047/01.model_devi/task.035.000767 1310
iter.000047/01.model_devi/task.035.000149 1350
iter.000047/01.model_devi/task.035.000614 1770
iter.000047/01.model_devi/task.035.000754 2420
iter.000047/01.model_devi/task.035.000097 2260
iter.000047/01.model_devi/task.035.000776 1170
iter.000047/01.model_devi/task.035.000474 2080
iter.000047/01.model_devi/task.035.000620 2340
iter.000047/01.model_devi/task.035.000719 2160
iter.000047/01.model_devi/task.035.000484 1520
iter.000047/01.model_devi/task.035.000158 1500
iter.000047/01.model_devi/task.035.000023 1840
iter.000047/01.model_devi/task.035.000716 630
iter.000047/01.model_devi/task.035.000223 1330
iter.000047/01.model_devi/task.035.000466 3000
iter.000047/01.model_devi/task.035.000327 2750
iter.000047/01.model_devi/task.035.000087 1550
iter.000047/01.model_devi/task.035.000218 1140
iter.000047/01.model_devi/task.035.000713 1330
iter.000047/01.model_devi/task.035.000754 2430
iter.000047/01.model_devi/task.035.000146 1340
iter.000047/01.model_devi/task.035.000442 2920
iter.000047/01.model_devi/task.035.000221 950
iter.000047/01.model_devi/task.035.000633 1570
iter.000047/01.model_devi/task.035.000303 360
iter.000047/01.model_devi/task.035.000032 1750
iter.000047/01.model_devi/task.035.000024 190
iter.000047/01.model_devi/task.035.000023 130
iter.000047/01.model_devi/task.035.000146 1290
iter.000047/01.model_devi/task.035.000178 2390
iter.000047/01.model_devi/task.035.000019 2300
iter.000047/01.model_devi/task.035.000217 2560
iter.000047/01.model_devi/task.035.000776 1160
iter.000047/01.model_devi/task.035.000777 1120
iter.000047/01.model_devi/task.035.000507 1560
iter.000047/01.model_devi/task.035.000592 1490
iter.000047/01.model_devi/task.035.000744 2060
iter.000047/01.model_devi/task.035.000508 2850
iter.000047/01.model_devi/task.035.000516 2070
iter.000047/01.model_devi/task.035.000555 1180
iter.000047/01.model_devi/task.035.000593 610
iter.000047/01.model_devi/task.035.000147 1410
iter.000047/01.model_devi/task.035.000334 2640
iter.000047/01.model_devi/task.035.000779 1330
iter.000047/01.model_devi/task.035.000488 1030
iter.000047/01.model_devi/task.035.000610 510
iter.000047/01.model_devi/task.035.000621 1130
iter.000047/01.model_devi/task.035.000713 960
iter.000047/01.model_devi/task.035.000381 2490
iter.000047/01.model_devi/task.035.000232 2300
iter.000047/01.model_devi/task.035.000759 1430
iter.000047/01.model_devi/task.035.000259 2100
iter.000047/01.model_devi/task.035.000252 460
iter.000047/01.model_devi/task.035.000128 1610
iter.000047/01.model_devi/task.035.000000 2760
iter.000047/01.model_devi/task.035.000241 1830
iter.000047/01.model_devi/task.035.000723 550
iter.000047/01.model_devi/task.035.000484 320
iter.000047/01.model_devi/task.035.000744 2280
iter.000047/01.model_devi/task.035.000474 870
iter.000047/01.model_devi/task.035.000268 2040
iter.000047/01.model_devi/task.035.000359 2050
iter.000047/01.model_devi/task.035.000752 490
iter.000047/01.model_devi/task.035.000606 510
iter.000047/01.model_devi/task.035.000354 3000
iter.000047/01.model_devi/task.035.000359 2760
iter.000047/01.model_devi/task.035.000443 2990
iter.000047/01.model_devi/task.035.000513 830
iter.000047/01.model_devi/task.035.000742 1950
iter.000047/01.model_devi/task.035.000647 2450
iter.000047/01.model_devi/task.035.000755 1950
iter.000047/01.model_devi/task.035.000044 10
iter.000047/01.model_devi/task.035.000064 2370
iter.000047/01.model_devi/task.035.000093 2690
iter.000047/01.model_devi/task.035.000123 560
iter.000047/01.model_devi/task.035.000742 620
iter.000047/01.model_devi/task.035.000464 2440
iter.000047/01.model_devi/task.035.000474 1180
iter.000047/01.model_devi/task.035.000772 110
iter.000047/01.model_devi/task.035.000517 2400
iter.000047/01.model_devi/task.035.000232 1020
iter.000047/01.model_devi/task.035.000052 230
iter.000047/01.model_devi/task.035.000051 1470
