iter.000047/01.model_devi/task.059.000072 1370
iter.000047/01.model_devi/task.059.000452 750
iter.000047/01.model_devi/task.059.000253 980
iter.000047/01.model_devi/task.059.000574 240
iter.000047/01.model_devi/task.059.000634 2770
iter.000047/01.model_devi/task.059.000638 2760
iter.000047/01.model_devi/task.059.000258 2980
iter.000047/01.model_devi/task.059.000743 100
iter.000047/01.model_devi/task.059.000009 710
iter.000047/01.model_devi/task.059.000134 1900
iter.000047/01.model_devi/task.059.000773 1630
iter.000047/01.model_devi/task.059.000537 810
iter.000047/01.model_devi/task.059.000048 1340
iter.000047/01.model_devi/task.059.000724 1810
iter.000047/01.model_devi/task.059.000111 1000
iter.000047/01.model_devi/task.059.000344 1550
iter.000047/01.model_devi/task.059.000121 1220
iter.000047/01.model_devi/task.059.000249 2260
iter.000047/01.model_devi/task.059.000041 2250
iter.000047/01.model_devi/task.059.000731 700
iter.000047/01.model_devi/task.059.000278 1160
iter.000047/01.model_devi/task.059.000137 190
iter.000047/01.model_devi/task.059.000632 1490
iter.000047/01.model_devi/task.059.000762 1650
iter.000047/01.model_devi/task.059.000129 2120
iter.000047/01.model_devi/task.059.000064 1050
iter.000047/01.model_devi/task.059.000069 1440
iter.000047/01.model_devi/task.059.000150 240
iter.000047/01.model_devi/task.059.000170 1740
iter.000047/01.model_devi/task.059.000013 210
iter.000047/01.model_devi/task.059.000383 740
iter.000047/01.model_devi/task.059.000649 2250
iter.000047/01.model_devi/task.059.000739 2380
iter.000047/01.model_devi/task.059.000514 550
iter.000047/01.model_devi/task.059.000722 2960
iter.000047/01.model_devi/task.059.000452 2210
iter.000047/01.model_devi/task.059.000699 2580
iter.000047/01.model_devi/task.059.000723 1430
iter.000047/01.model_devi/task.059.000217 2910
iter.000047/01.model_devi/task.059.000369 2840
iter.000047/01.model_devi/task.059.000080 2590
iter.000047/01.model_devi/task.059.000127 2480
iter.000047/01.model_devi/task.059.000677 1940
iter.000047/01.model_devi/task.059.000004 1020
iter.000047/01.model_devi/task.059.000383 1570
iter.000047/01.model_devi/task.059.000374 520
iter.000047/01.model_devi/task.059.000739 180
iter.000047/01.model_devi/task.059.000773 2710
iter.000047/01.model_devi/task.059.000593 1710
iter.000047/01.model_devi/task.059.000308 1210
iter.000047/01.model_devi/task.059.000571 760
iter.000047/01.model_devi/task.059.000742 170
iter.000047/01.model_devi/task.059.000496 770
iter.000047/01.model_devi/task.059.000359 1380
iter.000047/01.model_devi/task.059.000713 1770
iter.000047/01.model_devi/task.059.000068 240
iter.000047/01.model_devi/task.059.000778 2450
iter.000047/01.model_devi/task.059.000024 190
iter.000047/01.model_devi/task.059.000153 1260
iter.000047/01.model_devi/task.059.000103 3000
iter.000047/01.model_devi/task.059.000368 1540
iter.000047/01.model_devi/task.059.000032 320
iter.000047/01.model_devi/task.059.000008 1370
iter.000047/01.model_devi/task.059.000194 480
iter.000047/01.model_devi/task.059.000181 780
iter.000047/01.model_devi/task.059.000267 250
iter.000047/01.model_devi/task.059.000585 340
iter.000047/01.model_devi/task.059.000473 850
iter.000047/01.model_devi/task.059.000326 2260
iter.000047/01.model_devi/task.059.000444 2660
iter.000047/01.model_devi/task.059.000558 2730
iter.000047/01.model_devi/task.059.000144 2750
iter.000047/01.model_devi/task.059.000473 840
iter.000047/01.model_devi/task.059.000118 1250
iter.000047/01.model_devi/task.059.000021 2400
iter.000047/01.model_devi/task.059.000574 2080
iter.000047/01.model_devi/task.059.000049 2800
iter.000047/01.model_devi/task.059.000020 90
iter.000047/01.model_devi/task.059.000007 1100
iter.000047/01.model_devi/task.059.000159 1590
iter.000047/01.model_devi/task.059.000102 2280
iter.000047/01.model_devi/task.059.000773 1600
iter.000047/01.model_devi/task.059.000621 850
iter.000047/01.model_devi/task.059.000680 540
iter.000047/01.model_devi/task.059.000703 2930
iter.000047/01.model_devi/task.059.000148 1670
iter.000047/01.model_devi/task.059.000054 110
iter.000047/01.model_devi/task.059.000123 450
iter.000047/01.model_devi/task.059.000174 1580
iter.000047/01.model_devi/task.059.000457 470
iter.000047/01.model_devi/task.059.000187 2510
iter.000047/01.model_devi/task.059.000672 2510
iter.000047/01.model_devi/task.059.000519 2290
iter.000047/01.model_devi/task.059.000303 180
iter.000047/01.model_devi/task.059.000751 2920
iter.000047/01.model_devi/task.059.000476 2150
iter.000047/01.model_devi/task.059.000048 380
iter.000047/01.model_devi/task.059.000048 2930
iter.000047/01.model_devi/task.059.000769 130
iter.000047/01.model_devi/task.059.000500 2190
iter.000047/01.model_devi/task.059.000602 890
iter.000047/01.model_devi/task.059.000354 2030
iter.000047/01.model_devi/task.059.000359 2060
iter.000047/01.model_devi/task.059.000243 2810
iter.000047/01.model_devi/task.059.000634 2780
iter.000047/01.model_devi/task.059.000023 2120
iter.000047/01.model_devi/task.059.000753 1320
iter.000047/01.model_devi/task.059.000729 1340
iter.000047/01.model_devi/task.059.000174 610
iter.000047/01.model_devi/task.059.000734 2410
iter.000047/01.model_devi/task.059.000187 2980
iter.000047/01.model_devi/task.059.000613 1550
iter.000047/01.model_devi/task.059.000072 1420
iter.000047/01.model_devi/task.059.000083 2640
iter.000047/01.model_devi/task.059.000351 1830
iter.000047/01.model_devi/task.059.000647 590
iter.000047/01.model_devi/task.059.000068 560
iter.000047/01.model_devi/task.059.000758 1710
iter.000047/01.model_devi/task.059.000034 1560
iter.000047/01.model_devi/task.059.000379 960
iter.000047/01.model_devi/task.059.000779 2800
iter.000047/01.model_devi/task.059.000296 1600
