iter.000047/01.model_devi/task.051.000745 1910
iter.000047/01.model_devi/task.051.000614 1280
iter.000047/01.model_devi/task.051.000199 2650
iter.000047/01.model_devi/task.051.000664 1910
iter.000047/01.model_devi/task.051.000483 2930
iter.000047/01.model_devi/task.051.000499 1550
iter.000047/01.model_devi/task.051.000019 470
iter.000047/01.model_devi/task.051.000068 1480
iter.000047/01.model_devi/task.051.000240 2370
iter.000047/01.model_devi/task.051.000628 1440
iter.000047/01.model_devi/task.051.000413 2410
iter.000047/01.model_devi/task.051.000354 2850
iter.000047/01.model_devi/task.051.000204 730
iter.000047/01.model_devi/task.051.000769 2570
iter.000047/01.model_devi/task.051.000361 1040
iter.000047/01.model_devi/task.051.000774 1290
iter.000047/01.model_devi/task.051.000627 2700
iter.000047/01.model_devi/task.051.000384 1010
iter.000047/01.model_devi/task.051.000384 710
iter.000047/01.model_devi/task.051.000739 1190
iter.000047/01.model_devi/task.051.000019 2120
iter.000047/01.model_devi/task.051.000476 2540
iter.000047/01.model_devi/task.051.000161 600
iter.000047/01.model_devi/task.051.000769 1600
iter.000047/01.model_devi/task.051.000743 2850
iter.000047/01.model_devi/task.051.000626 1110
iter.000047/01.model_devi/task.051.000114 2800
iter.000047/01.model_devi/task.051.000720 2450
iter.000047/01.model_devi/task.051.000617 2330
iter.000047/01.model_devi/task.051.000015 180
iter.000047/01.model_devi/task.051.000363 2740
iter.000047/01.model_devi/task.051.000771 1760
iter.000047/01.model_devi/task.051.000259 1620
iter.000047/01.model_devi/task.051.000121 490
iter.000047/01.model_devi/task.051.000667 1470
iter.000047/01.model_devi/task.051.000618 1510
iter.000047/01.model_devi/task.051.000179 1190
iter.000047/01.model_devi/task.051.000009 1970
iter.000047/01.model_devi/task.051.000759 2590
iter.000047/01.model_devi/task.051.000592 1830
iter.000047/01.model_devi/task.051.000626 2660
iter.000047/01.model_devi/task.051.000379 2340
iter.000047/01.model_devi/task.051.000597 90
iter.000047/01.model_devi/task.051.000739 2810
iter.000047/01.model_devi/task.051.000610 2560
iter.000047/01.model_devi/task.051.000249 860
iter.000047/01.model_devi/task.051.000763 1790
iter.000047/01.model_devi/task.051.000655 1990
iter.000047/01.model_devi/task.051.000495 680
iter.000047/01.model_devi/task.051.000234 1240
iter.000047/01.model_devi/task.051.000703 1490
iter.000047/01.model_devi/task.051.000121 660
iter.000047/01.model_devi/task.051.000058 120
iter.000047/01.model_devi/task.051.000468 490
iter.000047/01.model_devi/task.051.000596 940
iter.000047/01.model_devi/task.051.000597 100
iter.000047/01.model_devi/task.051.000733 1090
iter.000047/01.model_devi/task.051.000034 1710
iter.000047/01.model_devi/task.051.000623 780
iter.000047/01.model_devi/task.051.000100 2570
iter.000047/01.model_devi/task.051.000269 2950
iter.000047/01.model_devi/task.051.000552 1540
iter.000047/01.model_devi/task.051.000594 400
iter.000047/01.model_devi/task.051.000703 2100
iter.000047/01.model_devi/task.051.000335 1880
iter.000047/01.model_devi/task.051.000766 2920
iter.000047/01.model_devi/task.051.000508 1510
iter.000047/01.model_devi/task.051.000719 1310
iter.000047/01.model_devi/task.051.000493 2380
iter.000047/01.model_devi/task.051.000386 2120
iter.000047/01.model_devi/task.051.000624 3000
iter.000047/01.model_devi/task.051.000627 1640
iter.000047/01.model_devi/task.051.000238 1050
iter.000047/01.model_devi/task.051.000334 960
iter.000047/01.model_devi/task.051.000388 2240
iter.000047/01.model_devi/task.051.000560 1030
iter.000047/01.model_devi/task.051.000377 1380
iter.000047/01.model_devi/task.051.000229 1430
iter.000047/01.model_devi/task.051.000759 2140
iter.000047/01.model_devi/task.051.000247 2810
iter.000047/01.model_devi/task.051.000262 2920
iter.000047/01.model_devi/task.051.000508 1460
iter.000047/01.model_devi/task.051.000291 1660
iter.000047/01.model_devi/task.051.000018 2970
iter.000047/01.model_devi/task.051.000168 2020
iter.000047/01.model_devi/task.051.000771 1960
iter.000047/01.model_devi/task.051.000399 710
iter.000047/01.model_devi/task.051.000603 1040
iter.000047/01.model_devi/task.051.000373 900
iter.000047/01.model_devi/task.051.000056 470
iter.000047/01.model_devi/task.051.000480 870
iter.000047/01.model_devi/task.051.000246 1060
iter.000047/01.model_devi/task.051.000489 2130
iter.000047/01.model_devi/task.051.000713 520
iter.000047/01.model_devi/task.051.000489 2020
iter.000047/01.model_devi/task.051.000162 100
iter.000047/01.model_devi/task.051.000738 1290
iter.000047/01.model_devi/task.051.000017 1400
iter.000047/01.model_devi/task.051.000349 1120
iter.000047/01.model_devi/task.051.000745 1900
iter.000047/01.model_devi/task.051.000743 1190
iter.000047/01.model_devi/task.051.000238 1040
iter.000047/01.model_devi/task.051.000248 2830
iter.000047/01.model_devi/task.051.000089 1470
iter.000047/01.model_devi/task.051.000742 2990
iter.000047/01.model_devi/task.051.000001 1800
iter.000047/01.model_devi/task.051.000362 2460
iter.000047/01.model_devi/task.051.000174 1240
iter.000047/01.model_devi/task.051.000747 2680
iter.000047/01.model_devi/task.051.000618 1490
iter.000047/01.model_devi/task.051.000753 1710
iter.000047/01.model_devi/task.051.000654 150
iter.000047/01.model_devi/task.051.000503 2260
iter.000047/01.model_devi/task.051.000008 2010
iter.000047/01.model_devi/task.051.000743 1490
iter.000047/01.model_devi/task.051.000733 1050
iter.000047/01.model_devi/task.051.000732 2100
iter.000047/01.model_devi/task.051.000627 670
iter.000047/01.model_devi/task.051.000597 980
iter.000047/01.model_devi/task.051.000326 710
iter.000047/01.model_devi/task.051.000604 1820
iter.000047/01.model_devi/task.051.000649 1570
iter.000047/01.model_devi/task.051.000221 2700
iter.000047/01.model_devi/task.051.000648 1120
iter.000047/01.model_devi/task.051.000763 1300
iter.000047/01.model_devi/task.051.000028 280
iter.000047/01.model_devi/task.051.000560 1690
iter.000047/01.model_devi/task.051.000503 570
iter.000047/01.model_devi/task.051.000515 1460
iter.000047/01.model_devi/task.051.000558 1060
iter.000047/01.model_devi/task.051.000028 620
iter.000047/01.model_devi/task.051.000305 2340
iter.000047/01.model_devi/task.051.000753 510
iter.000047/01.model_devi/task.051.000102 2570
iter.000047/01.model_devi/task.051.000733 1470
iter.000047/01.model_devi/task.051.000626 1120
