iter.000008/01.model_devi/task.008.000147 910
iter.000008/01.model_devi/task.008.000034 940
iter.000008/01.model_devi/task.008.000146 240
iter.000008/01.model_devi/task.008.000019 600
iter.000008/01.model_devi/task.008.000113 290
iter.000008/01.model_devi/task.008.000195 770
iter.000008/01.model_devi/task.008.000026 940
iter.000008/01.model_devi/task.008.000147 770
iter.000008/01.model_devi/task.008.000113 810
iter.000008/01.model_devi/task.008.000115 270
iter.000008/01.model_devi/task.008.000105 870
iter.000008/01.model_devi/task.008.000106 980
iter.000008/01.model_devi/task.008.000147 870
iter.000008/01.model_devi/task.008.000139 930
iter.000008/01.model_devi/task.008.000152 480
iter.000008/01.model_devi/task.008.000072 250
iter.000008/01.model_devi/task.008.000155 610
iter.000008/01.model_devi/task.008.000154 910
iter.000008/01.model_devi/task.008.000033 900
iter.000008/01.model_devi/task.008.000070 800
iter.000008/01.model_devi/task.008.000072 150
iter.000008/01.model_devi/task.008.000110 620
iter.000008/01.model_devi/task.008.000189 600
iter.000008/01.model_devi/task.008.000170 550
iter.000008/01.model_devi/task.008.000035 680
iter.000008/01.model_devi/task.008.000192 590
iter.000008/01.model_devi/task.008.000079 320
iter.000008/01.model_devi/task.008.000025 720
iter.000008/01.model_devi/task.008.000117 300
iter.000008/01.model_devi/task.008.000194 320
iter.000008/01.model_devi/task.008.000105 850
iter.000008/01.model_devi/task.008.000115 710
iter.000008/01.model_devi/task.008.000113 690
iter.000008/01.model_devi/task.008.000073 530
iter.000008/01.model_devi/task.008.000114 620
iter.000008/01.model_devi/task.008.000072 400
iter.000008/01.model_devi/task.008.000145 650
iter.000008/01.model_devi/task.008.000197 540
iter.000008/01.model_devi/task.008.000196 950
iter.000008/01.model_devi/task.008.000150 680
iter.000008/01.model_devi/task.008.000193 230
iter.000008/01.model_devi/task.008.000152 910
iter.000008/01.model_devi/task.008.000112 300
iter.000008/01.model_devi/task.008.000116 230
iter.000008/01.model_devi/task.008.000195 730
iter.000008/01.model_devi/task.008.000192 560
iter.000008/01.model_devi/task.008.000147 900
iter.000008/01.model_devi/task.008.000037 800
iter.000008/01.model_devi/task.008.000154 500
iter.000008/01.model_devi/task.008.000100 510
iter.000008/01.model_devi/task.008.000192 620
iter.000008/01.model_devi/task.008.000032 400
iter.000008/01.model_devi/task.008.000036 770
iter.000008/01.model_devi/task.008.000067 550
iter.000008/01.model_devi/task.008.000034 930
iter.000008/01.model_devi/task.008.000120 270
iter.000008/01.model_devi/task.008.000152 940
iter.000008/01.model_devi/task.008.000106 770
iter.000008/01.model_devi/task.008.000193 650
iter.000008/01.model_devi/task.008.000156 300
iter.000008/01.model_devi/task.008.000078 260
iter.000008/01.model_devi/task.008.000039 920
iter.000008/01.model_devi/task.008.000153 330
iter.000008/01.model_devi/task.008.000148 850
iter.000008/01.model_devi/task.008.000097 600
iter.000008/01.model_devi/task.008.000110 860
iter.000008/01.model_devi/task.008.000077 620
iter.000008/01.model_devi/task.008.000187 270
iter.000008/01.model_devi/task.008.000073 920
iter.000008/01.model_devi/task.008.000192 600
iter.000008/01.model_devi/task.008.000153 730
iter.000008/01.model_devi/task.008.000035 620
iter.000008/01.model_devi/task.008.000035 910
iter.000008/01.model_devi/task.008.000064 340
iter.000008/01.model_devi/task.008.000176 860
iter.000008/01.model_devi/task.008.000105 490
iter.000008/01.model_devi/task.008.000060 560
iter.000008/01.model_devi/task.008.000077 230
iter.000008/01.model_devi/task.008.000128 640
iter.000008/01.model_devi/task.008.000185 500
iter.000008/01.model_devi/task.008.000153 630
iter.000008/01.model_devi/task.008.000107 370
iter.000008/01.model_devi/task.008.000153 850
iter.000008/01.model_devi/task.008.000106 650
iter.000008/01.model_devi/task.008.000112 880
iter.000008/01.model_devi/task.008.000074 690
iter.000008/01.model_devi/task.008.000140 220
iter.000008/01.model_devi/task.008.000116 550
iter.000008/01.model_devi/task.008.000066 960
iter.000008/01.model_devi/task.008.000158 430
iter.000008/01.model_devi/task.008.000185 560
iter.000008/01.model_devi/task.008.000032 490
iter.000008/01.model_devi/task.008.000152 670
iter.000008/01.model_devi/task.008.000024 540
iter.000008/01.model_devi/task.008.000148 290
iter.000008/01.model_devi/task.008.000034 960
iter.000008/01.model_devi/task.008.000056 910
iter.000008/01.model_devi/task.008.000104 550
iter.000008/01.model_devi/task.008.000154 540
iter.000008/01.model_devi/task.008.000138 630
iter.000008/01.model_devi/task.008.000024 630
iter.000008/01.model_devi/task.008.000039 560
iter.000008/01.model_devi/task.008.000038 600
iter.000008/01.model_devi/task.008.000033 560
iter.000008/01.model_devi/task.008.000185 520
iter.000008/01.model_devi/task.008.000116 930
iter.000008/01.model_devi/task.008.000192 710
iter.000008/01.model_devi/task.008.000106 530
iter.000008/01.model_devi/task.008.000036 480
iter.000008/01.model_devi/task.008.000152 270
iter.000008/01.model_devi/task.008.000156 240
iter.000008/01.model_devi/task.008.000073 490
iter.000008/01.model_devi/task.008.000192 580
iter.000008/01.model_devi/task.008.000072 700
iter.000008/01.model_devi/task.008.000036 350
iter.000008/01.model_devi/task.008.000152 630
iter.000008/01.model_devi/task.008.000076 270
iter.000008/01.model_devi/task.008.000154 340
iter.000008/01.model_devi/task.008.000152 350
iter.000008/01.model_devi/task.008.000148 570
iter.000008/01.model_devi/task.008.000194 340
iter.000008/01.model_devi/task.008.000072 260
iter.000008/01.model_devi/task.008.000199 280
iter.000008/01.model_devi/task.008.000118 460
iter.000008/01.model_devi/task.008.000108 550
iter.000008/01.model_devi/task.008.000192 700
iter.000008/01.model_devi/task.008.000193 550
iter.000008/01.model_devi/task.008.000144 750
iter.000008/01.model_devi/task.008.000099 850
iter.000008/01.model_devi/task.008.000113 490
iter.000008/01.model_devi/task.008.000035 590
iter.000008/01.model_devi/task.008.000142 270
iter.000008/01.model_devi/task.008.000096 480
iter.000008/01.model_devi/task.008.000146 670
iter.000008/01.model_devi/task.008.000071 590
iter.000008/01.model_devi/task.008.000114 720
iter.000008/01.model_devi/task.008.000036 560
iter.000008/01.model_devi/task.008.000059 310
iter.000008/01.model_devi/task.008.000033 910
iter.000008/01.model_devi/task.008.000036 570
iter.000008/01.model_devi/task.008.000152 920
iter.000008/01.model_devi/task.008.000107 290
iter.000008/01.model_devi/task.008.000193 580
iter.000008/01.model_devi/task.008.000104 150
iter.000008/01.model_devi/task.008.000152 730
iter.000008/01.model_devi/task.008.000028 730
iter.000008/01.model_devi/task.008.000035 580
iter.000008/01.model_devi/task.008.000116 540
iter.000008/01.model_devi/task.008.000196 980
iter.000008/01.model_devi/task.008.000157 910
iter.000008/01.model_devi/task.008.000098 710
iter.000008/01.model_devi/task.008.000107 250
iter.000008/01.model_devi/task.008.000188 930
iter.000008/01.model_devi/task.008.000069 550
iter.000008/01.model_devi/task.008.000195 830
iter.000008/01.model_devi/task.008.000154 930
iter.000008/01.model_devi/task.008.000018 960
iter.000008/01.model_devi/task.008.000113 840
iter.000008/01.model_devi/task.008.000184 380
iter.000008/01.model_devi/task.008.000185 510
iter.000008/01.model_devi/task.008.000036 590
iter.000008/01.model_devi/task.008.000155 930
iter.000008/01.model_devi/task.008.000035 990
iter.000008/01.model_devi/task.008.000155 220
iter.000008/01.model_devi/task.008.000075 970
iter.000008/01.model_devi/task.008.000113 800
iter.000008/01.model_devi/task.008.000107 610
iter.000008/01.model_devi/task.008.000100 500
iter.000008/01.model_devi/task.008.000155 510
iter.000008/01.model_devi/task.008.000153 840
iter.000008/01.model_devi/task.008.000156 290
iter.000008/01.model_devi/task.008.000139 460
iter.000008/01.model_devi/task.008.000113 220
iter.000008/01.model_devi/task.008.000052 1000
iter.000008/01.model_devi/task.008.000178 240
iter.000008/01.model_devi/task.008.000070 530
iter.000008/01.model_devi/task.008.000156 360
iter.000008/01.model_devi/task.008.000105 530
iter.000008/01.model_devi/task.008.000024 660
iter.000008/01.model_devi/task.008.000076 620
iter.000008/01.model_devi/task.008.000033 680
iter.000008/01.model_devi/task.008.000106 740
iter.000008/01.model_devi/task.008.000037 580
iter.000008/01.model_devi/task.008.000072 350
iter.000008/01.model_devi/task.008.000190 360
iter.000008/01.model_devi/task.008.000159 910
iter.000008/01.model_devi/task.008.000033 690
iter.000008/01.model_devi/task.008.000142 640
iter.000008/01.model_devi/task.008.000075 1000
iter.000008/01.model_devi/task.008.000155 590
iter.000008/01.model_devi/task.008.000076 690
iter.000008/01.model_devi/task.008.000034 590
iter.000008/01.model_devi/task.008.000038 910
iter.000008/01.model_devi/task.008.000073 520
iter.000008/01.model_devi/task.008.000106 660
iter.000008/01.model_devi/task.008.000195 330
iter.000008/01.model_devi/task.008.000194 250
iter.000008/01.model_devi/task.008.000033 270
iter.000008/01.model_devi/task.008.000155 620
iter.000008/01.model_devi/task.008.000076 380
iter.000008/01.model_devi/task.008.000146 960
iter.000008/01.model_devi/task.008.000028 630
iter.000008/01.model_devi/task.008.000032 650
iter.000008/01.model_devi/task.008.000099 770
iter.000008/01.model_devi/task.008.000156 480
iter.000008/01.model_devi/task.008.000196 340
iter.000008/01.model_devi/task.008.000066 910
iter.000008/01.model_devi/task.008.000196 280
iter.000008/01.model_devi/task.008.000068 760
iter.000008/01.model_devi/task.008.000193 900
iter.000008/01.model_devi/task.008.000106 540
iter.000008/01.model_devi/task.008.000115 390
iter.000008/01.model_devi/task.008.000034 570
iter.000008/01.model_devi/task.008.000192 160
iter.000008/01.model_devi/task.008.000147 890
iter.000008/01.model_devi/task.008.000195 320
iter.000008/01.model_devi/task.008.000029 260
iter.000008/01.model_devi/task.008.000155 910
iter.000008/01.model_devi/task.008.000194 280
iter.000008/01.model_devi/task.008.000186 810
iter.000008/01.model_devi/task.008.000033 580
iter.000008/01.model_devi/task.008.000158 860
iter.000008/01.model_devi/task.008.000147 920
iter.000008/01.model_devi/task.008.000028 640
iter.000008/01.model_devi/task.008.000198 750
iter.000008/01.model_devi/task.008.000196 640
iter.000008/01.model_devi/task.008.000073 740
iter.000008/01.model_devi/task.008.000068 740
iter.000008/01.model_devi/task.008.000152 690
iter.000008/01.model_devi/task.008.000097 500
iter.000008/01.model_devi/task.008.000024 920
iter.000008/01.model_devi/task.008.000161 220
iter.000008/01.model_devi/task.008.000117 560
iter.000008/01.model_devi/task.008.000185 920
iter.000008/01.model_devi/task.008.000027 640
iter.000008/01.model_devi/task.008.000075 680
iter.000008/01.model_devi/task.008.000152 600
iter.000008/01.model_devi/task.008.000144 730
iter.000008/01.model_devi/task.008.000036 540
iter.000008/01.model_devi/task.008.000157 600
iter.000008/01.model_devi/task.008.000152 720
iter.000008/01.model_devi/task.008.000184 580
iter.000008/01.model_devi/task.008.000077 320
iter.000008/01.model_devi/task.008.000071 580
iter.000008/01.model_devi/task.008.000112 630
iter.000008/01.model_devi/task.008.000035 980
iter.000008/01.model_devi/task.008.000106 670
iter.000008/01.model_devi/task.008.000075 240
iter.000008/01.model_devi/task.008.000038 610
iter.000008/01.model_devi/task.008.000099 860
iter.000008/01.model_devi/task.008.000056 890
iter.000008/01.model_devi/task.008.000072 830
iter.000008/01.model_devi/task.008.000114 730
iter.000008/01.model_devi/task.008.000193 570
iter.000008/01.model_devi/task.008.000185 490
iter.000008/01.model_devi/task.008.000076 890
iter.000008/01.model_devi/task.008.000060 550
iter.000008/01.model_devi/task.008.000192 570
iter.000008/01.model_devi/task.008.000113 500
iter.000008/01.model_devi/task.008.000109 280
iter.000008/01.model_devi/task.008.000156 580
iter.000008/01.model_devi/task.008.000157 750
iter.000008/01.model_devi/task.008.000196 930
iter.000008/01.model_devi/task.008.000073 960
iter.000008/01.model_devi/task.008.000187 980
iter.000008/01.model_devi/task.008.000116 580
iter.000008/01.model_devi/task.008.000036 580
iter.000008/01.model_devi/task.008.000075 620
iter.000008/01.model_devi/task.008.000035 800
iter.000008/01.model_devi/task.008.000072 900
iter.000008/01.model_devi/task.008.000104 290
iter.000008/01.model_devi/task.008.000154 920
iter.000008/01.model_devi/task.008.000072 280
iter.000008/01.model_devi/task.008.000134 530
iter.000008/01.model_devi/task.008.000145 930
iter.000008/01.model_devi/task.008.000034 680
iter.000008/01.model_devi/task.008.000034 700
iter.000008/01.model_devi/task.008.000032 580
iter.000008/01.model_devi/task.008.000106 970
iter.000008/01.model_devi/task.008.000144 840
iter.000008/01.model_devi/task.008.000156 700
iter.000008/01.model_devi/task.008.000195 240
iter.000008/01.model_devi/task.008.000148 560
iter.000008/01.model_devi/task.008.000157 710
iter.000008/01.model_devi/task.008.000148 870
iter.000008/01.model_devi/task.008.000196 200
iter.000008/01.model_devi/task.008.000194 860
iter.000008/01.model_devi/task.008.000032 610
iter.000008/01.model_devi/task.008.000153 620
iter.000008/01.model_devi/task.008.000146 210
iter.000008/01.model_devi/task.008.000195 750
iter.000008/01.model_devi/task.008.000024 910
iter.000008/01.model_devi/task.008.000197 650
iter.000008/01.model_devi/task.008.000038 900
iter.000008/01.model_devi/task.008.000152 710
iter.000008/01.model_devi/task.008.000078 250
iter.000008/01.model_devi/task.008.000115 410
iter.000008/01.model_devi/task.008.000105 540
iter.000008/01.model_devi/task.008.000028 670
iter.000008/01.model_devi/task.008.000194 580
iter.000008/01.model_devi/task.008.000034 280
iter.000008/01.model_devi/task.008.000106 240
iter.000008/01.model_devi/task.008.000155 690
iter.000008/01.model_devi/task.008.000195 620
iter.000008/01.model_devi/task.008.000154 980
iter.000008/01.model_devi/task.008.000033 890
iter.000008/01.model_devi/task.008.000032 600
iter.000008/01.model_devi/task.008.000033 790
iter.000008/01.model_devi/task.008.000112 700
iter.000008/01.model_devi/task.008.000074 260
iter.000008/01.model_devi/task.008.000027 760
iter.000008/01.model_devi/task.008.000172 510
iter.000008/01.model_devi/task.008.000104 350
iter.000008/01.model_devi/task.008.000138 890
iter.000008/01.model_devi/task.008.000033 880
iter.000008/01.model_devi/task.008.000032 250
iter.000008/01.model_devi/task.008.000027 670
iter.000008/01.model_devi/task.008.000072 270
iter.000008/01.model_devi/task.008.000034 340
iter.000008/01.model_devi/task.008.000073 810
iter.000008/01.model_devi/task.008.000186 200
iter.000008/01.model_devi/task.008.000197 690
iter.000008/01.model_devi/task.008.000073 250
iter.000008/01.model_devi/task.008.000192 300
iter.000008/01.model_devi/task.008.000189 500
iter.000008/01.model_devi/task.008.000075 280
iter.000008/01.model_devi/task.008.000105 760
iter.000008/01.model_devi/task.008.000149 270
iter.000008/01.model_devi/task.008.000036 490
iter.000008/01.model_devi/task.008.000074 380
iter.000008/01.model_devi/task.008.000197 660
iter.000008/01.model_devi/task.008.000112 930
iter.000008/01.model_devi/task.008.000152 990
iter.000008/01.model_devi/task.008.000034 580
iter.000008/01.model_devi/task.008.000193 660
iter.000008/01.model_devi/task.008.000028 540
iter.000008/01.model_devi/task.008.000116 710
iter.000008/01.model_devi/task.008.000072 760
iter.000008/01.model_devi/task.008.000155 170
iter.000008/01.model_devi/task.008.000148 860
iter.000008/01.model_devi/task.008.000076 240
iter.000008/01.model_devi/task.008.000060 300
iter.000008/01.model_devi/task.008.000138 950
iter.000008/01.model_devi/task.008.000195 840
iter.000008/01.model_devi/task.008.000198 730
iter.000008/01.model_devi/task.008.000106 750
iter.000008/01.model_devi/task.008.000152 500
iter.000008/01.model_devi/task.008.000195 720
iter.000008/01.model_devi/task.008.000112 680
iter.000008/01.model_devi/task.008.000157 800
iter.000008/01.model_devi/task.008.000112 670
iter.000008/01.model_devi/task.008.000109 910
iter.000008/01.model_devi/task.008.000117 590
iter.000008/01.model_devi/task.008.000033 600
iter.000008/01.model_devi/task.008.000034 270
iter.000008/01.model_devi/task.008.000116 270
iter.000008/01.model_devi/task.008.000097 300
iter.000008/01.model_devi/task.008.000066 920
iter.000008/01.model_devi/task.008.000029 910
iter.000008/01.model_devi/task.008.000072 840
iter.000008/01.model_devi/task.008.000065 310
iter.000008/01.model_devi/task.008.000145 920
iter.000008/01.model_devi/task.008.000112 730
iter.000008/01.model_devi/task.008.000110 890
iter.000008/01.model_devi/task.008.000034 610
iter.000008/01.model_devi/task.008.000177 1000
iter.000008/01.model_devi/task.008.000112 250
iter.000008/01.model_devi/task.008.000157 950
iter.000008/01.model_devi/task.008.000112 270
iter.000008/01.model_devi/task.008.000035 920
iter.000008/01.model_devi/task.008.000152 290
iter.000008/01.model_devi/task.008.000152 340
iter.000008/01.model_devi/task.008.000187 970
iter.000008/01.model_devi/task.008.000196 210
iter.000008/01.model_devi/task.008.000117 580
iter.000008/01.model_devi/task.008.000105 460
iter.000008/01.model_devi/task.008.000154 390
iter.000008/01.model_devi/task.008.000033 780
iter.000008/01.model_devi/task.008.000156 600
iter.000008/01.model_devi/task.008.000146 620
iter.000008/01.model_devi/task.008.000149 800
iter.000008/01.model_devi/task.008.000039 190
iter.000008/01.model_devi/task.008.000185 940
iter.000008/01.model_devi/task.008.000152 490
iter.000008/01.model_devi/task.008.000035 670
iter.000008/01.model_devi/task.008.000032 350
iter.000008/01.model_devi/task.008.000115 380
iter.000008/01.model_devi/task.008.000185 930
iter.000008/01.model_devi/task.008.000074 270
iter.000008/01.model_devi/task.008.000035 560
iter.000008/01.model_devi/task.008.000034 710
iter.000008/01.model_devi/task.008.000068 650
iter.000008/01.model_devi/task.008.000038 260
iter.000008/01.model_devi/task.008.000034 600
iter.000008/01.model_devi/task.008.000153 720
iter.000008/01.model_devi/task.008.000020 930
iter.000008/01.model_devi/task.008.000049 310
iter.000008/01.model_devi/task.008.000117 600
iter.000008/01.model_devi/task.008.000155 500
iter.000008/01.model_devi/task.008.000026 910
iter.000008/01.model_devi/task.008.000152 740
iter.000008/01.model_devi/task.008.000068 720
iter.000008/01.model_devi/task.008.000147 830
iter.000008/01.model_devi/task.008.000144 830
iter.000008/01.model_devi/task.008.000024 830
iter.000008/01.model_devi/task.008.000118 780
iter.000008/01.model_devi/task.008.000156 590
iter.000008/01.model_devi/task.008.000145 540
iter.000008/01.model_devi/task.008.000076 340
iter.000008/01.model_devi/task.008.000198 120
iter.000008/01.model_devi/task.008.000145 830
iter.000008/01.model_devi/task.008.000157 610
iter.000008/01.model_devi/task.008.000116 610
iter.000008/01.model_devi/task.008.000110 530
iter.000008/01.model_devi/task.008.000198 990
iter.000008/01.model_devi/task.008.000159 920
iter.000008/01.model_devi/task.008.000105 840
iter.000008/01.model_devi/task.008.000021 890
iter.000008/01.model_devi/task.008.000105 830
iter.000008/01.model_devi/task.008.000115 280
iter.000008/01.model_devi/task.008.000196 730
iter.000008/01.model_devi/task.008.000188 890
iter.000008/01.model_devi/task.008.000069 510
iter.000008/01.model_devi/task.008.000024 560
iter.000008/01.model_devi/task.008.000187 640
iter.000008/01.model_devi/task.008.000193 930
iter.000008/01.model_devi/task.008.000036 930
iter.000008/01.model_devi/task.008.000073 160
iter.000008/01.model_devi/task.008.000152 620
iter.000008/01.model_devi/task.008.000035 230
iter.000008/01.model_devi/task.008.000036 160
iter.000008/01.model_devi/task.008.000198 320
iter.000008/01.model_devi/task.008.000073 880
iter.000008/01.model_devi/task.008.000074 370
iter.000008/01.model_devi/task.008.000146 200
iter.000008/01.model_devi/task.008.000032 710
iter.000008/01.model_devi/task.008.000185 610
iter.000008/01.model_devi/task.008.000072 860
iter.000008/01.model_devi/task.008.000157 310
iter.000008/01.model_devi/task.008.000112 870
iter.000008/01.model_devi/task.008.000152 700
iter.000008/01.model_devi/task.008.000109 610
iter.000008/01.model_devi/task.008.000117 230
iter.000008/01.model_devi/task.008.000194 930
iter.000008/01.model_devi/task.008.000185 810
iter.000008/01.model_devi/task.008.000033 460
iter.000008/01.model_devi/task.008.000034 480
iter.000008/01.model_devi/task.008.000074 350
iter.000008/01.model_devi/task.008.000156 610
iter.000008/01.model_devi/task.008.000117 500
iter.000008/01.model_devi/task.008.000118 260
iter.000008/01.model_devi/task.008.000152 380
iter.000008/01.model_devi/task.008.000035 660
iter.000008/01.model_devi/task.008.000056 600
iter.000008/01.model_devi/task.008.000034 950
iter.000008/01.model_devi/task.008.000035 930
iter.000008/01.model_devi/task.008.000195 180
iter.000008/01.model_devi/task.008.000157 230
iter.000008/01.model_devi/task.008.000188 600
iter.000008/01.model_devi/task.008.000107 240
iter.000008/01.model_devi/task.008.000032 280
iter.000008/01.model_devi/task.008.000064 950
iter.000008/01.model_devi/task.008.000189 620
iter.000008/01.model_devi/task.008.000108 650
iter.000008/01.model_devi/task.008.000197 340
iter.000008/01.model_devi/task.008.000034 920
iter.000008/01.model_devi/task.008.000112 710
iter.000008/01.model_devi/task.008.000068 220
iter.000008/01.model_devi/task.008.000104 750
iter.000008/01.model_devi/task.008.000074 650
iter.000008/01.model_devi/task.008.000075 700
iter.000008/01.model_devi/task.008.000016 590
iter.000008/01.model_devi/task.008.000078 230
iter.000008/01.model_devi/task.008.000113 950
iter.000008/01.model_devi/task.008.000019 510
iter.000008/01.model_devi/task.008.000158 770
iter.000008/01.model_devi/task.008.000025 640
iter.000008/01.model_devi/task.008.000038 690
iter.000008/01.model_devi/task.008.000194 290
iter.000008/01.model_devi/task.008.000056 920
iter.000008/01.model_devi/task.008.000056 930
iter.000008/01.model_devi/task.008.000194 200
iter.000008/01.model_devi/task.008.000153 740
iter.000008/01.model_devi/task.008.000033 810
iter.000008/01.model_devi/task.008.000158 470
iter.000008/01.model_devi/task.008.000196 940
iter.000008/01.model_devi/task.008.000188 590
iter.000008/01.model_devi/task.008.000187 370
iter.000008/01.model_devi/task.008.000154 530
iter.000008/01.model_devi/task.008.000035 210
iter.000008/01.model_devi/task.008.000196 650
iter.000008/01.model_devi/task.008.000187 160
iter.000008/01.model_devi/task.008.000096 510
iter.000008/01.model_devi/task.008.000039 550
iter.000008/01.model_devi/task.008.000104 160
iter.000008/01.model_devi/task.008.000109 730
iter.000008/01.model_devi/task.008.000148 830
iter.000008/01.model_devi/task.008.000157 290
iter.000008/01.model_devi/task.008.000196 610
iter.000008/01.model_devi/task.008.000114 590
iter.000008/01.model_devi/task.008.000106 630
iter.000008/01.model_devi/task.008.000149 780
iter.000008/01.model_devi/task.008.000157 920
iter.000008/01.model_devi/task.008.000176 850
iter.000008/01.model_devi/task.008.000108 350
iter.000008/01.model_devi/task.008.000105 470
iter.000008/01.model_devi/task.008.000009 910
iter.000008/01.model_devi/task.008.000118 800
iter.000008/01.model_devi/task.008.000026 630
iter.000008/01.model_devi/task.008.000074 170
iter.000008/01.model_devi/task.008.000112 260
iter.000008/01.model_devi/task.008.000027 940
iter.000008/01.model_devi/task.008.000073 870
iter.000008/01.model_devi/task.008.000108 620
iter.000008/01.model_devi/task.008.000018 770
iter.000008/01.model_devi/task.008.000074 360
iter.000008/01.model_devi/task.008.000036 460
iter.000008/01.model_devi/task.008.000198 710
iter.000008/01.model_devi/task.008.000113 930
iter.000008/01.model_devi/task.008.000112 720
iter.000008/01.model_devi/task.008.000075 230
iter.000008/01.model_devi/task.008.000156 690
iter.000008/01.model_devi/task.008.000033 1000
iter.000008/01.model_devi/task.008.000176 880
iter.000008/01.model_devi/task.008.000154 280
iter.000008/01.model_devi/task.008.000109 700
iter.000008/01.model_devi/task.008.000184 540
iter.000008/01.model_devi/task.008.000097 690
iter.000008/01.model_devi/task.008.000156 280
iter.000008/01.model_devi/task.008.000108 220
iter.000008/01.model_devi/task.008.000032 390
iter.000008/01.model_devi/task.008.000155 480
iter.000008/01.model_devi/task.008.000068 210
iter.000008/01.model_devi/task.008.000115 160
iter.000008/01.model_devi/task.008.000112 230
iter.000008/01.model_devi/task.008.000075 310
iter.000008/01.model_devi/task.008.000106 640
iter.000008/01.model_devi/task.008.000076 290
iter.000008/01.model_devi/task.008.000036 940
iter.000008/01.model_devi/task.008.000025 750
iter.000008/01.model_devi/task.008.000113 880
iter.000008/01.model_devi/task.008.000192 270
iter.000008/01.model_devi/task.008.000197 210
iter.000008/01.model_devi/task.008.000038 580
iter.000008/01.model_devi/task.008.000115 330
iter.000008/01.model_devi/task.008.000037 640
iter.000008/01.model_devi/task.008.000105 780
iter.000008/01.model_devi/task.008.000192 810
iter.000008/01.model_devi/task.008.000035 270
iter.000008/01.model_devi/task.008.000034 910
iter.000008/01.model_devi/task.008.000155 270
iter.000008/01.model_devi/task.008.000128 250
iter.000008/01.model_devi/task.008.000185 910
iter.000008/01.model_devi/task.008.000032 590
iter.000008/01.model_devi/task.008.000197 990
iter.000008/01.model_devi/task.008.000187 990
iter.000008/01.model_devi/task.008.000024 570
iter.000008/01.model_devi/task.008.000077 340
iter.000008/01.model_devi/task.008.000186 590
iter.000008/01.model_devi/task.008.000142 630
iter.000008/01.model_devi/task.008.000036 870
iter.000008/01.model_devi/task.008.000195 310
iter.000008/01.model_devi/task.008.000192 140
iter.000008/01.model_devi/task.008.000114 710
iter.000008/01.model_devi/task.008.000104 840
iter.000008/01.model_devi/task.008.000071 600
iter.000008/01.model_devi/task.008.000110 520
iter.000008/01.model_devi/task.008.000186 160
iter.000008/01.model_devi/task.008.000104 810
iter.000008/01.model_devi/task.008.000072 320
iter.000008/01.model_devi/task.008.000113 720
iter.000008/01.model_devi/task.008.000144 820
iter.000008/01.model_devi/task.008.000109 620
iter.000008/01.model_devi/task.008.000148 500
iter.000008/01.model_devi/task.008.000188 570
iter.000008/01.model_devi/task.008.000195 700
iter.000008/01.model_devi/task.008.000077 260
iter.000008/01.model_devi/task.008.000154 550
iter.000008/01.model_devi/task.008.000142 280
iter.000008/01.model_devi/task.008.000154 810
iter.000008/01.model_devi/task.008.000188 900
iter.000008/01.model_devi/task.008.000105 770
iter.000008/01.model_devi/task.008.000068 730
iter.000008/01.model_devi/task.008.000112 520
iter.000008/01.model_devi/task.008.000188 260
iter.000008/01.model_devi/task.008.000114 280
iter.000008/01.model_devi/task.008.000076 900
iter.000008/01.model_devi/task.008.000034 980
iter.000008/01.model_devi/task.008.000024 650
iter.000008/01.model_devi/task.008.000185 950
iter.000008/01.model_devi/task.008.000073 890
iter.000008/01.model_devi/task.008.000147 880
iter.000008/01.model_devi/task.008.000074 610
iter.000008/01.model_devi/task.008.000028 550
iter.000008/01.model_devi/task.008.000049 910
iter.000008/01.model_devi/task.008.000051 990
iter.000008/01.model_devi/task.008.000152 590
iter.000008/01.model_devi/task.008.000153 610
iter.000008/01.model_devi/task.008.000108 410
iter.000008/01.model_devi/task.008.000073 270
iter.000008/01.model_devi/task.008.000105 860
iter.000008/01.model_devi/task.008.000075 660
iter.000008/01.model_devi/task.008.000198 1000
iter.000008/01.model_devi/task.008.000116 290
iter.000008/01.model_devi/task.008.000195 740
iter.000008/01.model_devi/task.008.000096 860
iter.000008/01.model_devi/task.008.000153 540
iter.000008/01.model_devi/task.008.000112 570
iter.000008/01.model_devi/task.008.000073 240
iter.000008/01.model_devi/task.008.000016 700
iter.000008/01.model_devi/task.008.000190 550
iter.000008/01.model_devi/task.008.000118 790
iter.000008/01.model_devi/task.008.000113 300
iter.000008/01.model_devi/task.008.000199 750
iter.000008/01.model_devi/task.008.000146 230
iter.000008/01.model_devi/task.008.000032 310
iter.000008/01.model_devi/task.008.000056 950
iter.000008/01.model_devi/task.008.000188 990
iter.000008/01.model_devi/task.008.000195 280
iter.000008/01.model_devi/task.008.000032 790
iter.000008/01.model_devi/task.008.000097 220
iter.000008/01.model_devi/task.008.000113 560
iter.000008/01.model_devi/task.008.000074 680
iter.000008/01.model_devi/task.008.000148 890
iter.000008/01.model_devi/task.008.000187 650
iter.000008/01.model_devi/task.008.000035 700
iter.000008/01.model_devi/task.008.000187 960
iter.000008/01.model_devi/task.008.000074 600
iter.000008/01.model_devi/task.008.000075 360
iter.000008/01.model_devi/task.008.000032 620
iter.000008/01.model_devi/task.008.000033 700
iter.000008/01.model_devi/task.008.000068 330
iter.000008/01.model_devi/task.008.000195 820
iter.000008/01.model_devi/task.008.000155 600
iter.000008/01.model_devi/task.008.000104 450
iter.000008/01.model_devi/task.008.000112 480
iter.000008/01.model_devi/task.008.000195 630
iter.000008/01.model_devi/task.008.000157 930
iter.000008/01.model_devi/task.008.000192 280
iter.000008/01.model_devi/task.008.000034 290
iter.000008/01.model_devi/task.008.000198 600
iter.000008/01.model_devi/task.008.000038 640
iter.000008/01.model_devi/task.008.000118 240
iter.000008/01.model_devi/task.008.000064 380
iter.000008/01.model_devi/task.008.000152 820
iter.000008/01.model_devi/task.008.000076 350
iter.000008/01.model_devi/task.008.000187 390
iter.000008/01.model_devi/task.008.000035 160
iter.000008/01.model_devi/task.008.000152 370
iter.000008/01.model_devi/task.008.000145 640
iter.000008/01.model_devi/task.008.000074 230
iter.000008/01.model_devi/task.008.000076 310
iter.000008/01.model_devi/task.008.000035 900
iter.000008/01.model_devi/task.008.000190 370
iter.000008/01.model_devi/task.008.000105 750
iter.000008/01.model_devi/task.008.000117 890
iter.000008/01.model_devi/task.008.000032 720
iter.000008/01.model_devi/task.008.000147 270
iter.000008/01.model_devi/task.008.000078 270
iter.000008/01.model_devi/task.008.000157 940
iter.000008/01.model_devi/task.008.000035 970
iter.000008/01.model_devi/task.008.000016 690
iter.000008/01.model_devi/task.008.000106 140
iter.000008/01.model_devi/task.008.000068 750
iter.000008/01.model_devi/task.008.000114 700
iter.000008/01.model_devi/task.008.000036 270
iter.000008/01.model_devi/task.008.000145 240
iter.000008/01.model_devi/task.008.000115 350
iter.000008/01.model_devi/task.008.000076 300
iter.000008/01.model_devi/task.008.000035 550
iter.000008/01.model_devi/task.008.000153 710
iter.000008/01.model_devi/task.008.000193 560
iter.000008/01.model_devi/task.008.000102 670
iter.000008/01.model_devi/task.008.000156 260
iter.000008/01.model_devi/task.008.000077 330
iter.000008/01.model_devi/task.008.000193 640
iter.000008/01.model_devi/task.008.000033 250
iter.000008/01.model_devi/task.008.000113 570
iter.000008/01.model_devi/task.008.000079 120
iter.000008/01.model_devi/task.008.000153 140
iter.000008/01.model_devi/task.008.000106 960
iter.000008/01.model_devi/task.008.000118 870
iter.000008/01.model_devi/task.008.000116 590
iter.000008/01.model_devi/task.008.000195 690
iter.000008/01.model_devi/task.008.000116 830
iter.000008/01.model_devi/task.008.000064 580
iter.000008/01.model_devi/task.008.000113 960
iter.000008/01.model_devi/task.008.000195 760
iter.000008/01.model_devi/task.008.000187 660
iter.000008/01.model_devi/task.008.000025 650
iter.000008/01.model_devi/task.008.000149 200
iter.000008/01.model_devi/task.008.000027 470
iter.000008/01.model_devi/task.008.000117 1000
iter.000008/01.model_devi/task.008.000016 600
iter.000008/01.model_devi/task.008.000195 960
iter.000008/01.model_devi/task.008.000152 660
iter.000008/01.model_devi/task.008.000152 300
iter.000008/01.model_devi/task.008.000184 300
iter.000008/01.model_devi/task.008.000017 980
iter.000008/01.model_devi/task.008.000198 610
iter.000008/01.model_devi/task.008.000195 220
iter.000008/01.model_devi/task.008.000100 880
iter.000008/01.model_devi/task.008.000075 270
iter.000008/01.model_devi/task.008.000024 860
iter.000008/01.model_devi/task.008.000155 940
iter.000008/01.model_devi/task.008.000198 720
iter.000008/01.model_devi/task.008.000156 710
iter.000008/01.model_devi/task.008.000034 970
iter.000008/01.model_devi/task.008.000105 550
iter.000008/01.model_devi/task.008.000136 610
iter.000008/01.model_devi/task.008.000113 520
iter.000008/01.model_devi/task.008.000110 510
iter.000008/01.model_devi/task.008.000186 800
iter.000008/01.model_devi/task.008.000109 600
iter.000008/01.model_devi/task.008.000142 510
iter.000008/01.model_devi/task.008.000155 490
iter.000008/01.model_devi/task.008.000112 340
iter.000008/01.model_devi/task.008.000195 270
iter.000008/01.model_devi/task.008.000149 560
iter.000008/01.model_devi/task.008.000027 960
iter.000008/01.model_devi/task.008.000072 750
iter.000008/01.model_devi/task.008.000037 230
iter.000008/01.model_devi/task.008.000069 720
iter.000008/01.model_devi/task.008.000072 870
iter.000008/01.model_devi/task.008.000069 900
iter.000008/01.model_devi/task.008.000118 880
iter.000008/01.model_devi/task.008.000033 570
iter.000008/01.model_devi/task.008.000024 670
iter.000008/01.model_devi/task.008.000034 630
iter.000008/01.model_devi/task.008.000110 910
iter.000008/01.model_devi/task.008.000073 830
iter.000008/01.model_devi/task.008.000016 680
iter.000008/01.model_devi/task.008.000178 760
iter.000008/01.model_devi/task.008.000110 900
iter.000008/01.model_devi/task.008.000114 600
iter.000008/01.model_devi/task.008.000152 610
iter.000008/01.model_devi/task.008.000096 520
iter.000008/01.model_devi/task.008.000075 260
iter.000008/01.model_devi/task.008.000107 340
iter.000008/01.model_devi/task.008.000028 260
iter.000008/01.model_devi/task.008.000109 640
iter.000008/01.model_devi/task.008.000157 300
iter.000008/01.model_devi/task.008.000148 640
iter.000008/01.model_devi/task.008.000158 420
iter.000008/01.model_devi/task.008.000117 220
iter.000008/01.model_devi/task.008.000113 190
iter.000008/01.model_devi/task.008.000112 580
iter.000008/01.model_devi/task.008.000195 950
iter.000008/01.model_devi/task.008.000195 800
iter.000008/01.model_devi/task.008.000199 190
iter.000008/01.model_devi/task.008.000153 600
iter.000008/01.model_devi/task.008.000196 740
iter.000008/01.model_devi/task.008.000154 520
iter.000008/01.model_devi/task.008.000032 270
iter.000008/01.model_devi/task.008.000150 220
iter.000008/01.model_devi/task.008.000109 650
iter.000008/01.model_devi/task.008.000066 850
iter.000008/01.model_devi/task.008.000112 760
iter.000008/01.model_devi/task.008.000108 340
iter.000008/01.model_devi/task.008.000186 820
iter.000008/01.model_devi/task.008.000105 450
iter.000008/01.model_devi/task.008.000118 770
iter.000008/01.model_devi/task.008.000115 400
iter.000008/01.model_devi/task.008.000024 880
iter.000008/01.model_devi/task.008.000078 620
iter.000008/01.model_devi/task.008.000155 290
iter.000008/01.model_devi/task.008.000019 500
iter.000008/01.model_devi/task.008.000115 370
iter.000008/01.model_devi/task.008.000035 690
iter.000008/01.model_devi/task.008.000106 230
iter.000008/01.model_devi/task.008.000196 300
iter.000008/01.model_devi/task.008.000138 590
iter.000008/01.model_devi/task.008.000113 710
iter.000008/01.model_devi/task.008.000187 780
iter.000008/01.model_devi/task.008.000112 690
iter.000008/01.model_devi/task.008.000189 190
iter.000008/01.model_devi/task.008.000113 830
iter.000008/01.model_devi/task.008.000077 560
iter.000008/01.model_devi/task.008.000038 380
iter.000008/01.model_devi/task.008.000108 300
iter.000008/01.model_devi/task.008.000118 560
iter.000008/01.model_devi/task.008.000132 590
iter.000008/01.model_devi/task.008.000033 590
iter.000008/01.model_devi/task.008.000024 550
iter.000008/01.model_devi/task.008.000112 640
iter.000008/01.model_devi/task.008.000157 880
iter.000008/01.model_devi/task.008.000192 800
iter.000008/01.model_devi/task.008.000115 680
iter.000008/01.model_devi/task.008.000146 970
iter.000008/01.model_devi/task.008.000194 820
iter.000008/01.model_devi/task.008.000069 240
iter.000008/01.model_devi/task.008.000035 600
iter.000008/01.model_devi/task.008.000032 380
iter.000008/01.model_devi/task.008.000077 220
iter.000008/01.model_devi/task.008.000114 310
iter.000008/01.model_devi/task.008.000075 940
iter.000008/01.model_devi/task.008.000036 330
iter.000008/01.model_devi/task.008.000116 620
iter.000008/01.model_devi/task.008.000194 270
iter.000008/01.model_devi/task.008.000075 370
iter.000008/01.model_devi/task.008.000185 900
iter.000008/01.model_devi/task.008.000156 160
iter.000008/01.model_devi/task.008.000109 630
iter.000008/01.model_devi/task.008.000152 640
iter.000008/01.model_devi/task.008.000155 860
iter.000008/01.model_devi/task.008.000078 610
iter.000008/01.model_devi/task.008.000155 960
iter.000008/01.model_devi/task.008.000152 390
iter.000008/01.model_devi/task.008.000116 600
iter.000008/01.model_devi/task.008.000038 670
iter.000008/01.model_devi/task.008.000034 370
iter.000008/01.model_devi/task.008.000155 920
iter.000008/01.model_devi/task.008.000035 940
iter.000008/01.model_devi/task.008.000074 280
iter.000008/01.model_devi/task.008.000035 570
iter.000008/01.model_devi/task.008.000149 280
iter.000008/01.model_devi/task.008.000145 630
iter.000008/01.model_devi/task.008.000113 150
iter.000008/01.model_devi/task.008.000073 860
iter.000008/01.model_devi/task.008.000106 620
iter.000008/01.model_devi/task.008.000195 850
iter.000008/01.model_devi/task.008.000137 930
