iter.000044/01.model_devi/task.040.000374 870
iter.000044/01.model_devi/task.040.000383 870
iter.000044/01.model_devi/task.040.000383 880
iter.000044/01.model_devi/task.040.000248 550
iter.000044/01.model_devi/task.040.000194 370
iter.000044/01.model_devi/task.040.000117 560
iter.000044/01.model_devi/task.040.000324 580
iter.000044/01.model_devi/task.040.000375 380
iter.000044/01.model_devi/task.040.000287 240
iter.000044/01.model_devi/task.040.000388 380
iter.000044/01.model_devi/task.040.000177 670
iter.000044/01.model_devi/task.040.000238 730
iter.000044/01.model_devi/task.040.000242 510
iter.000044/01.model_devi/task.040.000059 570
iter.000044/01.model_devi/task.040.000117 640
iter.000044/01.model_devi/task.040.000113 160
iter.000044/01.model_devi/task.040.000248 840
iter.000044/01.model_devi/task.040.000374 880
iter.000044/01.model_devi/task.040.000259 790
iter.000044/01.model_devi/task.040.000179 320
iter.000044/01.model_devi/task.040.000059 520
iter.000044/01.model_devi/task.040.000358 620
iter.000044/01.model_devi/task.040.000177 710
iter.000044/01.model_devi/task.040.000249 680
iter.000044/01.model_devi/task.040.000312 580
iter.000044/01.model_devi/task.040.000319 560
iter.000044/01.model_devi/task.040.000383 770
iter.000044/01.model_devi/task.040.000183 410
iter.000044/01.model_devi/task.040.000059 460
iter.000044/01.model_devi/task.040.000383 860
iter.000044/01.model_devi/task.040.000374 890
iter.000044/01.model_devi/task.040.000323 580
iter.000044/01.model_devi/task.040.000170 310
iter.000044/01.model_devi/task.040.000170 450
iter.000044/01.model_devi/task.040.000319 570
iter.000044/01.model_devi/task.040.000176 780
iter.000044/01.model_devi/task.040.000363 450
iter.000044/01.model_devi/task.040.000116 590
iter.000044/01.model_devi/task.040.000059 610
iter.000044/01.model_devi/task.040.000363 340
iter.000044/01.model_devi/task.040.000373 990
iter.000044/01.model_devi/task.040.000374 840
iter.000044/01.model_devi/task.040.000249 240
iter.000044/01.model_devi/task.040.000170 380
iter.000044/01.model_devi/task.040.000059 580
iter.000044/01.model_devi/task.040.000059 510
iter.000044/01.model_devi/task.040.000389 190
iter.000044/01.model_devi/task.040.000363 330
iter.000044/01.model_devi/task.040.000358 610
iter.000044/01.model_devi/task.040.000374 900
iter.000044/01.model_devi/task.040.000319 630
