iter.000044/01.model_devi/task.064.000193 370
iter.000044/01.model_devi/task.064.000389 430
iter.000044/01.model_devi/task.064.000322 940
iter.000044/01.model_devi/task.064.000122 390
iter.000044/01.model_devi/task.064.000317 320
iter.000044/01.model_devi/task.064.000317 810
iter.000044/01.model_devi/task.064.000113 630
iter.000044/01.model_devi/task.064.000180 880
iter.000044/01.model_devi/task.064.000254 310
iter.000044/01.model_devi/task.064.000243 600
iter.000044/01.model_devi/task.064.000188 970
iter.000044/01.model_devi/task.064.000116 660
iter.000044/01.model_devi/task.064.000371 780
iter.000044/01.model_devi/task.064.000213 490
iter.000044/01.model_devi/task.064.000116 670
iter.000044/01.model_devi/task.064.000289 230
iter.000044/01.model_devi/task.064.000373 630
iter.000044/01.model_devi/task.064.000116 700
iter.000044/01.model_devi/task.064.000371 770
iter.000044/01.model_devi/task.064.000257 760
iter.000044/01.model_devi/task.064.000239 870
iter.000044/01.model_devi/task.064.000193 350
iter.000044/01.model_devi/task.064.000371 760
iter.000044/01.model_devi/task.064.000324 200
iter.000044/01.model_devi/task.064.000356 580
iter.000044/01.model_devi/task.064.000086 540
iter.000044/01.model_devi/task.064.000371 790
iter.000044/01.model_devi/task.064.000227 190
iter.000044/01.model_devi/task.064.000258 320
iter.000044/01.model_devi/task.064.000359 980
iter.000044/01.model_devi/task.064.000359 400
iter.000044/01.model_devi/task.064.000254 490
iter.000044/01.model_devi/task.064.000239 670
iter.000044/01.model_devi/task.064.000379 820
