iter.000041/01.model_devi/task.041.000003 260
iter.000041/01.model_devi/task.041.000184 260
iter.000041/01.model_devi/task.041.000002 150
iter.000041/01.model_devi/task.041.000248 980
iter.000041/01.model_devi/task.041.000064 910
iter.000041/01.model_devi/task.041.000299 280
iter.000041/01.model_devi/task.041.000003 910
iter.000041/01.model_devi/task.041.000014 80
iter.000041/01.model_devi/task.041.000323 740
iter.000041/01.model_devi/task.041.000217 300
iter.000041/01.model_devi/task.041.000118 620
iter.000041/01.model_devi/task.041.000109 630
iter.000041/01.model_devi/task.041.000184 270
iter.000041/01.model_devi/task.041.000049 290
iter.000041/01.model_devi/task.041.000023 310
iter.000041/01.model_devi/task.041.000289 820
iter.000041/01.model_devi/task.041.000118 600
iter.000041/01.model_devi/task.041.000251 720
iter.000041/01.model_devi/task.041.000359 960
iter.000041/01.model_devi/task.041.000249 260
iter.000041/01.model_devi/task.041.000359 490
iter.000041/01.model_devi/task.041.000228 270
iter.000041/01.model_devi/task.041.000109 660
iter.000041/01.model_devi/task.041.000248 450
iter.000041/01.model_devi/task.041.000359 440
iter.000041/01.model_devi/task.041.000297 930
iter.000041/01.model_devi/task.041.000118 630
iter.000041/01.model_devi/task.041.000118 660
iter.000041/01.model_devi/task.041.000223 390
iter.000041/01.model_devi/task.041.000118 570
iter.000041/01.model_devi/task.041.000237 650
iter.000041/01.model_devi/task.041.000224 590
iter.000041/01.model_devi/task.041.000109 530
iter.000041/01.model_devi/task.041.000119 760
iter.000041/01.model_devi/task.041.000059 360
iter.000041/01.model_devi/task.041.000364 540
iter.000041/01.model_devi/task.041.000156 590
