iter.000041/01.model_devi/task.065.000049 550
iter.000041/01.model_devi/task.065.000233 860
iter.000041/01.model_devi/task.065.000359 320
iter.000041/01.model_devi/task.065.000369 740
iter.000041/01.model_devi/task.065.000249 390
iter.000041/01.model_devi/task.065.000189 780
iter.000041/01.model_devi/task.065.000239 860
iter.000041/01.model_devi/task.065.000049 560
iter.000041/01.model_devi/task.065.000188 260
iter.000041/01.model_devi/task.065.000369 840
iter.000041/01.model_devi/task.065.000354 960
iter.000041/01.model_devi/task.065.000324 280
iter.000041/01.model_devi/task.065.000306 820
iter.000041/01.model_devi/task.065.000314 730
iter.000041/01.model_devi/task.065.000368 380
iter.000041/01.model_devi/task.065.000364 160
iter.000041/01.model_devi/task.065.000112 930
iter.000041/01.model_devi/task.065.000243 400
iter.000041/01.model_devi/task.065.000219 200
iter.000041/01.model_devi/task.065.000303 770
iter.000041/01.model_devi/task.065.000183 820
iter.000041/01.model_devi/task.065.000374 910
iter.000041/01.model_devi/task.065.000303 720
iter.000041/01.model_devi/task.065.000233 950
iter.000041/01.model_devi/task.065.000248 780
iter.000041/01.model_devi/task.065.000108 790
iter.000041/01.model_devi/task.065.000372 890
iter.000041/01.model_devi/task.065.000178 390
iter.000041/01.model_devi/task.065.000378 350
iter.000041/01.model_devi/task.065.000129 380
iter.000041/01.model_devi/task.065.000059 890
iter.000041/01.model_devi/task.065.000372 80
