iter.000016/01.model_devi/task.008.000192 1000
iter.000016/01.model_devi/task.008.000035 970
iter.000016/01.model_devi/task.008.000156 540
iter.000016/01.model_devi/task.008.000145 560
iter.000016/01.model_devi/task.008.000115 990
iter.000016/01.model_devi/task.008.000059 540
iter.000016/01.model_devi/task.008.000027 710
iter.000016/01.model_devi/task.008.000136 880
iter.000016/01.model_devi/task.008.000156 560
iter.000016/01.model_devi/task.008.000156 550
iter.000016/01.model_devi/task.008.000149 640
iter.000016/01.model_devi/task.008.000026 910
iter.000016/01.model_devi/task.008.000075 330
iter.000016/01.model_devi/task.008.000192 990
iter.000016/01.model_devi/task.008.000192 980
iter.000016/01.model_devi/task.008.000192 190
iter.000016/01.model_devi/task.008.000197 960
iter.000016/01.model_devi/task.008.000192 970
iter.000016/01.model_devi/task.008.000154 690
iter.000016/01.model_devi/task.008.000075 320
iter.000016/01.model_devi/task.008.000039 840
iter.000016/01.model_devi/task.008.000199 860
iter.000016/01.model_devi/task.008.000136 860
iter.000016/01.model_devi/task.008.000136 870
iter.000016/01.model_devi/task.008.000152 760
iter.000016/01.model_devi/task.008.000024 340
iter.000016/01.model_devi/task.008.000154 750
iter.000016/01.model_devi/task.008.000071 600
iter.000016/01.model_devi/task.008.000193 590
iter.000016/01.model_devi/task.008.000192 780
iter.000016/01.model_devi/task.008.000074 590
iter.000016/01.model_devi/task.008.000154 680
iter.000016/01.model_devi/task.008.000026 760
iter.000016/01.model_devi/task.008.000035 310
iter.000016/01.model_devi/task.008.000016 800
iter.000016/01.model_devi/task.008.000034 800
iter.000016/01.model_devi/task.008.000154 730
iter.000016/01.model_devi/task.008.000037 710
iter.000016/01.model_devi/task.008.000154 710
iter.000016/01.model_devi/task.008.000037 620
iter.000016/01.model_devi/task.008.000153 810
iter.000016/01.model_devi/task.008.000035 300
iter.000016/01.model_devi/task.008.000145 550
iter.000016/01.model_devi/task.008.000154 720
iter.000016/01.model_devi/task.008.000026 950
iter.000016/01.model_devi/task.008.000193 580
iter.000016/01.model_devi/task.008.000034 810
iter.000016/01.model_devi/task.008.000035 930
iter.000016/01.model_devi/task.008.000154 700
iter.000016/01.model_devi/task.008.000119 390
iter.000016/01.model_devi/task.008.000154 610
iter.000016/01.model_devi/task.008.000157 700
