iter.000016/01.model_devi/task.016.000153 960
iter.000016/01.model_devi/task.016.000137 520
iter.000016/01.model_devi/task.016.000156 730
iter.000016/01.model_devi/task.016.000193 770
iter.000016/01.model_devi/task.016.000033 940
iter.000016/01.model_devi/task.016.000033 830
iter.000016/01.model_devi/task.016.000195 450
iter.000016/01.model_devi/task.016.000194 980
iter.000016/01.model_devi/task.016.000195 720
iter.000016/01.model_devi/task.016.000193 500
iter.000016/01.model_devi/task.016.000158 810
iter.000016/01.model_devi/task.016.000108 1000
iter.000016/01.model_devi/task.016.000196 790
iter.000016/01.model_devi/task.016.000056 660
iter.000016/01.model_devi/task.016.000195 700
iter.000016/01.model_devi/task.016.000190 650
iter.000016/01.model_devi/task.016.000024 870
iter.000016/01.model_devi/task.016.000074 970
iter.000016/01.model_devi/task.016.000193 630
iter.000016/01.model_devi/task.016.000153 950
iter.000016/01.model_devi/task.016.000033 510
iter.000016/01.model_devi/task.016.000158 770
iter.000016/01.model_devi/task.016.000156 710
iter.000016/01.model_devi/task.016.000034 600
iter.000016/01.model_devi/task.016.000195 540
iter.000016/01.model_devi/task.016.000193 860
iter.000016/01.model_devi/task.016.000033 310
iter.000016/01.model_devi/task.016.000193 890
iter.000016/01.model_devi/task.016.000033 880
iter.000016/01.model_devi/task.016.000074 980
iter.000016/01.model_devi/task.016.000155 920
iter.000016/01.model_devi/task.016.000193 680
iter.000016/01.model_devi/task.016.000034 680
iter.000016/01.model_devi/task.016.000195 880
iter.000016/01.model_devi/task.016.000193 450
iter.000016/01.model_devi/task.016.000141 870
iter.000016/01.model_devi/task.016.000154 860
iter.000016/01.model_devi/task.016.000074 950
iter.000016/01.model_devi/task.016.000192 770
iter.000016/01.model_devi/task.016.000195 670
iter.000016/01.model_devi/task.016.000195 920
iter.000016/01.model_devi/task.016.000197 600
iter.000016/01.model_devi/task.016.000156 750
iter.000016/01.model_devi/task.016.000074 1000
iter.000016/01.model_devi/task.016.000156 840
iter.000016/01.model_devi/task.016.000154 940
iter.000016/01.model_devi/task.016.000027 950
iter.000016/01.model_devi/task.016.000056 650
iter.000016/01.model_devi/task.016.000195 420
iter.000016/01.model_devi/task.016.000193 540
iter.000016/01.model_devi/task.016.000195 620
iter.000016/01.model_devi/task.016.000153 910
iter.000016/01.model_devi/task.016.000108 790
iter.000016/01.model_devi/task.016.000033 890
iter.000016/01.model_devi/task.016.000111 400
iter.000016/01.model_devi/task.016.000190 610
iter.000016/01.model_devi/task.016.000195 680
iter.000016/01.model_devi/task.016.000141 980
iter.000016/01.model_devi/task.016.000037 450
iter.000016/01.model_devi/task.016.000154 520
iter.000016/01.model_devi/task.016.000193 600
iter.000016/01.model_devi/task.016.000195 600
iter.000016/01.model_devi/task.016.000153 840
iter.000016/01.model_devi/task.016.000056 670
iter.000016/01.model_devi/task.016.000193 660
iter.000016/01.model_devi/task.016.000024 840
iter.000016/01.model_devi/task.016.000193 750
iter.000016/01.model_devi/task.016.000034 950
iter.000016/01.model_devi/task.016.000194 880
iter.000016/01.model_devi/task.016.000108 970
iter.000016/01.model_devi/task.016.000034 820
iter.000016/01.model_devi/task.016.000195 830
iter.000016/01.model_devi/task.016.000141 940
iter.000016/01.model_devi/task.016.000153 830
iter.000016/01.model_devi/task.016.000193 640
iter.000016/01.model_devi/task.016.000195 550
iter.000016/01.model_devi/task.016.000068 790
iter.000016/01.model_devi/task.016.000190 570
iter.000016/01.model_devi/task.016.000117 600
iter.000016/01.model_devi/task.016.000108 980
iter.000016/01.model_devi/task.016.000033 600
iter.000016/01.model_devi/task.016.000195 810
iter.000016/01.model_devi/task.016.000141 900
iter.000016/01.model_devi/task.016.000194 900
iter.000016/01.model_devi/task.016.000034 920
iter.000016/01.model_devi/task.016.000027 1000
iter.000016/01.model_devi/task.016.000195 390
iter.000016/01.model_devi/task.016.000197 630
iter.000016/01.model_devi/task.016.000147 460
iter.000016/01.model_devi/task.016.000156 760
iter.000016/01.model_devi/task.016.000024 880
iter.000016/01.model_devi/task.016.000153 390
iter.000016/01.model_devi/task.016.000112 630
iter.000016/01.model_devi/task.016.000193 480
iter.000016/01.model_devi/task.016.000195 460
iter.000016/01.model_devi/task.016.000188 720
iter.000016/01.model_devi/task.016.000116 800
iter.000016/01.model_devi/task.016.000141 800
iter.000016/01.model_devi/task.016.000193 650
iter.000016/01.model_devi/task.016.000034 980
iter.000016/01.model_devi/task.016.000156 720
iter.000016/01.model_devi/task.016.000156 770
iter.000016/01.model_devi/task.016.000033 930
iter.000016/01.model_devi/task.016.000153 850
iter.000016/01.model_devi/task.016.000035 920
iter.000016/01.model_devi/task.016.000033 500
iter.000016/01.model_devi/task.016.000029 980
iter.000016/01.model_devi/task.016.000033 800
iter.000016/01.model_devi/task.016.000193 370
iter.000016/01.model_devi/task.016.000197 800
iter.000016/01.model_devi/task.016.000033 560
iter.000016/01.model_devi/task.016.000190 640
iter.000016/01.model_devi/task.016.000197 930
iter.000016/01.model_devi/task.016.000034 790
iter.000016/01.model_devi/task.016.000035 960
iter.000016/01.model_devi/task.016.000196 330
iter.000016/01.model_devi/task.016.000195 480
iter.000016/01.model_devi/task.016.000106 960
iter.000016/01.model_devi/task.016.000197 590
iter.000016/01.model_devi/task.016.000193 330
iter.000016/01.model_devi/task.016.000033 430
iter.000016/01.model_devi/task.016.000195 500
iter.000016/01.model_devi/task.016.000034 850
iter.000016/01.model_devi/task.016.000154 930
iter.000016/01.model_devi/task.016.000197 910
iter.000016/01.model_devi/task.016.000195 340
iter.000016/01.model_devi/task.016.000116 830
iter.000016/01.model_devi/task.016.000035 840
iter.000016/01.model_devi/task.016.000195 380
iter.000016/01.model_devi/task.016.000034 590
iter.000016/01.model_devi/task.016.000027 940
iter.000016/01.model_devi/task.016.000033 850
iter.000016/01.model_devi/task.016.000193 360
iter.000016/01.model_devi/task.016.000196 310
iter.000016/01.model_devi/task.016.000193 490
iter.000016/01.model_devi/task.016.000141 950
iter.000016/01.model_devi/task.016.000190 620
iter.000016/01.model_devi/task.016.000035 680
iter.000016/01.model_devi/task.016.000155 910
iter.000016/01.model_devi/task.016.000198 790
iter.000016/01.model_devi/task.016.000153 490
iter.000016/01.model_devi/task.016.000197 620
iter.000016/01.model_devi/task.016.000158 840
iter.000016/01.model_devi/task.016.000153 500
iter.000016/01.model_devi/task.016.000190 550
iter.000016/01.model_devi/task.016.000153 890
iter.000016/01.model_devi/task.016.000116 810
iter.000016/01.model_devi/task.016.000153 450
iter.000016/01.model_devi/task.016.000034 490
iter.000016/01.model_devi/task.016.000035 970
iter.000016/01.model_devi/task.016.000107 690
iter.000016/01.model_devi/task.016.000141 790
iter.000016/01.model_devi/task.016.000153 980
iter.000016/01.model_devi/task.016.000026 780
iter.000016/01.model_devi/task.016.000141 910
iter.000016/01.model_devi/task.016.000196 350
iter.000016/01.model_devi/task.016.000034 540
iter.000016/01.model_devi/task.016.000197 870
iter.000016/01.model_devi/task.016.000196 320
iter.000016/01.model_devi/task.016.000074 960
iter.000016/01.model_devi/task.016.000141 930
iter.000016/01.model_devi/task.016.000153 640
iter.000016/01.model_devi/task.016.000153 530
iter.000016/01.model_devi/task.016.000141 850
iter.000016/01.model_devi/task.016.000155 790
iter.000016/01.model_devi/task.016.000158 850
iter.000016/01.model_devi/task.016.000153 940
iter.000016/01.model_devi/task.016.000033 900
iter.000016/01.model_devi/task.016.000153 990
iter.000016/01.model_devi/task.016.000194 960
iter.000016/01.model_devi/task.016.000116 980
iter.000016/01.model_devi/task.016.000195 640
iter.000016/01.model_devi/task.016.000035 990
iter.000016/01.model_devi/task.016.000156 690
iter.000016/01.model_devi/task.016.000156 820
iter.000016/01.model_devi/task.016.000075 990
iter.000016/01.model_devi/task.016.000027 980
iter.000016/01.model_devi/task.016.000034 1000
iter.000016/01.model_devi/task.016.000153 900
iter.000016/01.model_devi/task.016.000154 870
iter.000016/01.model_devi/task.016.000027 900
iter.000016/01.model_devi/task.016.000068 850
iter.000016/01.model_devi/task.016.000033 490
iter.000016/01.model_devi/task.016.000194 890
iter.000016/01.model_devi/task.016.000116 790
iter.000016/01.model_devi/task.016.000033 920
iter.000016/01.model_devi/task.016.000033 450
iter.000016/01.model_devi/task.016.000153 970
iter.000016/01.model_devi/task.016.000033 790
iter.000016/01.model_devi/task.016.000193 590
iter.000016/01.model_devi/task.016.000195 610
iter.000016/01.model_devi/task.016.000033 460
iter.000016/01.model_devi/task.016.000155 800
iter.000016/01.model_devi/task.016.000193 340
iter.000016/01.model_devi/task.016.000034 770
iter.000016/01.model_devi/task.016.000194 990
iter.000016/01.model_devi/task.016.000034 610
iter.000016/01.model_devi/task.016.000193 470
iter.000016/01.model_devi/task.016.000193 800
iter.000016/01.model_devi/task.016.000070 810
iter.000016/01.model_devi/task.016.000195 510
iter.000016/01.model_devi/task.016.000195 790
iter.000016/01.model_devi/task.016.000195 490
iter.000016/01.model_devi/task.016.000153 440
iter.000016/01.model_devi/task.016.000033 660
iter.000016/01.model_devi/task.016.000037 460
iter.000016/01.model_devi/task.016.000074 920
iter.000016/01.model_devi/task.016.000108 800
iter.000016/01.model_devi/task.016.000156 800
iter.000016/01.model_devi/task.016.000034 970
iter.000016/01.model_devi/task.016.000074 990
iter.000016/01.model_devi/task.016.000034 660
iter.000016/01.model_devi/task.016.000155 960
iter.000016/01.model_devi/task.016.000035 760
iter.000016/01.model_devi/task.016.000153 650
iter.000016/01.model_devi/task.016.000108 870
iter.000016/01.model_devi/task.016.000154 990
iter.000016/01.model_devi/task.016.000108 850
iter.000016/01.model_devi/task.016.000194 970
iter.000016/01.model_devi/task.016.000034 910
iter.000016/01.model_devi/task.016.000035 930
iter.000016/01.model_devi/task.016.000195 990
iter.000016/01.model_devi/task.016.000033 670
iter.000016/01.model_devi/task.016.000141 890
iter.000016/01.model_devi/task.016.000193 910
iter.000016/01.model_devi/task.016.000108 760
iter.000016/01.model_devi/task.016.000154 490
iter.000016/01.model_devi/task.016.000195 630
iter.000016/01.model_devi/task.016.000033 700
iter.000016/01.model_devi/task.016.000033 870
iter.000016/01.model_devi/task.016.000033 570
iter.000016/01.model_devi/task.016.000035 720
iter.000016/01.model_devi/task.016.000193 780
iter.000016/01.model_devi/task.016.000033 690
iter.000016/01.model_devi/task.016.000033 820
iter.000016/01.model_devi/task.016.000034 990
iter.000016/01.model_devi/task.016.000195 530
iter.000016/01.model_devi/task.016.000034 750
iter.000016/01.model_devi/task.016.000197 940
iter.000016/01.model_devi/task.016.000034 570
iter.000016/01.model_devi/task.016.000058 950
iter.000016/01.model_devi/task.016.000188 710
iter.000016/01.model_devi/task.016.000193 560
iter.000016/01.model_devi/task.016.000195 660
iter.000016/01.model_devi/task.016.000193 510
iter.000016/01.model_devi/task.016.000034 500
iter.000016/01.model_devi/task.016.000034 520
iter.000016/01.model_devi/task.016.000108 780
iter.000016/01.model_devi/task.016.000193 900
iter.000016/01.model_devi/task.016.000141 820
iter.000016/01.model_devi/task.016.000193 690
iter.000016/01.model_devi/task.016.000195 330
iter.000016/01.model_devi/task.016.000195 740
iter.000016/01.model_devi/task.016.000113 1000
iter.000016/01.model_devi/task.016.000035 740
iter.000016/01.model_devi/task.016.000153 520
iter.000016/01.model_devi/task.016.000112 600
iter.000016/01.model_devi/task.016.000195 890
iter.000016/01.model_devi/task.016.000035 880
iter.000016/01.model_devi/task.016.000153 870
iter.000016/01.model_devi/task.016.000034 810
iter.000016/01.model_devi/task.016.000034 900
iter.000016/01.model_devi/task.016.000035 900
iter.000016/01.model_devi/task.016.000116 840
iter.000016/01.model_devi/task.016.000194 930
iter.000016/01.model_devi/task.016.000141 780
iter.000016/01.model_devi/task.016.000027 880
iter.000016/01.model_devi/task.016.000156 670
iter.000016/01.model_devi/task.016.000186 330
iter.000016/01.model_devi/task.016.000194 850
iter.000016/01.model_devi/task.016.000034 800
iter.000016/01.model_devi/task.016.000141 860
iter.000016/01.model_devi/task.016.000193 830
iter.000016/01.model_devi/task.016.000035 850
iter.000016/01.model_devi/task.016.000194 920
iter.000016/01.model_devi/task.016.000199 680
iter.000016/01.model_devi/task.016.000108 960
iter.000016/01.model_devi/task.016.000195 410
iter.000016/01.model_devi/task.016.000141 970
iter.000016/01.model_devi/task.016.000156 780
iter.000016/01.model_devi/task.016.000035 1000
iter.000016/01.model_devi/task.016.000033 780
iter.000016/01.model_devi/task.016.000193 610
iter.000016/01.model_devi/task.016.000024 860
iter.000016/01.model_devi/task.016.000113 970
iter.000016/01.model_devi/task.016.000197 580
iter.000016/01.model_devi/task.016.000193 520
iter.000016/01.model_devi/task.016.000193 920
iter.000016/01.model_devi/task.016.000108 750
iter.000016/01.model_devi/task.016.000158 690
iter.000016/01.model_devi/task.016.000108 830
iter.000016/01.model_devi/task.016.000116 820
iter.000016/01.model_devi/task.016.000153 820
iter.000016/01.model_devi/task.016.000035 750
iter.000016/01.model_devi/task.016.000141 960
iter.000016/01.model_devi/task.016.000194 830
iter.000016/01.model_devi/task.016.000197 900
iter.000016/01.model_devi/task.016.000034 760
iter.000016/01.model_devi/task.016.000193 840
iter.000016/01.model_devi/task.016.000154 840
iter.000016/01.model_devi/task.016.000156 790
iter.000016/01.model_devi/task.016.000196 500
iter.000016/01.model_devi/task.016.000034 510
iter.000016/01.model_devi/task.016.000074 940
iter.000016/01.model_devi/task.016.000153 860
iter.000016/01.model_devi/task.016.000035 860
iter.000016/01.model_devi/task.016.000154 850
iter.000016/01.model_devi/task.016.000026 790
iter.000016/01.model_devi/task.016.000197 610
iter.000016/01.model_devi/task.016.000194 820
iter.000016/01.model_devi/task.016.000034 960
iter.000016/01.model_devi/task.016.000141 810
iter.000016/01.model_devi/task.016.000072 280
iter.000016/01.model_devi/task.016.000033 590
iter.000016/01.model_devi/task.016.000197 640
iter.000016/01.model_devi/task.016.000195 770
iter.000016/01.model_devi/task.016.000034 840
iter.000016/01.model_devi/task.016.000033 480
iter.000016/01.model_devi/task.016.000155 850
iter.000016/01.model_devi/task.016.000033 730
iter.000016/01.model_devi/task.016.000194 840
iter.000016/01.model_devi/task.016.000195 430
iter.000016/01.model_devi/task.016.000195 370
iter.000016/01.model_devi/task.016.000158 830
iter.000016/01.model_devi/task.016.000034 930
iter.000016/01.model_devi/task.016.000193 820
iter.000016/01.model_devi/task.016.000108 940
iter.000016/01.model_devi/task.016.000155 810
iter.000016/01.model_devi/task.016.000034 550
iter.000016/01.model_devi/task.016.000027 930
iter.000016/01.model_devi/task.016.000153 880
iter.000016/01.model_devi/task.016.000112 620
iter.000016/01.model_devi/task.016.000034 530
iter.000016/01.model_devi/task.016.000035 890
iter.000016/01.model_devi/task.016.000033 860
iter.000016/01.model_devi/task.016.000194 680
iter.000016/01.model_devi/task.016.000108 840
iter.000016/01.model_devi/task.016.000195 710
iter.000016/01.model_devi/task.016.000194 910
iter.000016/01.model_devi/task.016.000033 750
iter.000016/01.model_devi/task.016.000195 650
iter.000016/01.model_devi/task.016.000156 310
iter.000016/01.model_devi/task.016.000158 820
iter.000016/01.model_devi/task.016.000156 680
iter.000016/01.model_devi/task.016.000108 950
iter.000016/01.model_devi/task.016.000026 800
iter.000016/01.model_devi/task.016.000195 910
iter.000016/01.model_devi/task.016.000029 1000
iter.000016/01.model_devi/task.016.000033 760
iter.000016/01.model_devi/task.016.000193 850
iter.000016/01.model_devi/task.016.000154 950
iter.000016/01.model_devi/task.016.000035 940
iter.000016/01.model_devi/task.016.000197 920
iter.000016/01.model_devi/task.016.000197 880
iter.000016/01.model_devi/task.016.000193 760
iter.000016/01.model_devi/task.016.000034 640
iter.000016/01.model_devi/task.016.000033 770
iter.000016/01.model_devi/task.016.000193 550
iter.000016/01.model_devi/task.016.000026 820
iter.000016/01.model_devi/task.016.000074 470
iter.000016/01.model_devi/task.016.000034 780
iter.000016/01.model_devi/task.016.000029 990
iter.000016/01.model_devi/task.016.000193 670
iter.000016/01.model_devi/task.016.000154 980
iter.000016/01.model_devi/task.016.000195 690
iter.000016/01.model_devi/task.016.000027 960
iter.000016/01.model_devi/task.016.000195 320
iter.000016/01.model_devi/task.016.000033 300
iter.000016/01.model_devi/task.016.000194 870
iter.000016/01.model_devi/task.016.000194 860
iter.000016/01.model_devi/task.016.000156 700
iter.000016/01.model_devi/task.016.000195 520
iter.000016/01.model_devi/task.016.000074 930
iter.000016/01.model_devi/task.016.000195 440
iter.000016/01.model_devi/task.016.000197 560
iter.000016/01.model_devi/task.016.000195 900
iter.000016/01.model_devi/task.016.000108 770
iter.000016/01.model_devi/task.016.000154 1000
iter.000016/01.model_devi/task.016.000033 520
iter.000016/01.model_devi/task.016.000034 650
iter.000016/01.model_devi/task.016.000141 920
iter.000016/01.model_devi/task.016.000194 950
iter.000016/01.model_devi/task.016.000156 740
iter.000016/01.model_devi/task.016.000193 790
iter.000016/01.model_devi/task.016.000193 810
iter.000016/01.model_devi/task.016.000034 860
iter.000016/01.model_devi/task.016.000156 810
iter.000016/01.model_devi/task.016.000141 880
iter.000016/01.model_devi/task.016.000153 780
iter.000016/01.model_devi/task.016.000033 740
iter.000016/01.model_devi/task.016.000154 960
iter.000016/01.model_devi/task.016.000196 400
iter.000016/01.model_devi/task.016.000153 510
iter.000016/01.model_devi/task.016.000197 860
iter.000016/01.model_devi/task.016.000141 830
iter.000016/01.model_devi/task.016.000193 730
iter.000016/01.model_devi/task.016.000196 340
iter.000016/01.model_devi/task.016.000153 930
iter.000016/01.model_devi/task.016.000193 530
iter.000016/01.model_devi/task.016.000193 570
iter.000016/01.model_devi/task.016.000033 550
iter.000016/01.model_devi/task.016.000117 760
iter.000016/01.model_devi/task.016.000197 950
iter.000016/01.model_devi/task.016.000141 840
iter.000016/01.model_devi/task.016.000035 870
iter.000016/01.model_devi/task.016.000034 620
iter.000016/01.model_devi/task.016.000197 890
iter.000016/01.model_devi/task.016.000112 610
iter.000016/01.model_devi/task.016.000194 670
iter.000016/01.model_devi/task.016.000033 720
iter.000016/01.model_devi/task.016.000154 480
iter.000016/01.model_devi/task.016.000034 670
iter.000016/01.model_devi/task.016.000034 830
iter.000016/01.model_devi/task.016.000197 810
iter.000016/01.model_devi/task.016.000156 650
iter.000016/01.model_devi/task.016.000197 650
iter.000016/01.model_devi/task.016.000034 630
iter.000016/01.model_devi/task.016.000033 440
iter.000016/01.model_devi/task.016.000193 870
iter.000016/01.model_devi/task.016.000033 470
iter.000016/01.model_devi/task.016.000154 500
iter.000016/01.model_devi/task.016.000036 650
iter.000016/01.model_devi/task.016.000033 910
iter.000016/01.model_devi/task.016.000034 560
iter.000016/01.model_devi/task.016.000075 920
iter.000016/01.model_devi/task.016.000155 930
iter.000016/01.model_devi/task.016.000117 750
iter.000016/01.model_devi/task.016.000153 800
iter.000016/01.model_devi/task.016.000193 350
iter.000016/01.model_devi/task.016.000034 740
iter.000016/01.model_devi/task.016.000156 660
iter.000016/01.model_devi/task.016.000193 740
iter.000016/01.model_devi/task.016.000034 880
iter.000016/01.model_devi/task.016.000194 940
iter.000016/01.model_devi/task.016.000034 580
iter.000016/01.model_devi/task.016.000035 730
iter.000016/01.model_devi/task.016.000155 940
iter.000016/01.model_devi/task.016.000033 840
iter.000016/01.model_devi/task.016.000035 950
iter.000016/01.model_devi/task.016.000033 580
iter.000016/01.model_devi/task.016.000034 890
iter.000016/01.model_devi/task.016.000195 590
iter.000016/01.model_devi/task.016.000108 860
iter.000016/01.model_devi/task.016.000156 830
iter.000016/01.model_devi/task.016.000193 620
iter.000016/01.model_devi/task.016.000155 950
iter.000016/01.model_devi/task.016.000197 790
iter.000016/01.model_devi/task.016.000108 990
iter.000016/01.model_devi/task.016.000195 730
iter.000016/01.model_devi/task.016.000034 870
iter.000016/01.model_devi/task.016.000108 820
iter.000016/01.model_devi/task.016.000195 360
iter.000016/01.model_devi/task.016.000035 910
iter.000016/01.model_devi/task.016.000033 810
iter.000016/01.model_devi/task.016.000197 570
iter.000016/01.model_devi/task.016.000194 810
iter.000016/01.model_devi/task.016.000195 400
iter.000016/01.model_devi/task.016.000113 980
iter.000016/01.model_devi/task.016.000153 810
iter.000016/01.model_devi/task.016.000024 850
iter.000016/01.model_devi/task.016.000033 680
iter.000016/01.model_devi/task.016.000193 880
iter.000016/01.model_devi/task.016.000193 460
iter.000016/01.model_devi/task.016.000034 940
iter.000016/01.model_devi/task.016.000193 580
iter.000016/01.model_devi/task.016.000197 470
iter.000016/01.model_devi/task.016.000195 350
