iter.000039/01.model_devi/task.043.000479 3000
iter.000039/01.model_devi/task.043.000746 280
iter.000039/01.model_devi/task.043.000628 300
iter.000039/01.model_devi/task.043.000757 320
iter.000039/01.model_devi/task.043.000752 320
iter.000039/01.model_devi/task.043.000089 710
iter.000039/01.model_devi/task.043.000094 10
iter.000039/01.model_devi/task.043.000634 680
iter.000039/01.model_devi/task.043.000109 2830
iter.000039/01.model_devi/task.043.000754 2240
iter.000039/01.model_devi/task.043.000333 2800
iter.000039/01.model_devi/task.043.000619 2270
iter.000039/01.model_devi/task.043.000752 530
iter.000039/01.model_devi/task.043.000679 2140
iter.000039/01.model_devi/task.043.000573 370
iter.000039/01.model_devi/task.043.000777 80
iter.000039/01.model_devi/task.043.000344 2450
iter.000039/01.model_devi/task.043.000109 310
iter.000039/01.model_devi/task.043.000109 2500
iter.000039/01.model_devi/task.043.000129 1740
iter.000039/01.model_devi/task.043.000619 2710
iter.000039/01.model_devi/task.043.000589 1510
iter.000039/01.model_devi/task.043.000769 2020
iter.000039/01.model_devi/task.043.000084 2160
iter.000039/01.model_devi/task.043.000248 250
iter.000039/01.model_devi/task.043.000753 1970
iter.000039/01.model_devi/task.043.000769 2450
iter.000039/01.model_devi/task.043.000344 2220
iter.000039/01.model_devi/task.043.000708 1460
iter.000039/01.model_devi/task.043.000234 1000
iter.000039/01.model_devi/task.043.000219 820
