iter.000039/01.model_devi/task.067.000633 650
iter.000039/01.model_devi/task.067.000764 2780
iter.000039/01.model_devi/task.067.000604 330
iter.000039/01.model_devi/task.067.000518 1780
iter.000039/01.model_devi/task.067.000733 280
iter.000039/01.model_devi/task.067.000778 1180
iter.000039/01.model_devi/task.067.000759 790
iter.000039/01.model_devi/task.067.000682 500
iter.000039/01.model_devi/task.067.000747 540
iter.000039/01.model_devi/task.067.000612 1140
iter.000039/01.model_devi/task.067.000759 800
iter.000039/01.model_devi/task.067.000334 980
iter.000039/01.model_devi/task.067.000464 770
iter.000039/01.model_devi/task.067.000751 1680
iter.000039/01.model_devi/task.067.000724 140
iter.000039/01.model_devi/task.067.000359 620
iter.000039/01.model_devi/task.067.000751 1670
iter.000039/01.model_devi/task.067.000459 2700
iter.000039/01.model_devi/task.067.000494 2310
iter.000039/01.model_devi/task.067.000588 150
iter.000039/01.model_devi/task.067.000491 320
iter.000039/01.model_devi/task.067.000369 2040
iter.000039/01.model_devi/task.067.000700 960
iter.000039/01.model_devi/task.067.000749 2750
iter.000039/01.model_devi/task.067.000447 2970
iter.000039/01.model_devi/task.067.000743 2600
iter.000039/01.model_devi/task.067.000759 2700
iter.000039/01.model_devi/task.067.000767 2150
iter.000039/01.model_devi/task.067.000737 2780
iter.000039/01.model_devi/task.067.000773 1160
iter.000039/01.model_devi/task.067.000749 2740
iter.000039/01.model_devi/task.067.000484 160
iter.000039/01.model_devi/task.067.000573 1890
iter.000039/01.model_devi/task.067.000694 2950
iter.000039/01.model_devi/task.067.000608 3000
iter.000039/01.model_devi/task.067.000754 2700
iter.000039/01.model_devi/task.067.000742 120
iter.000039/01.model_devi/task.067.000693 1340
iter.000039/01.model_devi/task.067.000646 1620
iter.000039/01.model_devi/task.067.000744 470
iter.000039/01.model_devi/task.067.000758 1260
iter.000039/01.model_devi/task.067.000459 2670
iter.000039/01.model_devi/task.067.000644 2110
iter.000039/01.model_devi/task.067.000724 2220
iter.000039/01.model_devi/task.067.000604 340
iter.000039/01.model_devi/task.067.000459 2660
iter.000039/01.model_devi/task.067.000709 60
iter.000039/01.model_devi/task.067.000598 320
iter.000039/01.model_devi/task.067.000744 1580
iter.000039/01.model_devi/task.067.000724 2800
iter.000039/01.model_devi/task.067.000779 2630
iter.000039/01.model_devi/task.067.000573 1880
iter.000039/01.model_devi/task.067.000743 1370
iter.000039/01.model_devi/task.067.000753 620
iter.000039/01.model_devi/task.067.000743 1960
iter.000039/01.model_devi/task.067.000607 160
iter.000039/01.model_devi/task.067.000462 1120
iter.000039/01.model_devi/task.067.000759 1480
iter.000039/01.model_devi/task.067.000587 2200
iter.000039/01.model_devi/task.067.000693 1330
iter.000039/01.model_devi/task.067.000649 2840
iter.000039/01.model_devi/task.067.000744 1140
iter.000039/01.model_devi/task.067.000769 1000
iter.000039/01.model_devi/task.067.000459 2680
iter.000039/01.model_devi/task.067.000714 1980
iter.000039/01.model_devi/task.067.000748 310
iter.000039/01.model_devi/task.067.000758 1240
iter.000039/01.model_devi/task.067.000748 300
iter.000039/01.model_devi/task.067.000459 2690
iter.000039/01.model_devi/task.067.000369 2030
iter.000039/01.model_devi/task.067.000634 1300
iter.000039/01.model_devi/task.067.000748 290
iter.000039/01.model_devi/task.067.000484 2100
iter.000039/01.model_devi/task.067.000634 1310
iter.000039/01.model_devi/task.067.000684 110
iter.000039/01.model_devi/task.067.000769 1060
iter.000039/01.model_devi/task.067.000759 2270
