iter.000042/01.model_devi/task.050.000502 1150
iter.000042/01.model_devi/task.050.000145 130
iter.000042/01.model_devi/task.050.000734 2630
iter.000042/01.model_devi/task.050.000729 1580
iter.000042/01.model_devi/task.050.000017 120
iter.000042/01.model_devi/task.050.000629 1400
iter.000042/01.model_devi/task.050.000502 1170
iter.000042/01.model_devi/task.050.000018 120
iter.000042/01.model_devi/task.050.000119 860
iter.000042/01.model_devi/task.050.000634 1450
iter.000042/01.model_devi/task.050.000274 960
iter.000042/01.model_devi/task.050.000019 170
iter.000042/01.model_devi/task.050.000684 1230
iter.000042/01.model_devi/task.050.000502 1920
iter.000042/01.model_devi/task.050.000744 2490
iter.000042/01.model_devi/task.050.000617 1700
iter.000042/01.model_devi/task.050.000094 860
iter.000042/01.model_devi/task.050.000194 2040
iter.000042/01.model_devi/task.050.000504 1580
iter.000042/01.model_devi/task.050.000624 1730
iter.000042/01.model_devi/task.050.000502 1160
iter.000042/01.model_devi/task.050.000609 690
iter.000042/01.model_devi/task.050.000624 1740
iter.000042/01.model_devi/task.050.000139 2200
