iter.000042/01.model_devi/task.026.000359 2850
iter.000042/01.model_devi/task.026.000594 1630
iter.000042/01.model_devi/task.026.000594 1670
iter.000042/01.model_devi/task.026.000723 2490
iter.000042/01.model_devi/task.026.000723 2440
iter.000042/01.model_devi/task.026.000467 2750
iter.000042/01.model_devi/task.026.000573 1850
iter.000042/01.model_devi/task.026.000228 1170
iter.000042/01.model_devi/task.026.000358 2050
iter.000042/01.model_devi/task.026.000451 2660
iter.000042/01.model_devi/task.026.000699 2100
iter.000042/01.model_devi/task.026.000102 810
iter.000042/01.model_devi/task.026.000599 2150
iter.000042/01.model_devi/task.026.000593 2940
iter.000042/01.model_devi/task.026.000593 2880
iter.000042/01.model_devi/task.026.000354 1050
iter.000042/01.model_devi/task.026.000218 1500
iter.000042/01.model_devi/task.026.000594 1260
iter.000042/01.model_devi/task.026.000729 2280
iter.000042/01.model_devi/task.026.000704 190
iter.000042/01.model_devi/task.026.000593 2910
iter.000042/01.model_devi/task.026.000451 2620
iter.000042/01.model_devi/task.026.000344 1220
iter.000042/01.model_devi/task.026.000102 990
iter.000042/01.model_devi/task.026.000102 730
iter.000042/01.model_devi/task.026.000091 890
iter.000042/01.model_devi/task.026.000769 2490
iter.000042/01.model_devi/task.026.000718 2790
iter.000042/01.model_devi/task.026.000718 2400
iter.000042/01.model_devi/task.026.000688 2370
iter.000042/01.model_devi/task.026.000594 1270
iter.000042/01.model_devi/task.026.000619 330
iter.000042/01.model_devi/task.026.000102 610
iter.000042/01.model_devi/task.026.000723 2450
iter.000042/01.model_devi/task.026.000594 1690
iter.000042/01.model_devi/task.026.000102 1080
iter.000042/01.model_devi/task.026.000354 2740
iter.000042/01.model_devi/task.026.000618 1990
iter.000042/01.model_devi/task.026.000102 1130
iter.000042/01.model_devi/task.026.000344 1170
iter.000042/01.model_devi/task.026.000588 930
iter.000042/01.model_devi/task.026.000467 2710
iter.000042/01.model_devi/task.026.000344 1390
iter.000042/01.model_devi/task.026.000460 1650
iter.000042/01.model_devi/task.026.000102 1010
iter.000042/01.model_devi/task.026.000593 2190
iter.000042/01.model_devi/task.026.000594 670
iter.000042/01.model_devi/task.026.000576 2140
iter.000042/01.model_devi/task.026.000718 2680
iter.000042/01.model_devi/task.026.000593 2920
iter.000042/01.model_devi/task.026.000718 2410
iter.000042/01.model_devi/task.026.000701 2910
iter.000042/01.model_devi/task.026.000594 1240
iter.000042/01.model_devi/task.026.000102 750
iter.000042/01.model_devi/task.026.000704 200
iter.000042/01.model_devi/task.026.000593 2520
iter.000042/01.model_devi/task.026.000354 2580
iter.000042/01.model_devi/task.026.000713 910
iter.000042/01.model_devi/task.026.000573 1880
iter.000042/01.model_devi/task.026.000363 1880
iter.000042/01.model_devi/task.026.000102 1060
iter.000042/01.model_devi/task.026.000594 620
iter.000042/01.model_devi/task.026.000102 890
iter.000042/01.model_devi/task.026.000228 1320
iter.000042/01.model_devi/task.026.000349 2630
iter.000042/01.model_devi/task.026.000594 1600
iter.000042/01.model_devi/task.026.000229 1180
iter.000042/01.model_devi/task.026.000354 2330
iter.000042/01.model_devi/task.026.000589 770
iter.000042/01.model_devi/task.026.000354 2600
iter.000042/01.model_devi/task.026.000228 1240
iter.000042/01.model_devi/task.026.000572 1080
iter.000042/01.model_devi/task.026.000718 2770
iter.000042/01.model_devi/task.026.000344 2960
iter.000042/01.model_devi/task.026.000091 880
iter.000042/01.model_devi/task.026.000718 2730
iter.000042/01.model_devi/task.026.000359 2840
iter.000042/01.model_devi/task.026.000739 350
iter.000042/01.model_devi/task.026.000594 680
iter.000042/01.model_devi/task.026.000688 2360
iter.000042/01.model_devi/task.026.000618 2250
iter.000042/01.model_devi/task.026.000009 490
iter.000042/01.model_devi/task.026.000688 2380
iter.000042/01.model_devi/task.026.000344 1250
iter.000042/01.model_devi/task.026.000688 2390
iter.000042/01.model_devi/task.026.000723 2460
iter.000042/01.model_devi/task.026.000451 2640
iter.000042/01.model_devi/task.026.000091 860
iter.000042/01.model_devi/task.026.000349 340
iter.000042/01.model_devi/task.026.000102 840
iter.000042/01.model_devi/task.026.000228 2050
iter.000042/01.model_devi/task.026.000219 1630
iter.000042/01.model_devi/task.026.000102 1070
iter.000042/01.model_devi/task.026.000588 940
iter.000042/01.model_devi/task.026.000354 930
iter.000042/01.model_devi/task.026.000354 950
iter.000042/01.model_devi/task.026.000594 1660
iter.000042/01.model_devi/task.026.000219 1640
iter.000042/01.model_devi/task.026.000102 720
iter.000042/01.model_devi/task.026.000467 2700
iter.000042/01.model_devi/task.026.000718 2230
iter.000042/01.model_devi/task.026.000466 2670
iter.000042/01.model_devi/task.026.000593 2200
iter.000042/01.model_devi/task.026.000094 1290
iter.000042/01.model_devi/task.026.000739 360
iter.000042/01.model_devi/task.026.000718 2710
iter.000042/01.model_devi/task.026.000102 790
iter.000042/01.model_devi/task.026.000228 1350
iter.000042/01.model_devi/task.026.000593 2180
iter.000042/01.model_devi/task.026.000718 2810
iter.000042/01.model_devi/task.026.000092 1980
iter.000042/01.model_devi/task.026.000594 1640
iter.000042/01.model_devi/task.026.000102 1110
iter.000042/01.model_devi/task.026.000593 1620
iter.000042/01.model_devi/task.026.000718 2750
iter.000042/01.model_devi/task.026.000118 600
iter.000042/01.model_devi/task.026.000594 730
iter.000042/01.model_devi/task.026.000102 480
iter.000042/01.model_devi/task.026.000701 2920
iter.000042/01.model_devi/task.026.000109 1920
iter.000042/01.model_devi/task.026.000094 1280
iter.000042/01.model_devi/task.026.000344 1230
iter.000042/01.model_devi/task.026.000718 2560
iter.000042/01.model_devi/task.026.000618 2280
iter.000042/01.model_devi/task.026.000119 190
iter.000042/01.model_devi/task.026.000717 2790
iter.000042/01.model_devi/task.026.000504 2870
iter.000042/01.model_devi/task.026.000228 2040
iter.000042/01.model_devi/task.026.000091 900
iter.000042/01.model_devi/task.026.000769 2470
iter.000042/01.model_devi/task.026.000102 350
iter.000042/01.model_devi/task.026.000584 2790
iter.000042/01.model_devi/task.026.000359 2890
iter.000042/01.model_devi/task.026.000594 1330
iter.000042/01.model_devi/task.026.000718 2800
iter.000042/01.model_devi/task.026.000008 1710
iter.000042/01.model_devi/task.026.000704 170
iter.000042/01.model_devi/task.026.000344 1370
iter.000042/01.model_devi/task.026.000344 1260
iter.000042/01.model_devi/task.026.000595 2700
iter.000042/01.model_devi/task.026.000593 2120
iter.000042/01.model_devi/task.026.000593 2530
iter.000042/01.model_devi/task.026.000219 1680
iter.000042/01.model_devi/task.026.000593 2130
iter.000042/01.model_devi/task.026.000467 2690
iter.000042/01.model_devi/task.026.000354 960
iter.000042/01.model_devi/task.026.000349 350
iter.000042/01.model_devi/task.026.000119 240
iter.000042/01.model_devi/task.026.000593 2140
iter.000042/01.model_devi/task.026.000102 760
iter.000042/01.model_devi/task.026.000457 240
iter.000042/01.model_devi/task.026.000769 2400
iter.000042/01.model_devi/task.026.000713 900
iter.000042/01.model_devi/task.026.000718 2640
iter.000042/01.model_devi/task.026.000739 370
iter.000042/01.model_devi/task.026.000102 1100
iter.000042/01.model_devi/task.026.000358 2060
iter.000042/01.model_devi/task.026.000593 2110
iter.000042/01.model_devi/task.026.000359 2900
iter.000042/01.model_devi/task.026.000228 1180
iter.000042/01.model_devi/task.026.000344 1180
iter.000042/01.model_devi/task.026.000594 1320
iter.000042/01.model_devi/task.026.000769 2340
iter.000042/01.model_devi/task.026.000102 980
iter.000042/01.model_devi/task.026.000354 2670
iter.000042/01.model_devi/task.026.000593 2370
iter.000042/01.model_devi/task.026.000618 2000
iter.000042/01.model_devi/task.026.000718 2720
iter.000042/01.model_devi/task.026.000599 2140
iter.000042/01.model_devi/task.026.000595 2720
iter.000042/01.model_devi/task.026.000594 740
iter.000042/01.model_devi/task.026.000594 710
iter.000042/01.model_devi/task.026.000358 2040
iter.000042/01.model_devi/task.026.000593 2500
iter.000042/01.model_devi/task.026.000593 2820
iter.000042/01.model_devi/task.026.000344 2810
iter.000042/01.model_devi/task.026.000583 850
iter.000042/01.model_devi/task.026.000593 2540
iter.000042/01.model_devi/task.026.000467 2660
iter.000042/01.model_devi/task.026.000354 2730
iter.000042/01.model_devi/task.026.000593 2170
iter.000042/01.model_devi/task.026.000344 1270
iter.000042/01.model_devi/task.026.000593 2950
iter.000042/01.model_devi/task.026.000594 1700
iter.000042/01.model_devi/task.026.000718 2860
iter.000042/01.model_devi/task.026.000588 920
iter.000042/01.model_devi/task.026.000593 2150
iter.000042/01.model_devi/task.026.000594 650
iter.000042/01.model_devi/task.026.000718 2760
iter.000042/01.model_devi/task.026.000718 2630
iter.000042/01.model_devi/task.026.000344 1380
iter.000042/01.model_devi/task.026.000593 2160
iter.000042/01.model_devi/task.026.000102 700
iter.000042/01.model_devi/task.026.000239 2750
iter.000042/01.model_devi/task.026.000102 490
iter.000042/01.model_devi/task.026.000359 2910
iter.000042/01.model_devi/task.026.000584 2810
iter.000042/01.model_devi/task.026.000467 2670
iter.000042/01.model_devi/task.026.000593 2810
iter.000042/01.model_devi/task.026.000467 2760
iter.000042/01.model_devi/task.026.000594 1620
iter.000042/01.model_devi/task.026.000354 2590
iter.000042/01.model_devi/task.026.000718 2660
iter.000042/01.model_devi/task.026.000219 1670
iter.000042/01.model_devi/task.026.000349 360
iter.000042/01.model_devi/task.026.000718 2650
iter.000042/01.model_devi/task.026.000729 2290
iter.000042/01.model_devi/task.026.000589 800
iter.000042/01.model_devi/task.026.000094 1300
iter.000042/01.model_devi/task.026.000354 940
iter.000042/01.model_devi/task.026.000593 2360
iter.000042/01.model_devi/task.026.000573 1870
iter.000042/01.model_devi/task.026.000102 620
iter.000042/01.model_devi/task.026.000007 920
iter.000042/01.model_devi/task.026.000589 760
iter.000042/01.model_devi/task.026.000089 230
iter.000042/01.model_devi/task.026.000718 2390
iter.000042/01.model_devi/task.026.000594 750
iter.000042/01.model_devi/task.026.000229 1640
iter.000042/01.model_devi/task.026.000594 700
iter.000042/01.model_devi/task.026.000354 2690
iter.000042/01.model_devi/task.026.000593 2390
iter.000042/01.model_devi/task.026.000729 2270
iter.000042/01.model_devi/task.026.000467 2680
iter.000042/01.model_devi/task.026.000769 2450
iter.000042/01.model_devi/task.026.000467 2600
iter.000042/01.model_devi/task.026.000718 2690
iter.000042/01.model_devi/task.026.000589 810
iter.000042/01.model_devi/task.026.000718 2420
iter.000042/01.model_devi/task.026.000102 440
iter.000042/01.model_devi/task.026.000460 1640
iter.000042/01.model_devi/task.026.000594 630
iter.000042/01.model_devi/task.026.000593 2510
iter.000042/01.model_devi/task.026.000593 2840
iter.000042/01.model_devi/task.026.000618 2020
iter.000042/01.model_devi/task.026.000354 920
iter.000042/01.model_devi/task.026.000102 360
iter.000042/01.model_devi/task.026.000354 2720
iter.000042/01.model_devi/task.026.000344 2830
iter.000042/01.model_devi/task.026.000713 940
iter.000042/01.model_devi/task.026.000102 1120
iter.000042/01.model_devi/task.026.000344 1160
iter.000042/01.model_devi/task.026.000595 2710
iter.000042/01.model_devi/task.026.000593 3000
iter.000042/01.model_devi/task.026.000593 2900
iter.000042/01.model_devi/task.026.000589 790
iter.000042/01.model_devi/task.026.000219 1690
iter.000042/01.model_devi/task.026.000344 2840
iter.000042/01.model_devi/task.026.000344 2820
iter.000042/01.model_devi/task.026.000618 2260
iter.000042/01.model_devi/task.026.000102 1090
iter.000042/01.model_devi/task.026.000594 720
iter.000042/01.model_devi/task.026.000718 2850
iter.000042/01.model_devi/task.026.000718 2700
iter.000042/01.model_devi/task.026.000594 1680
iter.000042/01.model_devi/task.026.000618 2010
iter.000042/01.model_devi/task.026.000701 2930
iter.000042/01.model_devi/task.026.000118 610
iter.000042/01.model_devi/task.026.000718 2940
iter.000042/01.model_devi/task.026.000619 340
iter.000042/01.model_devi/task.026.000453 1720
iter.000042/01.model_devi/task.026.000593 2400
iter.000042/01.model_devi/task.026.000718 2670
iter.000042/01.model_devi/task.026.000572 1090
iter.000042/01.model_devi/task.026.000344 2950
iter.000042/01.model_devi/task.026.000593 2380
iter.000042/01.model_devi/task.026.000102 970
iter.000042/01.model_devi/task.026.000094 1310
iter.000042/01.model_devi/task.026.000593 2850
iter.000042/01.model_devi/task.026.000354 2680
iter.000042/01.model_devi/task.026.000451 2630
iter.000042/01.model_devi/task.026.000102 860
iter.000042/01.model_devi/task.026.000344 1330
iter.000042/01.model_devi/task.026.000723 2430
iter.000042/01.model_devi/task.026.000344 1360
iter.000042/01.model_devi/task.026.000228 2500
iter.000042/01.model_devi/task.026.000619 350
iter.000042/01.model_devi/task.026.000718 2780
iter.000042/01.model_devi/task.026.000584 2800
iter.000042/01.model_devi/task.026.000701 2940
iter.000042/01.model_devi/task.026.000102 820
iter.000042/01.model_devi/task.026.000589 780
iter.000042/01.model_devi/task.026.000102 830
iter.000042/01.model_devi/task.026.000573 1860
iter.000042/01.model_devi/task.026.000358 2030
iter.000042/01.model_devi/task.026.000228 1340
iter.000042/01.model_devi/task.026.000713 930
iter.000042/01.model_devi/task.026.000704 180
iter.000042/01.model_devi/task.026.000594 660
iter.000042/01.model_devi/task.026.000718 2740
iter.000042/01.model_devi/task.026.000474 730
iter.000042/01.model_devi/task.026.000102 800
iter.000042/01.model_devi/task.026.000593 2350
iter.000042/01.model_devi/task.026.000354 1420
iter.000042/01.model_devi/task.026.000102 960
iter.000042/01.model_devi/task.026.000718 2870
iter.000042/01.model_devi/task.026.000599 500
iter.000042/01.model_devi/task.026.000594 340
iter.000042/01.model_devi/task.026.000219 1660
iter.000042/01.model_devi/task.026.000102 870
iter.000042/01.model_devi/task.026.000344 1340
iter.000042/01.model_devi/task.026.000363 1890
iter.000042/01.model_devi/task.026.000718 2550
iter.000042/01.model_devi/task.026.000718 2950
iter.000042/01.model_devi/task.026.000562 1190
iter.000042/01.model_devi/task.026.000354 1410
iter.000042/01.model_devi/task.026.000228 1280
iter.000042/01.model_devi/task.026.000451 2650
iter.000042/01.model_devi/task.026.000099 920
iter.000042/01.model_devi/task.026.000102 1000
iter.000042/01.model_devi/task.026.000717 2780
iter.000042/01.model_devi/task.026.000769 2480
iter.000042/01.model_devi/task.026.000102 740
iter.000042/01.model_devi/task.026.000718 2970
iter.000042/01.model_devi/task.026.000102 470
iter.000042/01.model_devi/task.026.000594 690
iter.000042/01.model_devi/task.026.000344 1240
iter.000042/01.model_devi/task.026.000593 2930
iter.000042/01.model_devi/task.026.000344 1280
iter.000042/01.model_devi/task.026.000219 1650
iter.000042/01.model_devi/task.026.000573 1840
iter.000042/01.model_devi/task.026.000723 2500
iter.000042/01.model_devi/task.026.000588 2120
iter.000042/01.model_devi/task.026.000618 2270
iter.000042/01.model_devi/task.026.000594 1250
iter.000042/01.model_devi/task.026.000593 2490
iter.000042/01.model_devi/task.026.000593 2590
iter.000042/01.model_devi/task.026.000593 2830
iter.000042/01.model_devi/task.026.000354 2700
iter.000042/01.model_devi/task.026.000354 900
iter.000042/01.model_devi/task.026.000359 2880
iter.000042/01.model_devi/task.026.000604 650
iter.000042/01.model_devi/task.026.000588 910
iter.000042/01.model_devi/task.026.000594 1650
iter.000042/01.model_devi/task.026.000344 1450
iter.000042/01.model_devi/task.026.000091 850
iter.000042/01.model_devi/task.026.000594 640
iter.000042/01.model_devi/task.026.000354 2710
iter.000042/01.model_devi/task.026.000102 370
iter.000042/01.model_devi/task.026.000344 1350
iter.000042/01.model_devi/task.026.000723 2470
iter.000042/01.model_devi/task.026.000102 630
iter.000042/01.model_devi/task.026.000713 890
iter.000042/01.model_devi/task.026.000723 2480
iter.000042/01.model_devi/task.026.000595 2690
iter.000042/01.model_devi/task.026.000102 900
iter.000042/01.model_devi/task.026.000359 2860
iter.000042/01.model_devi/task.026.000091 870
iter.000042/01.model_devi/task.026.000354 1060
iter.000042/01.model_devi/task.026.000467 2740
iter.000042/01.model_devi/task.026.000769 2330
iter.000042/01.model_devi/task.026.000593 2890
iter.000042/01.model_devi/task.026.000769 2460
iter.000042/01.model_devi/task.026.000359 2870
iter.000042/01.model_devi/task.026.000589 820
iter.000042/01.model_devi/task.026.000228 2030
iter.000042/01.model_devi/task.026.000102 880
iter.000042/01.model_devi/task.026.000619 360
iter.000042/01.model_devi/task.026.000604 660
iter.000042/01.model_devi/task.026.000718 2960
iter.000042/01.model_devi/task.026.000713 920
iter.000042/01.model_devi/task.026.000619 320
iter.000042/01.model_devi/task.026.000451 2670
iter.000042/01.model_devi/task.026.000718 2380
iter.000042/01.model_devi/task.026.000193 210
iter.000042/01.model_devi/task.026.000228 1230
iter.000042/01.model_devi/task.026.000228 1330
iter.000042/01.model_devi/task.026.000354 910
