iter.000034/01.model_devi/task.042.000752 540
iter.000034/01.model_devi/task.042.000234 2910
iter.000034/01.model_devi/task.042.000754 1430
iter.000034/01.model_devi/task.042.000739 40
iter.000034/01.model_devi/task.042.000739 30
iter.000034/01.model_devi/task.042.000759 390
iter.000034/01.model_devi/task.042.000775 10
iter.000034/01.model_devi/task.042.000774 20
iter.000034/01.model_devi/task.042.000768 0
iter.000034/01.model_devi/task.042.000779 2470
iter.000034/01.model_devi/task.042.000724 1050
iter.000034/01.model_devi/task.042.000769 10
iter.000034/01.model_devi/task.042.000389 860
iter.000034/01.model_devi/task.042.000234 200
iter.000034/01.model_devi/task.042.000771 0
iter.000034/01.model_devi/task.042.000752 550
iter.000034/01.model_devi/task.042.000249 2390
iter.000034/01.model_devi/task.042.000768 30
iter.000034/01.model_devi/task.042.000779 1500
iter.000034/01.model_devi/task.042.000249 2380
iter.000034/01.model_devi/task.042.000199 910
iter.000034/01.model_devi/task.042.000629 2170
iter.000034/01.model_devi/task.042.000199 920
iter.000034/01.model_devi/task.042.000779 1660
iter.000034/01.model_devi/task.042.000734 2900
iter.000034/01.model_devi/task.042.000624 1660
iter.000034/01.model_devi/task.042.000629 20
iter.000034/01.model_devi/task.042.000508 2000
iter.000034/01.model_devi/task.042.000778 1420
iter.000034/01.model_devi/task.042.000776 10
iter.000034/01.model_devi/task.042.000768 10
iter.000034/01.model_devi/task.042.000738 20
iter.000034/01.model_devi/task.042.000734 2730
iter.000034/01.model_devi/task.042.000773 10
iter.000034/01.model_devi/task.042.000736 0
iter.000034/01.model_devi/task.042.000724 1030
iter.000034/01.model_devi/task.042.000649 2920
iter.000034/01.model_devi/task.042.000768 20
iter.000034/01.model_devi/task.042.000752 10
iter.000034/01.model_devi/task.042.000599 2240
iter.000034/01.model_devi/task.042.000770 20
iter.000034/01.model_devi/task.042.000765 10
iter.000034/01.model_devi/task.042.000629 2180
iter.000034/01.model_devi/task.042.000774 830
iter.000034/01.model_devi/task.042.000639 1540
iter.000034/01.model_devi/task.042.000752 570
iter.000034/01.model_devi/task.042.000774 220
iter.000034/01.model_devi/task.042.000769 0
iter.000034/01.model_devi/task.042.000766 20
iter.000034/01.model_devi/task.042.000639 1550
iter.000034/01.model_devi/task.042.000234 2900
iter.000034/01.model_devi/task.042.000779 1480
iter.000034/01.model_devi/task.042.000737 10
iter.000034/01.model_devi/task.042.000736 20
iter.000034/01.model_devi/task.042.000384 560
iter.000034/01.model_devi/task.042.000259 1730
iter.000034/01.model_devi/task.042.000779 1020
iter.000034/01.model_devi/task.042.000759 30
iter.000034/01.model_devi/task.042.000649 2910
iter.000034/01.model_devi/task.042.000639 1560
iter.000034/01.model_devi/task.042.000734 2910
iter.000034/01.model_devi/task.042.000734 2750
iter.000034/01.model_devi/task.042.000649 2950
iter.000034/01.model_devi/task.042.000649 1940
iter.000034/01.model_devi/task.042.000770 10
iter.000034/01.model_devi/task.042.000758 10
iter.000034/01.model_devi/task.042.000759 0
iter.000034/01.model_devi/task.042.000767 10
iter.000034/01.model_devi/task.042.000389 850
iter.000034/01.model_devi/task.042.000736 10
iter.000034/01.model_devi/task.042.000639 190
iter.000034/01.model_devi/task.042.000754 0
iter.000034/01.model_devi/task.042.000764 430
iter.000034/01.model_devi/task.042.000779 1670
iter.000034/01.model_devi/task.042.000765 0
iter.000034/01.model_devi/task.042.000773 0
iter.000034/01.model_devi/task.042.000779 1010
iter.000034/01.model_devi/task.042.000763 1230
iter.000034/01.model_devi/task.042.000639 200
iter.000034/01.model_devi/task.042.000735 10
iter.000034/01.model_devi/task.042.000629 2160
iter.000034/01.model_devi/task.042.000759 410
iter.000034/01.model_devi/task.042.000776 20
iter.000034/01.model_devi/task.042.000767 0
iter.000034/01.model_devi/task.042.000759 10
iter.000034/01.model_devi/task.042.000771 10
iter.000034/01.model_devi/task.042.000773 20
iter.000034/01.model_devi/task.042.000509 2120
iter.000034/01.model_devi/task.042.000735 20
iter.000034/01.model_devi/task.042.000758 30
iter.000034/01.model_devi/task.042.000779 990
iter.000034/01.model_devi/task.042.000778 20
iter.000034/01.model_devi/task.042.000739 10
iter.000034/01.model_devi/task.042.000779 1650
iter.000034/01.model_devi/task.042.000752 0
iter.000034/01.model_devi/task.042.000758 20
iter.000034/01.model_devi/task.042.000738 30
iter.000034/01.model_devi/task.042.000259 440
iter.000034/01.model_devi/task.042.000384 570
iter.000034/01.model_devi/task.042.000629 390
iter.000034/01.model_devi/task.042.000629 10
iter.000034/01.model_devi/task.042.000778 10
iter.000034/01.model_devi/task.042.000774 810
iter.000034/01.model_devi/task.042.000479 1410
iter.000034/01.model_devi/task.042.000752 560
iter.000034/01.model_devi/task.042.000754 1260
iter.000034/01.model_devi/task.042.000764 420
iter.000034/01.model_devi/task.042.000754 20
iter.000034/01.model_devi/task.042.000739 20
iter.000034/01.model_devi/task.042.000736 30
iter.000034/01.model_devi/task.042.000750 0
iter.000034/01.model_devi/task.042.000639 860
iter.000034/01.model_devi/task.042.000766 10
iter.000034/01.model_devi/task.042.000774 30
iter.000034/01.model_devi/task.042.000754 2830
iter.000034/01.model_devi/task.042.000759 420
iter.000034/01.model_devi/task.042.000389 840
iter.000034/01.model_devi/task.042.000724 1040
iter.000034/01.model_devi/task.042.000379 2600
iter.000034/01.model_devi/task.042.000756 10
iter.000034/01.model_devi/task.042.000754 10
iter.000034/01.model_devi/task.042.000479 1400
iter.000034/01.model_devi/task.042.000709 1580
iter.000034/01.model_devi/task.042.000743 10
iter.000034/01.model_devi/task.042.000779 1250
iter.000034/01.model_devi/task.042.000639 1530
iter.000034/01.model_devi/task.042.000770 0
iter.000034/01.model_devi/task.042.000724 20
iter.000034/01.model_devi/task.042.000649 2930
iter.000034/01.model_devi/task.042.000599 2250
iter.000034/01.model_devi/task.042.000772 10
iter.000034/01.model_devi/task.042.000634 200
iter.000034/01.model_devi/task.042.000763 1220
iter.000034/01.model_devi/task.042.000774 0
iter.000034/01.model_devi/task.042.000774 10
iter.000034/01.model_devi/task.042.000618 1610
iter.000034/01.model_devi/task.042.000754 2840
iter.000034/01.model_devi/task.042.000759 400
iter.000034/01.model_devi/task.042.000724 1020
iter.000034/01.model_devi/task.042.000741 10
iter.000034/01.model_devi/task.042.000509 2130
iter.000034/01.model_devi/task.042.000774 210
iter.000034/01.model_devi/task.042.000764 2750
iter.000034/01.model_devi/task.042.000734 2740
iter.000034/01.model_devi/task.042.000779 1490
iter.000034/01.model_devi/task.042.000778 1410
iter.000034/01.model_devi/task.042.000499 1540
iter.000034/01.model_devi/task.042.000743 20
iter.000034/01.model_devi/task.042.000754 2250
iter.000034/01.model_devi/task.042.000735 0
iter.000034/01.model_devi/task.042.000753 20
iter.000034/01.model_devi/task.042.000604 1640
iter.000034/01.model_devi/task.042.000779 1000
iter.000034/01.model_devi/task.042.000734 2890
iter.000034/01.model_devi/task.042.000758 0
iter.000034/01.model_devi/task.042.000624 1550
iter.000034/01.model_devi/task.042.000508 2010
iter.000034/01.model_devi/task.042.000739 0
iter.000034/01.model_devi/task.042.000649 1930
iter.000034/01.model_devi/task.042.000779 2460
iter.000034/01.model_devi/task.042.000754 1240
iter.000034/01.model_devi/task.042.000779 1240
iter.000034/01.model_devi/task.042.000738 10
iter.000034/01.model_devi/task.042.000234 210
iter.000034/01.model_devi/task.042.000753 180
iter.000034/01.model_devi/task.042.000737 0
iter.000034/01.model_devi/task.042.000629 30
iter.000034/01.model_devi/task.042.000737 20
iter.000034/01.model_devi/task.042.000779 2370
iter.000034/01.model_devi/task.042.000259 430
iter.000034/01.model_devi/task.042.000766 0
iter.000034/01.model_devi/task.042.000649 2940
iter.000034/01.model_devi/task.042.000772 0
iter.000034/01.model_devi/task.042.000759 20
iter.000034/01.model_devi/task.042.000623 1370
iter.000034/01.model_devi/task.042.000738 40
iter.000034/01.model_devi/task.042.000763 1240
iter.000034/01.model_devi/task.042.000709 1590
iter.000034/01.model_devi/task.042.000751 0
iter.000034/01.model_devi/task.042.000724 1010
iter.000034/01.model_devi/task.042.000750 10
iter.000034/01.model_devi/task.042.000754 1230
iter.000034/01.model_devi/task.042.000757 0
iter.000034/01.model_devi/task.042.000777 10
iter.000034/01.model_devi/task.042.000738 0
iter.000034/01.model_devi/task.042.000756 0
iter.000034/01.model_devi/task.042.000772 20
iter.000034/01.model_devi/task.042.000753 0
iter.000034/01.model_devi/task.042.000649 20
iter.000034/01.model_devi/task.042.000724 1110
iter.000034/01.model_devi/task.042.000735 30
iter.000034/01.model_devi/task.042.000753 170
iter.000034/01.model_devi/task.042.000737 30
iter.000034/01.model_devi/task.042.000754 1250
iter.000034/01.model_devi/task.042.000754 1440
iter.000034/01.model_devi/task.042.000778 1400
iter.000034/01.model_devi/task.042.000755 0
iter.000034/01.model_devi/task.042.000753 10
iter.000034/01.model_devi/task.042.000629 400
iter.000034/01.model_devi/task.042.000774 820
