iter.000034/01.model_devi/task.058.000768 0
iter.000034/01.model_devi/task.058.000770 20
iter.000034/01.model_devi/task.058.000771 20
iter.000034/01.model_devi/task.058.000744 0
iter.000034/01.model_devi/task.058.000084 1040
iter.000034/01.model_devi/task.058.000748 10
iter.000034/01.model_devi/task.058.000767 0
iter.000034/01.model_devi/task.058.000754 30
iter.000034/01.model_devi/task.058.000748 0
iter.000034/01.model_devi/task.058.000744 20
iter.000034/01.model_devi/task.058.000749 30
iter.000034/01.model_devi/task.058.000741 10
iter.000034/01.model_devi/task.058.000749 0
iter.000034/01.model_devi/task.058.000748 20
iter.000034/01.model_devi/task.058.000772 0
iter.000034/01.model_devi/task.058.000752 10
iter.000034/01.model_devi/task.058.000770 0
iter.000034/01.model_devi/task.058.000374 1440
iter.000034/01.model_devi/task.058.000747 10
iter.000034/01.model_devi/task.058.000744 10
iter.000034/01.model_devi/task.058.000749 20
iter.000034/01.model_devi/task.058.000765 0
iter.000034/01.model_devi/task.058.000745 20
iter.000034/01.model_devi/task.058.000743 20
iter.000034/01.model_devi/task.058.000773 20
iter.000034/01.model_devi/task.058.000772 20
iter.000034/01.model_devi/task.058.000773 30
iter.000034/01.model_devi/task.058.000746 0
iter.000034/01.model_devi/task.058.000742 0
iter.000034/01.model_devi/task.058.000745 10
iter.000034/01.model_devi/task.058.000740 10
iter.000034/01.model_devi/task.058.000749 10
iter.000034/01.model_devi/task.058.000742 10
iter.000034/01.model_devi/task.058.000773 10
iter.000034/01.model_devi/task.058.000766 0
iter.000034/01.model_devi/task.058.000741 0
iter.000034/01.model_devi/task.058.000741 20
iter.000034/01.model_devi/task.058.000374 1470
iter.000034/01.model_devi/task.058.000771 0
iter.000034/01.model_devi/task.058.000770 10
iter.000034/01.model_devi/task.058.000766 10
iter.000034/01.model_devi/task.058.000745 0
iter.000034/01.model_devi/task.058.000773 0
iter.000034/01.model_devi/task.058.000743 10
iter.000034/01.model_devi/task.058.000754 20
iter.000034/01.model_devi/task.058.000769 0
iter.000034/01.model_devi/task.058.000746 20
iter.000034/01.model_devi/task.058.000771 10
iter.000034/01.model_devi/task.058.000746 10
iter.000034/01.model_devi/task.058.000752 20
iter.000034/01.model_devi/task.058.000754 10
iter.000034/01.model_devi/task.058.000774 20
iter.000034/01.model_devi/task.058.000743 0
iter.000034/01.model_devi/task.058.000747 0
iter.000034/01.model_devi/task.058.000772 10
iter.000034/01.model_devi/task.058.000774 0
iter.000034/01.model_devi/task.058.000774 10
iter.000034/01.model_devi/task.058.000740 0
