iter.000034/01.model_devi/task.066.000624 1330
iter.000034/01.model_devi/task.066.000750 10
iter.000034/01.model_devi/task.066.000614 1800
iter.000034/01.model_devi/task.066.000725 0
iter.000034/01.model_devi/task.066.000644 1670
iter.000034/01.model_devi/task.066.000739 2190
iter.000034/01.model_devi/task.066.000740 20
iter.000034/01.model_devi/task.066.000772 20
iter.000034/01.model_devi/task.066.000644 2980
iter.000034/01.model_devi/task.066.000747 10
iter.000034/01.model_devi/task.066.000494 2530
iter.000034/01.model_devi/task.066.000767 10
iter.000034/01.model_devi/task.066.000751 20
iter.000034/01.model_devi/task.066.000731 10
iter.000034/01.model_devi/task.066.000494 1930
iter.000034/01.model_devi/task.066.000634 2010
iter.000034/01.model_devi/task.066.000748 40
iter.000034/01.model_devi/task.066.000622 10
iter.000034/01.model_devi/task.066.000734 20
iter.000034/01.model_devi/task.066.000494 2550
iter.000034/01.model_devi/task.066.000749 40
iter.000034/01.model_devi/task.066.000644 2420
iter.000034/01.model_devi/task.066.000688 470
iter.000034/01.model_devi/task.066.000622 0
iter.000034/01.model_devi/task.066.000624 2040
iter.000034/01.model_devi/task.066.000749 200
iter.000034/01.model_devi/task.066.000642 30
iter.000034/01.model_devi/task.066.000744 10
iter.000034/01.model_devi/task.066.000614 2130
iter.000034/01.model_devi/task.066.000498 2780
iter.000034/01.model_devi/task.066.000734 10
iter.000034/01.model_devi/task.066.000359 1970
iter.000034/01.model_devi/task.066.000764 2750
iter.000034/01.model_devi/task.066.000742 10
iter.000034/01.model_devi/task.066.000644 2990
iter.000034/01.model_devi/task.066.000766 20
iter.000034/01.model_devi/task.066.000119 1710
iter.000034/01.model_devi/task.066.000359 1990
iter.000034/01.model_devi/task.066.000773 10
iter.000034/01.model_devi/task.066.000589 400
iter.000034/01.model_devi/task.066.000745 20
iter.000034/01.model_devi/task.066.000734 0
iter.000034/01.model_devi/task.066.000639 2740
iter.000034/01.model_devi/task.066.000750 0
iter.000034/01.model_devi/task.066.000749 10
iter.000034/01.model_devi/task.066.000599 2000
iter.000034/01.model_devi/task.066.000772 30
iter.000034/01.model_devi/task.066.000614 2100
iter.000034/01.model_devi/task.066.000728 0
iter.000034/01.model_devi/task.066.000739 1060
iter.000034/01.model_devi/task.066.000764 2740
iter.000034/01.model_devi/task.066.000729 0
iter.000034/01.model_devi/task.066.000679 740
iter.000034/01.model_devi/task.066.000753 640
iter.000034/01.model_devi/task.066.000642 0
iter.000034/01.model_devi/task.066.000614 2150
iter.000034/01.model_devi/task.066.000621 0
iter.000034/01.model_devi/task.066.000609 2750
iter.000034/01.model_devi/task.066.000771 20
iter.000034/01.model_devi/task.066.000643 10
iter.000034/01.model_devi/task.066.000752 10
iter.000034/01.model_devi/task.066.000764 1030
iter.000034/01.model_devi/task.066.000234 2440
iter.000034/01.model_devi/task.066.000599 2980
iter.000034/01.model_devi/task.066.000609 2840
iter.000034/01.model_devi/task.066.000730 0
iter.000034/01.model_devi/task.066.000748 20
iter.000034/01.model_devi/task.066.000770 0
iter.000034/01.model_devi/task.066.000742 20
iter.000034/01.model_devi/task.066.000779 0
iter.000034/01.model_devi/task.066.000777 20
iter.000034/01.model_devi/task.066.000772 10
iter.000034/01.model_devi/task.066.000259 250
iter.000034/01.model_devi/task.066.000259 230
iter.000034/01.model_devi/task.066.000770 20
iter.000034/01.model_devi/task.066.000349 2700
iter.000034/01.model_devi/task.066.000738 2010
iter.000034/01.model_devi/task.066.000644 1980
iter.000034/01.model_devi/task.066.000623 20
iter.000034/01.model_devi/task.066.000754 20
iter.000034/01.model_devi/task.066.000494 1940
iter.000034/01.model_devi/task.066.000623 10
iter.000034/01.model_devi/task.066.000754 30
iter.000034/01.model_devi/task.066.000359 1980
iter.000034/01.model_devi/task.066.000764 2130
iter.000034/01.model_devi/task.066.000773 20
iter.000034/01.model_devi/task.066.000746 20
iter.000034/01.model_devi/task.066.000753 0
iter.000034/01.model_devi/task.066.000767 0
iter.000034/01.model_devi/task.066.000728 30
iter.000034/01.model_devi/task.066.000761 10
iter.000034/01.model_devi/task.066.000779 20
iter.000034/01.model_devi/task.066.000627 10
iter.000034/01.model_devi/task.066.000754 2290
iter.000034/01.model_devi/task.066.000608 1540
iter.000034/01.model_devi/task.066.000764 30
iter.000034/01.model_devi/task.066.000764 460
iter.000034/01.model_devi/task.066.000754 230
iter.000034/01.model_devi/task.066.000629 30
iter.000034/01.model_devi/task.066.000639 2730
iter.000034/01.model_devi/task.066.000745 0
iter.000034/01.model_devi/task.066.000494 1960
iter.000034/01.model_devi/task.066.000744 2170
iter.000034/01.model_devi/task.066.000742 30
iter.000034/01.model_devi/task.066.000724 1480
iter.000034/01.model_devi/task.066.000753 10
iter.000034/01.model_devi/task.066.000624 610
iter.000034/01.model_devi/task.066.000744 0
iter.000034/01.model_devi/task.066.000760 20
iter.000034/01.model_devi/task.066.000632 10
iter.000034/01.model_devi/task.066.000733 10
iter.000034/01.model_devi/task.066.000774 40
iter.000034/01.model_devi/task.066.000623 0
iter.000034/01.model_devi/task.066.000740 0
iter.000034/01.model_devi/task.066.000749 0
iter.000034/01.model_devi/task.066.000621 10
iter.000034/01.model_devi/task.066.000730 20
iter.000034/01.model_devi/task.066.000746 10
iter.000034/01.model_devi/task.066.000761 0
iter.000034/01.model_devi/task.066.000777 10
iter.000034/01.model_devi/task.066.000731 0
iter.000034/01.model_devi/task.066.000614 1820
iter.000034/01.model_devi/task.066.000768 950
iter.000034/01.model_devi/task.066.000744 20
iter.000034/01.model_devi/task.066.000769 2650
iter.000034/01.model_devi/task.066.000494 2330
iter.000034/01.model_devi/task.066.000763 0
iter.000034/01.model_devi/task.066.000760 10
iter.000034/01.model_devi/task.066.000773 30
iter.000034/01.model_devi/task.066.000739 2210
iter.000034/01.model_devi/task.066.000494 1950
iter.000034/01.model_devi/task.066.000739 180
iter.000034/01.model_devi/task.066.000614 2120
iter.000034/01.model_devi/task.066.000740 10
iter.000034/01.model_devi/task.066.000773 0
iter.000034/01.model_devi/task.066.000679 750
iter.000034/01.model_devi/task.066.000354 560
iter.000034/01.model_devi/task.066.000751 10
iter.000034/01.model_devi/task.066.000753 20
iter.000034/01.model_devi/task.066.000609 2860
iter.000034/01.model_devi/task.066.000743 30
iter.000034/01.model_devi/task.066.000613 20
iter.000034/01.model_devi/task.066.000644 2320
iter.000034/01.model_devi/task.066.000769 580
iter.000034/01.model_devi/task.066.000765 10
iter.000034/01.model_devi/task.066.000748 10
iter.000034/01.model_devi/task.066.000738 2000
iter.000034/01.model_devi/task.066.000777 30
iter.000034/01.model_devi/task.066.000494 2360
iter.000034/01.model_devi/task.066.000728 10
iter.000034/01.model_devi/task.066.000745 30
iter.000034/01.model_devi/task.066.000753 30
iter.000034/01.model_devi/task.066.000760 0
iter.000034/01.model_devi/task.066.000494 2340
iter.000034/01.model_devi/task.066.000359 1910
iter.000034/01.model_devi/task.066.000620 0
iter.000034/01.model_devi/task.066.000754 2310
iter.000034/01.model_devi/task.066.000743 0
iter.000034/01.model_devi/task.066.000779 30
iter.000034/01.model_devi/task.066.000494 2320
iter.000034/01.model_devi/task.066.000752 20
iter.000034/01.model_devi/task.066.000763 10
iter.000034/01.model_devi/task.066.000771 0
iter.000034/01.model_devi/task.066.000769 0
iter.000034/01.model_devi/task.066.000733 20
iter.000034/01.model_devi/task.066.000776 10
iter.000034/01.model_devi/task.066.000774 30
iter.000034/01.model_devi/task.066.000498 2770
iter.000034/01.model_devi/task.066.000359 1930
iter.000034/01.model_devi/task.066.000494 2350
iter.000034/01.model_devi/task.066.000769 2660
iter.000034/01.model_devi/task.066.000775 10
iter.000034/01.model_devi/task.066.000234 2430
iter.000034/01.model_devi/task.066.000746 0
iter.000034/01.model_devi/task.066.000742 0
iter.000034/01.model_devi/task.066.000758 2930
iter.000034/01.model_devi/task.066.000609 2870
iter.000034/01.model_devi/task.066.000354 1590
iter.000034/01.model_devi/task.066.000774 300
iter.000034/01.model_devi/task.066.000634 1790
iter.000034/01.model_devi/task.066.000744 2150
iter.000034/01.model_devi/task.066.000354 570
iter.000034/01.model_devi/task.066.000613 10
iter.000034/01.model_devi/task.066.000639 1790
iter.000034/01.model_devi/task.066.000762 10
iter.000034/01.model_devi/task.066.000741 20
iter.000034/01.model_devi/task.066.000638 2200
iter.000034/01.model_devi/task.066.000725 10
iter.000034/01.model_devi/task.066.000634 2950
iter.000034/01.model_devi/task.066.000749 20
iter.000034/01.model_devi/task.066.000119 1690
iter.000034/01.model_devi/task.066.000778 30
iter.000034/01.model_devi/task.066.000614 2090
iter.000034/01.model_devi/task.066.000609 2850
iter.000034/01.model_devi/task.066.000764 0
iter.000034/01.model_devi/task.066.000494 160
iter.000034/01.model_devi/task.066.000634 10
iter.000034/01.model_devi/task.066.000633 1780
iter.000034/01.model_devi/task.066.000614 2160
iter.000034/01.model_devi/task.066.000777 0
iter.000034/01.model_devi/task.066.000628 20
iter.000034/01.model_devi/task.066.000614 2140
iter.000034/01.model_devi/task.066.000119 1700
iter.000034/01.model_devi/task.066.000640 0
iter.000034/01.model_devi/task.066.000632 20
iter.000034/01.model_devi/task.066.000739 190
iter.000034/01.model_devi/task.066.000749 30
iter.000034/01.model_devi/task.066.000754 0
iter.000034/01.model_devi/task.066.000629 2810
iter.000034/01.model_devi/task.066.000494 1920
iter.000034/01.model_devi/task.066.000749 210
iter.000034/01.model_devi/task.066.000642 20
iter.000034/01.model_devi/task.066.000733 30
iter.000034/01.model_devi/task.066.000768 10
iter.000034/01.model_devi/task.066.000746 30
iter.000034/01.model_devi/task.066.000747 0
iter.000034/01.model_devi/task.066.000770 10
iter.000034/01.model_devi/task.066.000732 10
iter.000034/01.model_devi/task.066.000733 0
iter.000034/01.model_devi/task.066.000644 1680
iter.000034/01.model_devi/task.066.000772 0
iter.000034/01.model_devi/task.066.000763 20
iter.000034/01.model_devi/task.066.000614 900
iter.000034/01.model_devi/task.066.000739 2170
iter.000034/01.model_devi/task.066.000494 2540
iter.000034/01.model_devi/task.066.000764 900
iter.000034/01.model_devi/task.066.000254 2910
iter.000034/01.model_devi/task.066.000745 10
iter.000034/01.model_devi/task.066.000769 2670
iter.000034/01.model_devi/task.066.000771 30
iter.000034/01.model_devi/task.066.000771 10
iter.000034/01.model_devi/task.066.000767 20
iter.000034/01.model_devi/task.066.000629 20
iter.000034/01.model_devi/task.066.000614 910
iter.000034/01.model_devi/task.066.000624 2030
iter.000034/01.model_devi/task.066.000614 1810
iter.000034/01.model_devi/task.066.000727 0
iter.000034/01.model_devi/task.066.000633 10
iter.000034/01.model_devi/task.066.000726 0
iter.000034/01.model_devi/task.066.000729 1480
iter.000034/01.model_devi/task.066.000624 1340
iter.000034/01.model_devi/task.066.000743 10
iter.000034/01.model_devi/task.066.000638 2680
iter.000034/01.model_devi/task.066.000739 2200
iter.000034/01.model_devi/task.066.000629 2800
iter.000034/01.model_devi/task.066.000769 20
iter.000034/01.model_devi/task.066.000764 910
iter.000034/01.model_devi/task.066.000754 10
iter.000034/01.model_devi/task.066.000644 2310
iter.000034/01.model_devi/task.066.000764 470
iter.000034/01.model_devi/task.066.000732 0
iter.000034/01.model_devi/task.066.000769 2680
iter.000034/01.model_devi/task.066.000765 0
iter.000034/01.model_devi/task.066.000119 2370
iter.000034/01.model_devi/task.066.000774 20
iter.000034/01.model_devi/task.066.000768 960
iter.000034/01.model_devi/task.066.000259 240
iter.000034/01.model_devi/task.066.000638 2670
iter.000034/01.model_devi/task.066.000634 2020
iter.000034/01.model_devi/task.066.000734 30
iter.000034/01.model_devi/task.066.000766 0
iter.000034/01.model_devi/task.066.000778 10
iter.000034/01.model_devi/task.066.000688 460
iter.000034/01.model_devi/task.066.000726 10
iter.000034/01.model_devi/task.066.000634 1400
iter.000034/01.model_devi/task.066.000633 2100
iter.000034/01.model_devi/task.066.000754 240
iter.000034/01.model_devi/task.066.000641 0
iter.000034/01.model_devi/task.066.000752 0
iter.000034/01.model_devi/task.066.000642 10
iter.000034/01.model_devi/task.066.000779 10
iter.000034/01.model_devi/task.066.000764 10
iter.000034/01.model_devi/task.066.000776 20
iter.000034/01.model_devi/task.066.000744 2160
iter.000034/01.model_devi/task.066.000741 0
iter.000034/01.model_devi/task.066.000634 2030
iter.000034/01.model_devi/task.066.000768 20
iter.000034/01.model_devi/task.066.000634 2710
iter.000034/01.model_devi/task.066.000644 400
iter.000034/01.model_devi/task.066.000639 1800
iter.000034/01.model_devi/task.066.000766 10
iter.000034/01.model_devi/task.066.000750 20
iter.000034/01.model_devi/task.066.000743 40
iter.000034/01.model_devi/task.066.000769 10
iter.000034/01.model_devi/task.066.000644 1970
iter.000034/01.model_devi/task.066.000774 0
iter.000034/01.model_devi/task.066.000604 910
iter.000034/01.model_devi/task.066.000778 20
iter.000034/01.model_devi/task.066.000494 2560
iter.000034/01.model_devi/task.066.000494 170
iter.000034/01.model_devi/task.066.000739 1050
iter.000034/01.model_devi/task.066.000776 0
iter.000034/01.model_devi/task.066.000743 20
iter.000034/01.model_devi/task.066.000724 1470
iter.000034/01.model_devi/task.066.000614 2900
iter.000034/01.model_devi/task.066.000748 30
iter.000034/01.model_devi/task.066.000761 20
iter.000034/01.model_devi/task.066.000764 1020
iter.000034/01.model_devi/task.066.000634 1780
iter.000034/01.model_devi/task.066.000728 20
iter.000034/01.model_devi/task.066.000644 0
iter.000034/01.model_devi/task.066.000614 20
iter.000034/01.model_devi/task.066.000634 1380
iter.000034/01.model_devi/task.066.000628 10
iter.000034/01.model_devi/task.066.000639 1310
iter.000034/01.model_devi/task.066.000739 2180
iter.000034/01.model_devi/task.066.000748 0
iter.000034/01.model_devi/task.066.000778 0
iter.000034/01.model_devi/task.066.000643 0
iter.000034/01.model_devi/task.066.000739 1070
iter.000034/01.model_devi/task.066.000599 2970
iter.000034/01.model_devi/task.066.000629 10
iter.000034/01.model_devi/task.066.000679 730
iter.000034/01.model_devi/task.066.000359 1920
iter.000034/01.model_devi/task.066.000759 830
iter.000034/01.model_devi/task.066.000609 2760
iter.000034/01.model_devi/task.066.000614 10
iter.000034/01.model_devi/task.066.000234 2450
iter.000034/01.model_devi/task.066.000751 0
iter.000034/01.model_devi/task.066.000764 20
iter.000034/01.model_devi/task.066.000499 770
iter.000034/01.model_devi/task.066.000634 1390
iter.000034/01.model_devi/task.066.000762 0
iter.000034/01.model_devi/task.066.000644 390
iter.000034/01.model_devi/task.066.000753 650
iter.000034/01.model_devi/task.066.000774 10
iter.000034/01.model_devi/task.066.000259 1420
iter.000034/01.model_devi/task.066.000764 2140
iter.000034/01.model_devi/task.066.000489 2670
iter.000034/01.model_devi/task.066.000624 2050
iter.000034/01.model_devi/task.066.000624 0
iter.000034/01.model_devi/task.066.000773 40
iter.000034/01.model_devi/task.066.000489 2680
iter.000034/01.model_devi/task.066.000754 2300
iter.000034/01.model_devi/task.066.000775 20
iter.000034/01.model_devi/task.066.000732 20
iter.000034/01.model_devi/task.066.000775 0
iter.000034/01.model_devi/task.066.000727 10
iter.000034/01.model_devi/task.066.000731 20
iter.000034/01.model_devi/task.066.000730 10
iter.000034/01.model_devi/task.066.000768 0
iter.000034/01.model_devi/task.066.000589 390
iter.000034/01.model_devi/task.066.000741 10
iter.000034/01.model_devi/task.066.000747 20
