iter.000021/01.model_devi/task.005.000225 1470
iter.000021/01.model_devi/task.005.000394 2870
iter.000021/01.model_devi/task.005.000025 700
iter.000021/01.model_devi/task.005.000069 2790
iter.000021/01.model_devi/task.005.000199 2760
iter.000021/01.model_devi/task.005.000036 1250
iter.000021/01.model_devi/task.005.000396 1820
iter.000021/01.model_devi/task.005.000079 2090
iter.000021/01.model_devi/task.005.000233 2570
iter.000021/01.model_devi/task.005.000354 780
iter.000021/01.model_devi/task.005.000072 1710
iter.000021/01.model_devi/task.005.000315 340
iter.000021/01.model_devi/task.005.000037 1750
iter.000021/01.model_devi/task.005.000294 2020
iter.000021/01.model_devi/task.005.000025 1100
iter.000021/01.model_devi/task.005.000027 2060
iter.000021/01.model_devi/task.005.000257 440
iter.000021/01.model_devi/task.005.000136 2300
iter.000021/01.model_devi/task.005.000037 2910
iter.000021/01.model_devi/task.005.000057 2870
iter.000021/01.model_devi/task.005.000231 2920
iter.000021/01.model_devi/task.005.000117 1880
iter.000021/01.model_devi/task.005.000256 320
iter.000021/01.model_devi/task.005.000359 580
iter.000021/01.model_devi/task.005.000351 2630
iter.000021/01.model_devi/task.005.000263 3000
iter.000021/01.model_devi/task.005.000016 1840
