iter.000040/01.model_devi/task.056.000048 210
iter.000040/01.model_devi/task.056.000294 440
iter.000040/01.model_devi/task.056.000029 450
iter.000040/01.model_devi/task.056.000052 350
iter.000040/01.model_devi/task.056.000172 770
iter.000040/01.model_devi/task.056.000061 330
iter.000040/01.model_devi/task.056.000314 620
iter.000040/01.model_devi/task.056.000293 750
iter.000040/01.model_devi/task.056.000119 330
iter.000040/01.model_devi/task.056.000183 540
iter.000040/01.model_devi/task.056.000013 130
iter.000040/01.model_devi/task.056.000124 560
iter.000040/01.model_devi/task.056.000064 380
iter.000040/01.model_devi/task.056.000304 380
iter.000040/01.model_devi/task.056.000124 380
iter.000040/01.model_devi/task.056.000183 550
iter.000040/01.model_devi/task.056.000172 780
iter.000040/01.model_devi/task.056.000183 530
iter.000040/01.model_devi/task.056.000194 240
iter.000040/01.model_devi/task.056.000154 220
iter.000040/01.model_devi/task.056.000298 790
iter.000040/01.model_devi/task.056.000274 890
iter.000040/01.model_devi/task.056.000058 700
iter.000040/01.model_devi/task.056.000013 140
iter.000040/01.model_devi/task.056.000189 550
iter.000040/01.model_devi/task.056.000048 220
iter.000040/01.model_devi/task.056.000189 580
iter.000040/01.model_devi/task.056.000373 700
iter.000040/01.model_devi/task.056.000008 440
iter.000040/01.model_devi/task.056.000293 760
iter.000040/01.model_devi/task.056.000172 760
iter.000040/01.model_devi/task.056.000273 200
iter.000040/01.model_devi/task.056.000189 570
iter.000040/01.model_devi/task.056.000126 510
iter.000040/01.model_devi/task.056.000299 560
iter.000040/01.model_devi/task.056.000324 430
iter.000040/01.model_devi/task.056.000054 890
iter.000040/01.model_devi/task.056.000183 380
