iter.000040/01.model_devi/task.032.000243 570
iter.000040/01.model_devi/task.032.000124 900
iter.000040/01.model_devi/task.032.000124 780
iter.000040/01.model_devi/task.032.000124 290
iter.000040/01.model_devi/task.032.000122 610
iter.000040/01.model_devi/task.032.000243 580
iter.000040/01.model_devi/task.032.000243 560
iter.000040/01.model_devi/task.032.000243 630
iter.000040/01.model_devi/task.032.000122 290
iter.000040/01.model_devi/task.032.000032 220
iter.000040/01.model_devi/task.032.000124 800
iter.000040/01.model_devi/task.032.000254 540
iter.000040/01.model_devi/task.032.000122 310
iter.000040/01.model_devi/task.032.000122 830
iter.000040/01.model_devi/task.032.000053 530
iter.000040/01.model_devi/task.032.000122 840
iter.000040/01.model_devi/task.032.000124 790
iter.000040/01.model_devi/task.032.000243 500
iter.000040/01.model_devi/task.032.000243 620
iter.000040/01.model_devi/task.032.000122 600
iter.000040/01.model_devi/task.032.000122 320
iter.000040/01.model_devi/task.032.000122 900
iter.000040/01.model_devi/task.032.000052 640
iter.000040/01.model_devi/task.032.000122 580
iter.000040/01.model_devi/task.032.000122 910
iter.000040/01.model_devi/task.032.000243 610
iter.000040/01.model_devi/task.032.000122 640
iter.000040/01.model_devi/task.032.000122 890
iter.000040/01.model_devi/task.032.000004 910
iter.000040/01.model_devi/task.032.000229 820
iter.000040/01.model_devi/task.032.000122 590
iter.000040/01.model_devi/task.032.000124 810
iter.000040/01.model_devi/task.032.000122 650
iter.000040/01.model_devi/task.032.000004 150
iter.000040/01.model_devi/task.032.000122 820
iter.000040/01.model_devi/task.032.000243 550
iter.000040/01.model_devi/task.032.000122 300
