iter.000040/01.model_devi/task.040.000045 320
iter.000040/01.model_devi/task.040.000123 850
iter.000040/01.model_devi/task.040.000304 630
iter.000040/01.model_devi/task.040.000385 540
iter.000040/01.model_devi/task.040.000353 870
iter.000040/01.model_devi/task.040.000309 280
iter.000040/01.model_devi/task.040.000351 650
iter.000040/01.model_devi/task.040.000129 340
iter.000040/01.model_devi/task.040.000367 720
iter.000040/01.model_devi/task.040.000129 320
iter.000040/01.model_devi/task.040.000304 590
iter.000040/01.model_devi/task.040.000129 350
iter.000040/01.model_devi/task.040.000228 170
iter.000040/01.model_devi/task.040.000318 890
iter.000040/01.model_devi/task.040.000383 550
iter.000040/01.model_devi/task.040.000385 510
iter.000040/01.model_devi/task.040.000288 200
iter.000040/01.model_devi/task.040.000383 570
iter.000040/01.model_devi/task.040.000372 640
iter.000040/01.model_devi/task.040.000304 580
iter.000040/01.model_devi/task.040.000257 960
iter.000040/01.model_devi/task.040.000176 790
iter.000040/01.model_devi/task.040.000307 610
iter.000040/01.model_devi/task.040.000304 620
iter.000040/01.model_devi/task.040.000304 570
iter.000040/01.model_devi/task.040.000190 460
iter.000040/01.model_devi/task.040.000288 190
iter.000040/01.model_devi/task.040.000368 600
iter.000040/01.model_devi/task.040.000114 320
iter.000040/01.model_devi/task.040.000112 650
iter.000040/01.model_devi/task.040.000318 960
iter.000040/01.model_devi/task.040.000129 360
iter.000040/01.model_devi/task.040.000129 370
iter.000040/01.model_devi/task.040.000129 330
iter.000040/01.model_devi/task.040.000129 310
iter.000040/01.model_devi/task.040.000123 860
iter.000040/01.model_devi/task.040.000307 620
iter.000040/01.model_devi/task.040.000123 970
iter.000040/01.model_devi/task.040.000249 920
iter.000040/01.model_devi/task.040.000039 550
iter.000040/01.model_devi/task.040.000123 880
iter.000040/01.model_devi/task.040.000232 270
iter.000040/01.model_devi/task.040.000304 600
iter.000040/01.model_devi/task.040.000190 690
iter.000040/01.model_devi/task.040.000176 760
iter.000040/01.model_devi/task.040.000288 180
iter.000040/01.model_devi/task.040.000129 380
iter.000040/01.model_devi/task.040.000372 330
iter.000040/01.model_devi/task.040.000385 500
iter.000040/01.model_devi/task.040.000054 580
iter.000040/01.model_devi/task.040.000286 690
iter.000040/01.model_devi/task.040.000054 600
iter.000040/01.model_devi/task.040.000304 610
iter.000040/01.model_devi/task.040.000064 810
iter.000040/01.model_devi/task.040.000304 560
iter.000040/01.model_devi/task.040.000187 780
iter.000040/01.model_devi/task.040.000190 890
iter.000040/01.model_devi/task.040.000368 910
iter.000040/01.model_devi/task.040.000304 550
iter.000040/01.model_devi/task.040.000123 830
iter.000040/01.model_devi/task.040.000318 970
iter.000040/01.model_devi/task.040.000176 770
iter.000040/01.model_devi/task.040.000307 920
iter.000040/01.model_devi/task.040.000384 750
iter.000040/01.model_devi/task.040.000064 520
iter.000040/01.model_devi/task.040.000262 860
iter.000040/01.model_devi/task.040.000319 580
iter.000040/01.model_devi/task.040.000363 350
iter.000040/01.model_devi/task.040.000128 680
iter.000040/01.model_devi/task.040.000369 950
iter.000040/01.model_devi/task.040.000368 900
iter.000040/01.model_devi/task.040.000318 980
iter.000040/01.model_devi/task.040.000129 300
iter.000040/01.model_devi/task.040.000385 620
iter.000040/01.model_devi/task.040.000064 600
iter.000040/01.model_devi/task.040.000123 840
iter.000040/01.model_devi/task.040.000054 570
iter.000040/01.model_devi/task.040.000176 740
iter.000040/01.model_devi/task.040.000176 750
iter.000040/01.model_devi/task.040.000318 950
iter.000040/01.model_devi/task.040.000374 310
iter.000040/01.model_devi/task.040.000054 590
iter.000040/01.model_devi/task.040.000385 520
