iter.000040/01.model_devi/task.064.000193 420
iter.000040/01.model_devi/task.064.000359 540
iter.000040/01.model_devi/task.064.000358 960
iter.000040/01.model_devi/task.064.000384 110
iter.000040/01.model_devi/task.064.000369 380
iter.000040/01.model_devi/task.064.000303 520
iter.000040/01.model_devi/task.064.000369 510
iter.000040/01.model_devi/task.064.000232 840
iter.000040/01.model_devi/task.064.000369 330
iter.000040/01.model_devi/task.064.000387 930
iter.000040/01.model_devi/task.064.000369 490
iter.000040/01.model_devi/task.064.000383 290
iter.000040/01.model_devi/task.064.000381 350
iter.000040/01.model_devi/task.064.000298 620
iter.000040/01.model_devi/task.064.000358 950
iter.000040/01.model_devi/task.064.000379 600
iter.000040/01.model_devi/task.064.000054 830
iter.000040/01.model_devi/task.064.000322 990
iter.000040/01.model_devi/task.064.000248 950
iter.000040/01.model_devi/task.064.000351 750
iter.000040/01.model_devi/task.064.000378 820
iter.000040/01.model_devi/task.064.000114 720
iter.000040/01.model_devi/task.064.000169 760
iter.000040/01.model_devi/task.064.000352 720
iter.000040/01.model_devi/task.064.000351 730
iter.000040/01.model_devi/task.064.000354 530
iter.000040/01.model_devi/task.064.000369 830
iter.000040/01.model_devi/task.064.000369 350
iter.000040/01.model_devi/task.064.000107 540
iter.000040/01.model_devi/task.064.000315 660
iter.000040/01.model_devi/task.064.000118 640
iter.000040/01.model_devi/task.064.000374 730
iter.000040/01.model_devi/task.064.000303 290
iter.000040/01.model_devi/task.064.000378 570
iter.000040/01.model_devi/task.064.000318 520
iter.000040/01.model_devi/task.064.000128 560
iter.000040/01.model_devi/task.064.000175 180
iter.000040/01.model_devi/task.064.000384 1000
iter.000040/01.model_devi/task.064.000351 760
iter.000040/01.model_devi/task.064.000114 740
iter.000040/01.model_devi/task.064.000179 310
iter.000040/01.model_devi/task.064.000179 900
iter.000040/01.model_devi/task.064.000358 990
iter.000040/01.model_devi/task.064.000369 320
iter.000040/01.model_devi/task.064.000118 630
iter.000040/01.model_devi/task.064.000362 420
iter.000040/01.model_devi/task.064.000179 270
iter.000040/01.model_devi/task.064.000351 690
iter.000040/01.model_devi/task.064.000114 730
iter.000040/01.model_devi/task.064.000138 490
iter.000040/01.model_devi/task.064.000378 560
iter.000040/01.model_devi/task.064.000352 730
iter.000040/01.model_devi/task.064.000358 970
iter.000040/01.model_devi/task.064.000358 980
iter.000040/01.model_devi/task.064.000179 290
iter.000040/01.model_devi/task.064.000378 800
iter.000040/01.model_devi/task.064.000351 720
iter.000040/01.model_devi/task.064.000369 360
iter.000040/01.model_devi/task.064.000304 780
iter.000040/01.model_devi/task.064.000002 800
iter.000040/01.model_devi/task.064.000292 370
iter.000040/01.model_devi/task.064.000054 900
iter.000040/01.model_devi/task.064.000114 710
iter.000040/01.model_devi/task.064.000121 930
iter.000040/01.model_devi/task.064.000322 740
iter.000040/01.model_devi/task.064.000298 640
iter.000040/01.model_devi/task.064.000304 810
iter.000040/01.model_devi/task.064.000234 280
iter.000040/01.model_devi/task.064.000378 910
iter.000040/01.model_devi/task.064.000227 400
iter.000040/01.model_devi/task.064.000174 850
iter.000040/01.model_devi/task.064.000052 600
iter.000040/01.model_devi/task.064.000194 780
iter.000040/01.model_devi/task.064.000303 130
iter.000040/01.model_devi/task.064.000334 360
iter.000040/01.model_devi/task.064.000359 530
iter.000040/01.model_devi/task.064.000298 630
iter.000040/01.model_devi/task.064.000248 930
iter.000040/01.model_devi/task.064.000258 850
iter.000040/01.model_devi/task.064.000118 340
iter.000040/01.model_devi/task.064.000378 480
iter.000040/01.model_devi/task.064.000378 810
iter.000040/01.model_devi/task.064.000352 710
iter.000040/01.model_devi/task.064.000323 770
iter.000040/01.model_devi/task.064.000369 840
iter.000040/01.model_devi/task.064.000234 270
iter.000040/01.model_devi/task.064.000227 390
iter.000040/01.model_devi/task.064.000304 800
iter.000040/01.model_devi/task.064.000369 850
iter.000040/01.model_devi/task.064.000351 740
iter.000040/01.model_devi/task.064.000174 840
iter.000040/01.model_devi/task.064.000308 820
iter.000040/01.model_devi/task.064.000369 370
iter.000040/01.model_devi/task.064.000378 550
iter.000040/01.model_devi/task.064.000174 830
iter.000040/01.model_devi/task.064.000304 790
iter.000040/01.model_devi/task.064.000254 670
iter.000040/01.model_devi/task.064.000374 520
iter.000040/01.model_devi/task.064.000172 500
iter.000040/01.model_devi/task.064.000347 210
iter.000040/01.model_devi/task.064.000121 940
iter.000040/01.model_devi/task.064.000369 340
iter.000040/01.model_devi/task.064.000359 460
iter.000040/01.model_devi/task.064.000258 840
iter.000040/01.model_devi/task.064.000128 700
iter.000040/01.model_devi/task.064.000313 870
iter.000040/01.model_devi/task.064.000313 660
iter.000040/01.model_devi/task.064.000174 820
