iter.000040/01.model_devi/task.024.000184 820
iter.000040/01.model_devi/task.024.000198 500
iter.000040/01.model_devi/task.024.000303 430
iter.000040/01.model_devi/task.024.000379 880
iter.000040/01.model_devi/task.024.000249 500
iter.000040/01.model_devi/task.024.000249 490
iter.000040/01.model_devi/task.024.000198 470
iter.000040/01.model_devi/task.024.000249 520
iter.000040/01.model_devi/task.024.000074 910
iter.000040/01.model_devi/task.024.000184 850
iter.000040/01.model_devi/task.024.000114 1000
iter.000040/01.model_devi/task.024.000074 640
iter.000040/01.model_devi/task.024.000249 510
iter.000040/01.model_devi/task.024.000184 860
iter.000040/01.model_devi/task.024.000184 810
iter.000040/01.model_devi/task.024.000294 320
iter.000040/01.model_devi/task.024.000303 450
iter.000040/01.model_devi/task.024.000059 210
iter.000040/01.model_devi/task.024.000374 400
iter.000040/01.model_devi/task.024.000097 880
iter.000040/01.model_devi/task.024.000184 870
iter.000040/01.model_devi/task.024.000061 800
iter.000040/01.model_devi/task.024.000358 810
iter.000040/01.model_devi/task.024.000184 830
iter.000040/01.model_devi/task.024.000059 200
iter.000040/01.model_devi/task.024.000290 120
iter.000040/01.model_devi/task.024.000364 310
iter.000040/01.model_devi/task.024.000059 220
iter.000040/01.model_devi/task.024.000127 200
iter.000040/01.model_devi/task.024.000249 480
iter.000040/01.model_devi/task.024.000184 840
iter.000040/01.model_devi/task.024.000288 260
iter.000040/01.model_devi/task.024.000193 650
iter.000040/01.model_devi/task.024.000184 1000
iter.000040/01.model_devi/task.024.000127 260
iter.000040/01.model_devi/task.024.000074 880
iter.000040/01.model_devi/task.024.000024 90
iter.000040/01.model_devi/task.024.000184 900
iter.000040/01.model_devi/task.024.000184 790
