iter.000040/01.model_devi/task.048.000374 780
iter.000040/01.model_devi/task.048.000324 820
iter.000040/01.model_devi/task.048.000374 690
iter.000040/01.model_devi/task.048.000374 790
iter.000040/01.model_devi/task.048.000374 710
iter.000040/01.model_devi/task.048.000112 940
iter.000040/01.model_devi/task.048.000378 840
iter.000040/01.model_devi/task.048.000378 810
iter.000040/01.model_devi/task.048.000324 910
iter.000040/01.model_devi/task.048.000378 800
iter.000040/01.model_devi/task.048.000378 850
iter.000040/01.model_devi/task.048.000374 830
iter.000040/01.model_devi/task.048.000324 860
iter.000040/01.model_devi/task.048.000378 880
iter.000040/01.model_devi/task.048.000374 740
iter.000040/01.model_devi/task.048.000168 450
iter.000040/01.model_devi/task.048.000324 920
iter.000040/01.model_devi/task.048.000374 630
iter.000040/01.model_devi/task.048.000179 270
iter.000040/01.model_devi/task.048.000019 980
iter.000040/01.model_devi/task.048.000064 510
iter.000040/01.model_devi/task.048.000378 820
iter.000040/01.model_devi/task.048.000040 960
iter.000040/01.model_devi/task.048.000324 960
iter.000040/01.model_devi/task.048.000184 610
iter.000040/01.model_devi/task.048.000374 650
iter.000040/01.model_devi/task.048.000324 950
iter.000040/01.model_devi/task.048.000061 400
iter.000040/01.model_devi/task.048.000374 730
iter.000040/01.model_devi/task.048.000179 260
iter.000040/01.model_devi/task.048.000002 120
iter.000040/01.model_devi/task.048.000363 360
iter.000040/01.model_devi/task.048.000374 850
iter.000040/01.model_devi/task.048.000374 640
iter.000040/01.model_devi/task.048.000378 860
iter.000040/01.model_devi/task.048.000374 700
iter.000040/01.model_devi/task.048.000029 340
iter.000040/01.model_devi/task.048.000029 350
iter.000040/01.model_devi/task.048.000374 800
iter.000040/01.model_devi/task.048.000324 810
iter.000040/01.model_devi/task.048.000374 750
iter.000040/01.model_devi/task.048.000061 390
iter.000040/01.model_devi/task.048.000112 950
iter.000040/01.model_devi/task.048.000374 860
iter.000040/01.model_devi/task.048.000188 750
iter.000040/01.model_devi/task.048.000324 870
iter.000040/01.model_devi/task.048.000064 490
iter.000040/01.model_devi/task.048.000374 770
iter.000040/01.model_devi/task.048.000374 760
iter.000040/01.model_devi/task.048.000374 820
iter.000040/01.model_devi/task.048.000378 870
iter.000040/01.model_devi/task.048.000186 830
iter.000040/01.model_devi/task.048.000363 350
iter.000040/01.model_devi/task.048.000374 840
iter.000040/01.model_devi/task.048.000374 810
iter.000040/01.model_devi/task.048.000179 250
iter.000040/01.model_devi/task.048.000223 930
iter.000040/01.model_devi/task.048.000374 670
iter.000040/01.model_devi/task.048.000053 460
iter.000040/01.model_devi/task.048.000324 1000
iter.000040/01.model_devi/task.048.000324 900
iter.000040/01.model_devi/task.048.000128 830
iter.000040/01.model_devi/task.048.000374 720
iter.000040/01.model_devi/task.048.000344 570
iter.000040/01.model_devi/task.048.000048 30
iter.000040/01.model_devi/task.048.000374 660
iter.000040/01.model_devi/task.048.000324 970
iter.000040/01.model_devi/task.048.000378 830
iter.000040/01.model_devi/task.048.000374 680
