iter.000027/01.model_devi/task.011.000271 560
iter.000027/01.model_devi/task.011.000395 2930
iter.000027/01.model_devi/task.011.000368 1380
iter.000027/01.model_devi/task.011.000031 710
iter.000027/01.model_devi/task.011.000275 1390
iter.000027/01.model_devi/task.011.000079 560
iter.000027/01.model_devi/task.011.000111 1780
iter.000027/01.model_devi/task.011.000116 1890
iter.000027/01.model_devi/task.011.000221 2390
iter.000027/01.model_devi/task.011.000086 2850
iter.000027/01.model_devi/task.011.000042 2340
iter.000027/01.model_devi/task.011.000272 2400
iter.000027/01.model_devi/task.011.000225 2470
iter.000027/01.model_devi/task.011.000394 1810
iter.000027/01.model_devi/task.011.000292 1740
iter.000027/01.model_devi/task.011.000159 400
iter.000027/01.model_devi/task.011.000224 580
iter.000027/01.model_devi/task.011.000313 1060
iter.000027/01.model_devi/task.011.000389 590
iter.000027/01.model_devi/task.011.000265 310
iter.000027/01.model_devi/task.011.000049 660
iter.000027/01.model_devi/task.011.000344 1950
iter.000027/01.model_devi/task.011.000237 830
iter.000027/01.model_devi/task.011.000026 2550
iter.000027/01.model_devi/task.011.000317 1040
iter.000027/01.model_devi/task.011.000267 2790
iter.000027/01.model_devi/task.011.000028 780
iter.000027/01.model_devi/task.011.000113 1860
iter.000027/01.model_devi/task.011.000125 2940
iter.000027/01.model_devi/task.011.000146 250
iter.000027/01.model_devi/task.011.000112 2180
iter.000027/01.model_devi/task.011.000234 1000
iter.000027/01.model_devi/task.011.000300 430
iter.000027/01.model_devi/task.011.000112 2140
iter.000027/01.model_devi/task.011.000189 2000
iter.000027/01.model_devi/task.011.000144 180
iter.000027/01.model_devi/task.011.000117 1390
iter.000027/01.model_devi/task.011.000094 580
iter.000027/01.model_devi/task.011.000136 1360
iter.000027/01.model_devi/task.011.000052 1400
iter.000027/01.model_devi/task.011.000144 1490
iter.000027/01.model_devi/task.011.000329 2320
iter.000027/01.model_devi/task.011.000159 390
iter.000027/01.model_devi/task.011.000316 1190
iter.000027/01.model_devi/task.011.000060 2880
iter.000027/01.model_devi/task.011.000029 300
iter.000027/01.model_devi/task.011.000260 1550
iter.000027/01.model_devi/task.011.000313 1030
iter.000027/01.model_devi/task.011.000091 1030
iter.000027/01.model_devi/task.011.000038 900
iter.000027/01.model_devi/task.011.000318 2090
iter.000027/01.model_devi/task.011.000071 840
iter.000027/01.model_devi/task.011.000152 740
iter.000027/01.model_devi/task.011.000309 2030
iter.000027/01.model_devi/task.011.000021 1550
iter.000027/01.model_devi/task.011.000273 810
iter.000027/01.model_devi/task.011.000180 1320
iter.000027/01.model_devi/task.011.000032 2430
iter.000027/01.model_devi/task.011.000036 1390
iter.000027/01.model_devi/task.011.000382 900
iter.000027/01.model_devi/task.011.000073 600
iter.000027/01.model_devi/task.011.000028 2840
iter.000027/01.model_devi/task.011.000199 950
