iter.000027/01.model_devi/task.003.000216 2900
iter.000027/01.model_devi/task.003.000222 2140
iter.000027/01.model_devi/task.003.000385 1910
iter.000027/01.model_devi/task.003.000037 1330
iter.000027/01.model_devi/task.003.000162 2240
iter.000027/01.model_devi/task.003.000141 980
iter.000027/01.model_devi/task.003.000359 250
iter.000027/01.model_devi/task.003.000275 2360
iter.000027/01.model_devi/task.003.000232 1740
iter.000027/01.model_devi/task.003.000376 1690
iter.000027/01.model_devi/task.003.000190 1840
iter.000027/01.model_devi/task.003.000226 1410
iter.000027/01.model_devi/task.003.000390 2780
iter.000027/01.model_devi/task.003.000115 710
iter.000027/01.model_devi/task.003.000183 2160
iter.000027/01.model_devi/task.003.000057 930
iter.000027/01.model_devi/task.003.000274 2940
iter.000027/01.model_devi/task.003.000073 2190
iter.000027/01.model_devi/task.003.000307 800
iter.000027/01.model_devi/task.003.000290 270
iter.000027/01.model_devi/task.003.000117 1040
iter.000027/01.model_devi/task.003.000114 610
iter.000027/01.model_devi/task.003.000356 2810
iter.000027/01.model_devi/task.003.000054 1520
iter.000027/01.model_devi/task.003.000160 2060
iter.000027/01.model_devi/task.003.000272 2860
iter.000027/01.model_devi/task.003.000231 850
iter.000027/01.model_devi/task.003.000257 2060
iter.000027/01.model_devi/task.003.000077 2820
iter.000027/01.model_devi/task.003.000054 1830
iter.000027/01.model_devi/task.003.000375 2470
iter.000027/01.model_devi/task.003.000127 2660
iter.000027/01.model_devi/task.003.000074 1860
iter.000027/01.model_devi/task.003.000235 1360
iter.000027/01.model_devi/task.003.000356 2180
iter.000027/01.model_devi/task.003.000359 2820
iter.000027/01.model_devi/task.003.000255 480
iter.000027/01.model_devi/task.003.000028 2530
iter.000027/01.model_devi/task.003.000308 700
iter.000027/01.model_devi/task.003.000272 2000
iter.000027/01.model_devi/task.003.000239 830
iter.000027/01.model_devi/task.003.000189 2450
iter.000027/01.model_devi/task.003.000308 2300
iter.000027/01.model_devi/task.003.000154 1500
iter.000027/01.model_devi/task.003.000262 2890
iter.000027/01.model_devi/task.003.000117 1830
iter.000027/01.model_devi/task.003.000313 1180
iter.000027/01.model_devi/task.003.000115 380
iter.000027/01.model_devi/task.003.000031 380
iter.000027/01.model_devi/task.003.000039 1700
iter.000027/01.model_devi/task.003.000026 380
iter.000027/01.model_devi/task.003.000341 1390
iter.000027/01.model_devi/task.003.000149 1210
iter.000027/01.model_devi/task.003.000156 980
iter.000027/01.model_devi/task.003.000199 490
iter.000027/01.model_devi/task.003.000031 440
iter.000027/01.model_devi/task.003.000144 900
iter.000027/01.model_devi/task.003.000376 2300
iter.000027/01.model_devi/task.003.000290 2940
iter.000027/01.model_devi/task.003.000136 1620
iter.000027/01.model_devi/task.003.000216 1400
iter.000027/01.model_devi/task.003.000217 950
iter.000027/01.model_devi/task.003.000273 620
iter.000027/01.model_devi/task.003.000258 1650
iter.000027/01.model_devi/task.003.000337 990
iter.000027/01.model_devi/task.003.000273 350
iter.000027/01.model_devi/task.003.000218 2860
iter.000027/01.model_devi/task.003.000229 1440
iter.000027/01.model_devi/task.003.000265 2410
iter.000027/01.model_devi/task.003.000171 1750
iter.000027/01.model_devi/task.003.000184 1880
iter.000027/01.model_devi/task.003.000268 1680
iter.000027/01.model_devi/task.003.000036 1630
iter.000027/01.model_devi/task.003.000055 1680
iter.000027/01.model_devi/task.003.000046 1970
iter.000027/01.model_devi/task.003.000146 2490
iter.000027/01.model_devi/task.003.000274 930
iter.000027/01.model_devi/task.003.000399 940
iter.000027/01.model_devi/task.003.000338 2410
iter.000027/01.model_devi/task.003.000230 2920
iter.000027/01.model_devi/task.003.000337 1270
iter.000027/01.model_devi/task.003.000262 2280
iter.000027/01.model_devi/task.003.000357 2300
iter.000027/01.model_devi/task.003.000076 2660
iter.000027/01.model_devi/task.003.000319 1770
iter.000027/01.model_devi/task.003.000107 410
iter.000027/01.model_devi/task.003.000304 10
iter.000027/01.model_devi/task.003.000215 1690
iter.000027/01.model_devi/task.003.000343 2000
iter.000027/01.model_devi/task.003.000302 2080
iter.000027/01.model_devi/task.003.000072 2440
iter.000027/01.model_devi/task.003.000037 320
iter.000027/01.model_devi/task.003.000152 2440
iter.000027/01.model_devi/task.003.000073 2620
iter.000027/01.model_devi/task.003.000057 2930
iter.000027/01.model_devi/task.003.000116 1580
iter.000027/01.model_devi/task.003.000275 1030
iter.000027/01.model_devi/task.003.000347 2910
iter.000027/01.model_devi/task.003.000058 890
iter.000027/01.model_devi/task.003.000197 2340
iter.000027/01.model_devi/task.003.000117 760
iter.000027/01.model_devi/task.003.000193 2480
iter.000027/01.model_devi/task.003.000392 2100
iter.000027/01.model_devi/task.003.000279 1760
iter.000027/01.model_devi/task.003.000156 1190
iter.000027/01.model_devi/task.003.000301 2420
iter.000027/01.model_devi/task.003.000017 1890
iter.000027/01.model_devi/task.003.000396 2740
iter.000027/01.model_devi/task.003.000238 2220
iter.000027/01.model_devi/task.003.000076 2580
iter.000027/01.model_devi/task.003.000175 1390
iter.000027/01.model_devi/task.003.000391 2580
iter.000027/01.model_devi/task.003.000153 2260
iter.000027/01.model_devi/task.003.000095 1510
iter.000027/01.model_devi/task.003.000162 790
iter.000027/01.model_devi/task.003.000356 1710
iter.000027/01.model_devi/task.003.000179 1780
iter.000027/01.model_devi/task.003.000111 2950
iter.000027/01.model_devi/task.003.000168 2930
iter.000027/01.model_devi/task.003.000392 1240
iter.000027/01.model_devi/task.003.000221 1600
iter.000027/01.model_devi/task.003.000039 980
iter.000027/01.model_devi/task.003.000160 1120
iter.000027/01.model_devi/task.003.000104 1830
iter.000027/01.model_devi/task.003.000389 830
iter.000027/01.model_devi/task.003.000268 1050
iter.000027/01.model_devi/task.003.000029 2010
iter.000027/01.model_devi/task.003.000111 1320
iter.000027/01.model_devi/task.003.000295 1100
iter.000027/01.model_devi/task.003.000210 2480
iter.000027/01.model_devi/task.003.000242 1030
iter.000027/01.model_devi/task.003.000366 1450
iter.000027/01.model_devi/task.003.000359 970
iter.000027/01.model_devi/task.003.000074 2780
iter.000027/01.model_devi/task.003.000146 2600
iter.000027/01.model_devi/task.003.000217 990
iter.000027/01.model_devi/task.003.000055 2350
iter.000027/01.model_devi/task.003.000231 480
iter.000027/01.model_devi/task.003.000231 1950
iter.000027/01.model_devi/task.003.000189 2280
iter.000027/01.model_devi/task.003.000220 2220
iter.000027/01.model_devi/task.003.000350 1750
iter.000027/01.model_devi/task.003.000067 610
iter.000027/01.model_devi/task.003.000239 2890
iter.000027/01.model_devi/task.003.000306 2470
iter.000027/01.model_devi/task.003.000237 820
iter.000027/01.model_devi/task.003.000195 740
iter.000027/01.model_devi/task.003.000036 450
iter.000027/01.model_devi/task.003.000239 2520
iter.000027/01.model_devi/task.003.000315 2730
iter.000027/01.model_devi/task.003.000304 1720
iter.000027/01.model_devi/task.003.000054 1850
iter.000027/01.model_devi/task.003.000232 1760
iter.000027/01.model_devi/task.003.000305 280
iter.000027/01.model_devi/task.003.000186 390
iter.000027/01.model_devi/task.003.000033 460
iter.000027/01.model_devi/task.003.000034 2330
