iter.000027/01.model_devi/task.019.000033 1180
iter.000027/01.model_devi/task.019.000159 160
iter.000027/01.model_devi/task.019.000159 2860
iter.000027/01.model_devi/task.019.000237 1450
iter.000027/01.model_devi/task.019.000108 2700
iter.000027/01.model_devi/task.019.000106 2890
iter.000027/01.model_devi/task.019.000133 520
iter.000027/01.model_devi/task.019.000104 830
iter.000027/01.model_devi/task.019.000356 1120
iter.000027/01.model_devi/task.019.000191 440
iter.000027/01.model_devi/task.019.000080 2600
iter.000027/01.model_devi/task.019.000237 1460
iter.000027/01.model_devi/task.019.000025 2030
iter.000027/01.model_devi/task.019.000102 1040
iter.000027/01.model_devi/task.019.000119 890
iter.000027/01.model_devi/task.019.000185 1050
iter.000027/01.model_devi/task.019.000345 2040
iter.000027/01.model_devi/task.019.000153 2110
iter.000027/01.model_devi/task.019.000279 150
iter.000027/01.model_devi/task.019.000225 1240
iter.000027/01.model_devi/task.019.000155 2410
iter.000027/01.model_devi/task.019.000235 1490
iter.000027/01.model_devi/task.019.000156 2420
iter.000027/01.model_devi/task.019.000154 2740
iter.000027/01.model_devi/task.019.000310 940
iter.000027/01.model_devi/task.019.000112 2360
iter.000027/01.model_devi/task.019.000152 2710
iter.000027/01.model_devi/task.019.000357 490
iter.000027/01.model_devi/task.019.000296 960
iter.000027/01.model_devi/task.019.000278 1860
iter.000027/01.model_devi/task.019.000213 2200
iter.000027/01.model_devi/task.019.000113 1610
iter.000027/01.model_devi/task.019.000236 2060
iter.000027/01.model_devi/task.019.000130 350
iter.000027/01.model_devi/task.019.000143 1620
iter.000027/01.model_devi/task.019.000278 1260
iter.000027/01.model_devi/task.019.000309 2730
iter.000027/01.model_devi/task.019.000020 2190
iter.000027/01.model_devi/task.019.000338 1380
iter.000027/01.model_devi/task.019.000279 410
iter.000027/01.model_devi/task.019.000078 2990
iter.000027/01.model_devi/task.019.000117 2230
iter.000027/01.model_devi/task.019.000050 1620
iter.000027/01.model_devi/task.019.000238 370
iter.000027/01.model_devi/task.019.000143 1030
iter.000027/01.model_devi/task.019.000198 2480
iter.000027/01.model_devi/task.019.000100 1360
iter.000027/01.model_devi/task.019.000298 470
iter.000027/01.model_devi/task.019.000072 1370
iter.000027/01.model_devi/task.019.000009 770
iter.000027/01.model_devi/task.019.000219 2040
iter.000027/01.model_devi/task.019.000313 1040
iter.000027/01.model_devi/task.019.000186 2360
iter.000027/01.model_devi/task.019.000313 2050
iter.000027/01.model_devi/task.019.000346 2520
iter.000027/01.model_devi/task.019.000159 1680
iter.000027/01.model_devi/task.019.000217 2600
iter.000027/01.model_devi/task.019.000264 1080
iter.000027/01.model_devi/task.019.000148 2550
iter.000027/01.model_devi/task.019.000139 1490
iter.000027/01.model_devi/task.019.000276 2750
iter.000027/01.model_devi/task.019.000079 660
iter.000027/01.model_devi/task.019.000390 1570
iter.000027/01.model_devi/task.019.000273 870
iter.000027/01.model_devi/task.019.000394 2800
iter.000027/01.model_devi/task.019.000339 2540
iter.000027/01.model_devi/task.019.000015 2600
